TN:
SF:/Users/macuser/Developer/mpdx_web/src/tests.webpack.js
FN:17,_interopRequireDefault
FN:29,(anonymous_2)
FN:30,(anonymous_3)
FN:32,(anonymous_4)
FNF:4
FNH:4
FNDA:1,_interopRequireDefault
FNDA:1,(anonymous_2)
FNDA:41,(anonymous_3)
FNDA:4,(anonymous_4)
DA:0,1
DA:4,1
DA:5,1
DA:6,1
DA:7,1
DA:8,1
DA:11,1
DA:12,1
DA:16,41
DA:19,1
DA:20,1
LF:11
LH:11
BRDA:17,1,0,0
BRDA:17,1,1,1
BRDA:17,2,0,1
BRDA:17,2,1,1
BRDA:30,3,0,1
BRDA:30,3,1,1
BRDA:36,4,0,1
BRDA:36,4,1,1
BRDA:36,5,0,1
BRDA:36,5,1,1
BRF:10
BRH:10
end_of_record
TN:
SF:/Users/macuser/Developer/mpdx_web/src/common/api/api.service.js
FN:7,(anonymous_1)
FN:7,defineProperties
FN:7,(anonymous_3)
FN:57,_interopRequireDefault
FN:59,_classCallCheck
FN:61,appendTransform
FN:70,deserialize
FN:73,(anonymous_8)
FN:82,serialize
FN:97,(anonymous_10)
FN:100,Api
FN:116,call
FN:188,transformRequest
FN:208,(anonymous_14)
FN:219,(anonymous_15)
FN:225,(anonymous_16)
FN:238,(anonymous_17)
FN:243,(anonymous_18)
FN:252,get
FN:262,post
FN:272,put
FN:282,_delete
FN:292,handleParamsAsOther
FN:303,encodeURLarray
FN:308,cleanFilters
FN:309,(anonymous_26)
FN:331,EntityAttributes
FN:397,typeForAttribute
FN:425,typeForAttribute
FN:438,typeForAttribute
FN:489,typeForAttribute
FNF:31
FNH:25
FNDA:1,(anonymous_1)
FNDA:1,defineProperties
FNDA:1,(anonymous_3)
FNDA:12,_interopRequireDefault
FNDA:130,_classCallCheck
FNDA:31,appendTransform
FNDA:6,deserialize
FNDA:5,(anonymous_8)
FNDA:6,serialize
FNDA:1,(anonymous_10)
FNDA:65,Api
FNDA:32,call
FNDA:6,transformRequest
FNDA:0,(anonymous_14)
FNDA:6,(anonymous_15)
FNDA:0,(anonymous_16)
FNDA:5,(anonymous_17)
FNDA:1,(anonymous_18)
FNDA:29,get
FNDA:1,post
FNDA:0,put
FNDA:0,_delete
FNDA:30,handleParamsAsOther
FNDA:1,encodeURLarray
FNDA:0,cleanFilters
FNDA:0,(anonymous_26)
FNDA:65,EntityAttributes
FNDA:1,typeForAttribute
FNDA:0,typeForAttribute
FNDA:0,typeForAttribute
FNDA:0,typeForAttribute
DA:0,130
DA:1,1
DA:2,1
DA:3,1
DA:4,1
DA:5,1
DA:6,1
DA:7,1
DA:8,1
DA:9,1
DA:10,1
DA:11,1
DA:12,1
DA:14,1
DA:16,31
DA:19,31
DA:22,1
DA:23,1
DA:24,6
DA:25,6
DA:26,5
DA:27,5
DA:28,5
DA:31,1
DA:35,1
DA:36,6
DA:37,6
DA:38,1
DA:41,6
DA:42,0
DA:43,0
DA:45,0
DA:47,6
DA:51,1
DA:53,65
DA:54,65
DA:55,65
DA:56,65
DA:57,65
DA:59,65
DA:60,65
DA:61,65
DA:62,65
DA:79,32
DA:80,32
DA:81,32
DA:83,32
DA:84,2
DA:85,2
DA:86,1
DA:90,31
DA:91,0
DA:92,0
DA:93,0
DA:94,0
DA:95,0
DA:96,0
DA:98,0
DA:100,0
DA:103,31
DA:104,30
DA:108,31
DA:109,31
DA:111,31
DA:112,31
DA:115,31
DA:124,6
DA:125,6
DA:126,1
DA:127,1
DA:128,1
DA:129,0
DA:131,1
DA:134,1
DA:135,1
DA:137,0
DA:140,6
DA:141,6
DA:142,0
DA:143,0
DA:146,6
DA:149,0
DA:153,6
DA:154,0
DA:156,6
DA:157,6
DA:158,0
DA:160,6
DA:163,0
DA:169,31
DA:170,5
DA:171,1
DA:173,5
DA:175,1
DA:176,1
DA:179,31
DA:181,29
DA:182,29
DA:183,29
DA:185,1
DA:186,1
DA:187,1
DA:189,0
DA:190,0
DA:191,0
DA:193,0
DA:194,0
DA:195,0
DA:198,30
DA:199,26
DA:201,4
DA:202,4
DA:204,4
DA:207,1
DA:210,0
DA:211,0
DA:212,0
DA:213,0
DA:214,0
DA:217,0
DA:218,0
DA:221,0
DA:228,65
DA:229,65
DA:303,1
DA:306,0
DA:308,0
DA:310,0
DA:312,1
DA:331,0
DA:333,0
DA:335,0
DA:337,0
DA:344,0
DA:345,0
DA:347,0
DA:398,0
DA:399,0
DA:401,0
LF:139
LH:93
BRDA:7,1,0,8
BRDA:7,1,1,8
BRDA:7,2,0,8
BRDA:7,2,1,0
BRDA:7,3,0,1
BRDA:7,3,1,0
BRDA:7,4,0,0
BRDA:7,4,1,1
BRDA:57,5,0,3
BRDA:57,5,1,9
BRDA:57,6,0,12
BRDA:57,6,1,12
BRDA:59,7,0,0
BRDA:59,7,1,130
BRDA:63,8,0,31
BRDA:63,8,1,0
BRDA:72,9,0,5
BRDA:72,9,1,1
BRDA:72,10,0,6
BRDA:72,10,1,6
BRDA:74,11,0,5
BRDA:74,11,1,5
BRDA:84,12,0,1
BRDA:84,12,1,5
BRDA:84,13,0,6
BRDA:84,13,1,1
BRDA:88,14,0,0
BRDA:88,14,1,6
BRDA:89,15,0,0
BRDA:89,15,1,0
BRDA:122,16,0,3
BRDA:122,16,1,29
BRDA:125,17,0,32
BRDA:125,17,1,0
BRDA:127,18,0,32
BRDA:127,18,1,0
BRDA:129,19,0,32
BRDA:129,19,1,0
BRDA:131,20,0,32
BRDA:131,20,1,0
BRDA:133,21,0,32
BRDA:133,21,1,0
BRDA:135,22,0,32
BRDA:135,22,1,0
BRDA:137,23,0,32
BRDA:137,23,1,0
BRDA:139,24,0,32
BRDA:139,24,1,0
BRDA:141,25,0,32
BRDA:141,25,1,0
BRDA:143,26,0,32
BRDA:143,26,1,0
BRDA:145,27,0,32
BRDA:145,27,1,0
BRDA:148,28,0,2
BRDA:148,28,1,30
BRDA:150,29,0,1
BRDA:150,29,1,1
BRDA:155,30,0,0
BRDA:155,30,1,31
BRDA:159,31,0,0
BRDA:159,31,1,0
BRDA:168,32,0,30
BRDA:168,32,1,1
BRDA:168,33,0,31
BRDA:168,33,1,1
BRDA:173,34,0,31
BRDA:173,34,1,0
BRDA:176,35,0,31
BRDA:176,35,1,0
BRDA:190,36,0,1
BRDA:190,36,1,5
BRDA:190,37,0,6
BRDA:190,37,1,6
BRDA:190,37,2,1
BRDA:190,37,3,5
BRDA:191,38,0,1
BRDA:191,38,1,0
BRDA:193,39,0,0
BRDA:193,39,1,1
BRDA:193,40,0,1
BRDA:193,40,1,1
BRDA:193,40,2,0
BRDA:199,41,0,1
BRDA:199,41,1,0
BRDA:205,42,0,6
BRDA:205,42,1,0
BRDA:206,43,0,0
BRDA:206,43,1,6
BRDA:220,44,0,0
BRDA:220,44,1,6
BRDA:223,45,0,6
BRDA:223,45,1,0
BRDA:224,46,0,0
BRDA:224,46,1,6
BRDA:239,47,0,1
BRDA:239,47,1,4
BRDA:293,48,0,26
BRDA:293,48,1,4
BRDA:293,49,0,30
BRDA:293,49,1,30
BRDA:296,50,0,4
BRDA:296,50,1,0
BRDA:297,51,0,4
BRDA:297,51,1,4
BRDA:310,52,0,0
BRDA:310,52,1,0
BRDA:312,53,0,0
BRDA:312,53,1,0
BRDA:316,54,0,0
BRDA:316,54,1,0
BRDA:316,55,0,0
BRDA:316,55,1,0
BRDA:398,56,0,0
BRDA:398,56,1,0
BRDA:398,56,2,0
BRDA:398,56,3,0
BRDA:398,56,4,1
BRDA:426,57,0,0
BRDA:426,57,1,0
BRDA:426,57,2,0
BRDA:439,58,0,0
BRDA:439,58,1,0
BRDA:490,59,0,0
BRDA:490,59,1,0
BRF:125
BRH:76
end_of_record
TN:
SF:/Users/macuser/Developer/mpdx_web/config/test.js
FNF:0
FNH:0
DA:0,1
LF:1
LH:1
BRF:0
BRH:0
end_of_record
TN:
SF:/Users/macuser/Developer/mpdx_web/src/common/fp/joinComma.js
FN:19,_interopRequireDefault
FN:21,(anonymous_2)
FNF:2
FNH:2
FNDA:3,_interopRequireDefault
FNDA:41,(anonymous_2)
DA:0,3
DA:1,1
DA:2,1
DA:3,1
DA:6,41
DA:7,36
DA:9,5
LF:7
LH:7
BRDA:19,1,0,0
BRDA:19,1,1,3
BRDA:19,2,0,3
BRDA:19,2,1,3
BRDA:22,3,0,36
BRDA:22,3,1,5
BRF:6
BRH:6
end_of_record
TN:
SF:/Users/macuser/Developer/mpdx_web/src/common/fp/reduceObject.js
FN:11,_interopRequireDefault
FN:15,(anonymous_2)
FNF:2
FNH:2
FNDA:1,_interopRequireDefault
FNDA:6,(anonymous_2)
DA:0,1
DA:1,1
DA:2,1
DA:4,6
LF:4
LH:4
BRDA:11,1,0,0
BRDA:11,1,1,1
BRDA:11,2,0,1
BRDA:11,2,1,1
BRF:4
BRH:4
end_of_record
TN:
SF:/Users/macuser/Developer/mpdx_web/src/common/fp/createPatch.js
FN:19,_interopRequireDefault
FN:21,(anonymous_2)
FN:22,(anonymous_3)
FNF:3
FNH:3
FNDA:3,_interopRequireDefault
FNDA:1,(anonymous_2)
FNDA:3,(anonymous_3)
DA:0,3
DA:1,1
DA:2,1
DA:3,1
DA:6,1
DA:7,3
DA:8,1
DA:10,3
DA:11,1
DA:13,3
LF:10
LH:10
BRDA:19,1,0,1
BRDA:19,1,1,2
BRDA:19,2,0,3
BRDA:19,2,1,3
BRDA:23,3,0,1
BRDA:23,3,1,2
BRDA:26,4,0,1
BRDA:26,4,1,2
BRF:8
BRH:8
end_of_record
TN:
SF:/Users/macuser/Developer/mpdx_web/src/common/fp/emptyToNull.js
FN:15,_interopRequireDefault
FN:17,(anonymous_2)
FNF:2
FNH:2
FNDA:2,_interopRequireDefault
FNDA:20,(anonymous_2)
DA:0,2
DA:1,1
DA:2,1
DA:4,20
LF:4
LH:4
BRDA:15,1,0,0
BRDA:15,1,1,2
BRDA:15,2,0,2
BRDA:15,2,1,2
BRDA:18,3,0,14
BRDA:18,3,1,6
BRF:6
BRH:6
end_of_record
TN:
SF:/Users/macuser/Developer/mpdx_web/src/common/fp/escapeComma.js
FN:11,_interopRequireDefault
FNF:1
FNH:1
FNDA:1,_interopRequireDefault
DA:0,1
DA:1,1
LF:2
LH:2
BRDA:11,1,0,1
BRDA:11,1,1,0
BRDA:11,2,0,1
BRDA:11,2,1,1
BRF:4
BRH:4
end_of_record
TN:
SF:/Users/macuser/Developer/mpdx_web/src/common/fp/replaceAll.js
FN:19,_interopRequireDefault
FN:21,(anonymous_2)
FNF:2
FNH:2
FNDA:3,_interopRequireDefault
FNDA:3,(anonymous_2)
DA:0,3
DA:1,1
DA:2,1
DA:3,1
DA:5,3
LF:5
LH:5
BRDA:19,1,0,0
BRDA:19,1,1,3
BRDA:19,2,0,3
BRDA:19,2,1,3
BRF:4
BRH:4
end_of_record
TN:
SF:/Users/macuser/Developer/mpdx_web/src/common/fp/mapByName.js
FN:11,_interopRequireDefault
FN:13,(anonymous_2)
FNF:2
FNH:2
FNDA:1,_interopRequireDefault
FNDA:2,(anonymous_2)
DA:0,1
DA:1,1
DA:3,2
LF:3
LH:3
BRDA:11,1,0,0
BRDA:11,1,1,1
BRDA:11,2,0,1
BRDA:11,2,1,1
BRF:4
BRH:4
end_of_record
TN:
SF:/Users/macuser/Developer/mpdx_web/src/common/fp/replaceUnderscore.js
FN:11,_interopRequireDefault
FNF:1
FNH:1
FNDA:1,_interopRequireDefault
DA:0,1
DA:1,1
LF:2
LH:2
BRDA:11,1,0,1
BRDA:11,1,1,0
BRDA:11,2,0,1
BRDA:11,2,1,1
BRF:4
BRH:4
end_of_record
TN:
SF:/Users/macuser/Developer/mpdx_web/src/common/fp/upsert.js
FN:15,_interopRequireDefault
FN:17,(anonymous_2)
FNF:2
FNH:2
FNDA:2,_interopRequireDefault
FNDA:2,(anonymous_2)
DA:0,2
DA:1,1
DA:2,1
DA:4,2
LF:4
LH:4
BRDA:15,1,0,0
BRDA:15,1,1,2
BRDA:15,2,0,2
BRDA:15,2,1,2
BRF:4
BRH:4
end_of_record
TN:
SF:/Users/macuser/Developer/mpdx_web/src/contacts/contacts.service.js
FN:7,(anonymous_1)
FN:7,defineProperties
FN:7,(anonymous_3)
FN:129,_interopRequireDefault
FN:131,_classCallCheck
FN:133,(anonymous_6)
FN:136,ContactsService
FN:163,(anonymous_8)
FN:167,(anonymous_9)
FN:171,(anonymous_10)
FN:178,reset
FN:183,get
FN:190,(anonymous_13)
FN:197,getReferrals
FN:208,(anonymous_15)
FN:216,getName
FN:228,getNames
FN:243,getCompleteFilteredList
FN:265,(anonymous_19)
FN:274,getFilteredList
FN:296,(anonymous_21)
FN:305,search
FN:323,buildFilterParams
FN:337,load
FN:376,(anonymous_25)
FN:405,getTotalCount
FN:414,(anonymous_27)
FN:420,updateContactOrList
FN:428,save
FN:434,(anonymous_30)
FN:441,create
FN:445,(anonymous_32)
FN:452,addBulk
FN:455,(anonymous_34)
FN:461,addReferrals
FN:467,(anonymous_36)
FN:473,loadMoreContacts
FN:482,findChangedFilters
FN:485,(anonymous_39)
FN:501,resetFilters
FN:506,getSelectedContacts
FN:509,(anonymous_42)
FN:518,isSelected
FN:523,selectContact
FN:532,getTagsFromSelectedContacts
FN:537,(anonymous_46)
FN:543,clearSelectedContacts
FN:548,selectAllContacts
FN:554,(anonymous_49)
FN:564,getContactPosition
FN:569,canGoLeft
FN:574,canGoRight
FN:579,getLeftId
FN:587,getRightId
FN:595,hideContact
FN:599,(anonymous_56)
FN:603,(anonymous_57)
FN:611,bulkHideContacts
FN:615,(anonymous_59)
FN:616,(anonymous_60)
FN:622,(anonymous_61)
FN:630,bulkSave
FN:635,bulkEditFields
FN:636,(anonymous_64)
FN:643,getAnalytics
FN:664,beforeDeserializationTransform
FN:666,(anonymous_67)
FN:668,(anonymous_68)
FN:688,(anonymous_69)
FN:696,merge
FN:697,(anonymous_71)
FN:706,bulkMerge
FN:707,(anonymous_73)
FN:716,openAddressModal
FN:726,onHide
FN:734,saveAddress
FN:739,addAddress
FN:744,deleteAddress
FN:748,(anonymous_79)
FN:754,openAddReferralsModal
FN:765,openNewContactModal
FN:773,openMapContactsModal
FN:784,openMultipleAddModal
FNF:83
FNH:55
FNDA:1,(anonymous_1)
FNDA:1,defineProperties
FNDA:1,(anonymous_3)
FNDA:30,_interopRequireDefault
FNDA:48,_classCallCheck
FNDA:1,(anonymous_6)
FNDA:48,ContactsService
FNDA:2,(anonymous_8)
FNDA:1,(anonymous_9)
FNDA:0,(anonymous_10)
FNDA:6,reset
FNDA:0,get
FNDA:0,(anonymous_13)
FNDA:0,getReferrals
FNDA:0,(anonymous_15)
FNDA:0,getName
FNDA:25,getNames
FNDA:0,getCompleteFilteredList
FNDA:0,(anonymous_19)
FNDA:0,getFilteredList
FNDA:0,(anonymous_21)
FNDA:0,search
FNDA:4,buildFilterParams
FNDA:0,load
FNDA:0,(anonymous_25)
FNDA:0,getTotalCount
FNDA:0,(anonymous_27)
FNDA:0,updateContactOrList
FNDA:0,save
FNDA:0,(anonymous_30)
FNDA:0,create
FNDA:0,(anonymous_32)
FNDA:0,addBulk
FNDA:0,(anonymous_34)
FNDA:0,addReferrals
FNDA:0,(anonymous_36)
FNDA:0,loadMoreContacts
FNDA:4,findChangedFilters
FNDA:4,(anonymous_39)
FNDA:0,resetFilters
FNDA:0,getSelectedContacts
FNDA:0,(anonymous_42)
FNDA:0,isSelected
FNDA:0,selectContact
FNDA:0,getTagsFromSelectedContacts
FNDA:0,(anonymous_46)
FNDA:0,clearSelectedContacts
FNDA:0,selectAllContacts
FNDA:0,(anonymous_49)
FNDA:0,getContactPosition
FNDA:0,canGoLeft
FNDA:0,canGoRight
FNDA:0,getLeftId
FNDA:0,getRightId
FNDA:0,hideContact
FNDA:0,(anonymous_56)
FNDA:0,(anonymous_57)
FNDA:0,bulkHideContacts
FNDA:0,(anonymous_59)
FNDA:0,(anonymous_60)
FNDA:0,(anonymous_61)
FNDA:0,bulkSave
FNDA:0,bulkEditFields
FNDA:0,(anonymous_64)
FNDA:0,getAnalytics
FNDA:0,beforeDeserializationTransform
FNDA:0,(anonymous_67)
FNDA:0,(anonymous_68)
FNDA:0,(anonymous_69)
FNDA:0,merge
FNDA:0,(anonymous_71)
FNDA:0,bulkMerge
FNDA:0,(anonymous_73)
FNDA:0,openAddressModal
FNDA:0,onHide
FNDA:0,saveAddress
FNDA:0,addAddress
FNDA:0,deleteAddress
FNDA:0,(anonymous_79)
FNDA:0,openAddReferralsModal
FNDA:0,openNewContactModal
FNDA:0,openMapContactsModal
FNDA:0,openMultipleAddModal
DA:0,48
DA:1,1
DA:2,1
DA:3,1
DA:4,1
DA:5,1
DA:6,1
DA:7,1
DA:8,1
DA:9,1
DA:10,1
DA:11,1
DA:12,1
DA:13,1
DA:14,1
DA:15,1
DA:16,1
DA:17,1
DA:18,1
DA:19,1
DA:20,1
DA:21,1
DA:22,1
DA:23,1
DA:24,1
DA:34,1
DA:37,48
DA:38,48
DA:39,48
DA:40,48
DA:41,48
DA:42,48
DA:43,48
DA:44,48
DA:45,48
DA:46,48
DA:48,48
DA:49,48
DA:50,48
DA:51,48
DA:52,48
DA:53,48
DA:54,48
DA:56,48
DA:57,48
DA:58,48
DA:60,48
DA:61,2
DA:64,48
DA:65,1
DA:68,48
DA:69,0
DA:73,6
DA:76,0
DA:83,0
DA:84,0
DA:87,0
DA:88,0
DA:97,0
DA:98,0
DA:99,0
DA:103,0
DA:113,25
DA:125,0
DA:126,0
DA:127,0
DA:129,0
DA:130,0
DA:131,0
DA:132,0
DA:144,0
DA:145,0
DA:146,0
DA:150,0
DA:151,0
DA:152,0
DA:154,0
DA:155,0
DA:156,0
DA:157,0
DA:169,0
DA:170,0
DA:171,0
DA:176,0
DA:192,4
DA:193,4
DA:194,4
DA:201,4
DA:203,0
DA:204,0
DA:206,0
DA:207,0
DA:210,0
DA:211,0
DA:212,0
DA:213,0
DA:214,0
DA:215,0
DA:216,0
DA:219,0
DA:238,0
DA:239,0
DA:240,0
DA:242,0
DA:243,0
DA:244,0
DA:245,0
DA:246,0
DA:248,0
DA:249,0
DA:250,0
DA:251,0
DA:253,0
DA:254,0
DA:255,0
DA:257,0
DA:259,0
DA:260,0
DA:261,0
DA:264,0
DA:265,0
DA:271,0
DA:275,0
DA:276,0
DA:278,0
DA:280,0
DA:281,0
DA:282,0
DA:284,0
DA:285,0
DA:286,0
DA:289,0
DA:290,0
DA:291,0
DA:292,0
DA:293,0
DA:296,0
DA:297,0
DA:298,0
DA:301,0
DA:302,0
DA:306,0
DA:310,0
DA:311,0
DA:313,0
DA:314,0
DA:316,4
DA:317,4
DA:318,4
DA:319,4
DA:320,4
DA:321,0
DA:322,0
DA:324,4
DA:325,4
DA:328,4
DA:332,0
DA:334,0
DA:335,0
DA:336,0
DA:337,0
DA:339,0
DA:343,0
DA:346,0
DA:347,0
DA:349,0
DA:354,0
DA:355,0
DA:357,0
DA:362,0
DA:364,0
DA:365,0
DA:366,0
DA:367,0
DA:370,0
DA:374,0
DA:377,0
DA:380,0
DA:383,0
DA:384,0
DA:386,0
DA:389,0
DA:390,0
DA:392,0
DA:394,0
DA:395,0
DA:396,0
DA:397,0
DA:401,0
DA:402,0
DA:406,0
DA:407,0
DA:408,0
DA:409,0
DA:410,0
DA:415,0
DA:416,0
DA:417,0
DA:422,0
DA:425,0
DA:428,0
DA:430,0
DA:431,0
DA:432,0
DA:434,0
DA:458,0
DA:459,0
DA:460,0
DA:461,0
DA:462,0
DA:464,0
DA:466,0
DA:471,0
DA:474,0
DA:476,0
DA:481,0
DA:482,0
DA:483,0
DA:487,0
DA:488,0
DA:489,0
DA:491,0
DA:495,0
DA:496,0
DA:497,0
DA:499,0
DA:503,0
DA:505,0
DA:513,0
DA:516,0
DA:519,0
DA:522,0
DA:524,0
DA:525,0
DA:526,0
DA:527,0
DA:531,0
DA:540,0
DA:546,0
DA:555,0
DA:562,1
DA:563,1
DA:564,1
DA:565,1
DA:566,1
DA:567,1
LF:246
LH:71
BRDA:7,1,0,45
BRDA:7,1,1,45
BRDA:7,2,0,45
BRDA:7,2,1,0
BRDA:7,3,0,1
BRDA:7,3,1,0
BRDA:7,4,0,0
BRDA:7,4,1,1
BRDA:129,5,0,9
BRDA:129,5,1,21
BRDA:129,6,0,30
BRDA:129,6,1,30
BRDA:131,7,0,0
BRDA:131,7,1,48
BRDA:246,8,0,0
BRDA:246,8,1,0
BRDA:246,9,0,0
BRDA:246,9,1,0
BRDA:248,10,0,0
BRDA:248,10,1,0
BRDA:248,11,0,0
BRDA:248,11,1,0
BRDA:248,11,2,0
BRDA:267,12,0,0
BRDA:267,12,1,0
BRDA:277,13,0,0
BRDA:277,13,1,0
BRDA:277,14,0,0
BRDA:277,14,1,0
BRDA:279,15,0,0
BRDA:279,15,1,0
BRDA:279,16,0,0
BRDA:279,16,1,0
BRDA:279,16,2,0
BRDA:298,17,0,0
BRDA:298,17,1,0
BRDA:340,18,0,0
BRDA:340,18,1,0
BRDA:340,19,0,0
BRDA:340,19,1,0
BRDA:341,20,0,0
BRDA:341,20,1,0
BRDA:341,21,0,0
BRDA:341,21,1,0
BRDA:345,22,0,0
BRDA:345,22,1,0
BRDA:345,23,0,0
BRDA:345,23,1,0
BRDA:350,24,0,0
BRDA:350,24,1,0
BRDA:378,25,0,0
BRDA:378,25,1,0
BRDA:378,26,0,0
BRDA:378,26,1,0
BRDA:383,27,0,0
BRDA:383,27,1,0
BRDA:387,28,0,0
BRDA:387,28,1,0
BRDA:393,29,0,0
BRDA:393,29,1,0
BRDA:421,30,0,0
BRDA:421,30,1,0
BRDA:431,31,0,0
BRDA:431,31,1,0
BRDA:474,32,0,0
BRDA:474,32,1,0
BRDA:474,33,0,0
BRDA:474,33,1,0
BRDA:486,34,0,4
BRDA:486,34,1,0
BRDA:488,35,0,0
BRDA:488,35,1,4
BRDA:489,36,0,0
BRDA:489,36,1,0
BRDA:492,37,0,4
BRDA:492,37,1,0
BRDA:510,38,0,0
BRDA:510,38,1,0
BRDA:524,39,0,0
BRDA:524,39,1,0
BRDA:534,40,0,0
BRDA:534,40,1,0
BRDA:551,41,0,0
BRDA:551,41,1,0
BRDA:551,42,0,0
BRDA:551,42,1,0
BRDA:553,43,0,0
BRDA:553,43,1,0
BRDA:580,44,0,0
BRDA:580,44,1,0
BRDA:588,45,0,0
BRDA:588,45,1,0
BRDA:646,46,0,0
BRDA:646,46,1,0
BRDA:646,47,0,0
BRDA:646,47,1,0
BRDA:648,48,0,0
BRDA:648,48,1,0
BRDA:648,49,0,0
BRDA:648,49,1,0
BRDA:667,50,0,0
BRDA:667,50,1,0
BRDA:669,51,0,0
BRDA:669,51,1,0
BRDA:672,52,0,0
BRDA:672,52,1,0
BRDA:698,53,0,0
BRDA:698,53,1,0
BRDA:708,54,0,0
BRDA:708,54,1,0
BRF:110
BRH:17
end_of_record
TN:
SF:/Users/macuser/Developer/mpdx_web/src/common/fp/relationshipId.js
FN:15,_interopRequireDefault
FN:17,(anonymous_2)
FN:21,(anonymous_3)
FN:23,valueForRelationship
FNF:4
FNH:1
FNDA:2,_interopRequireDefault
FNDA:0,(anonymous_2)
FNDA:0,(anonymous_3)
FNDA:0,valueForRelationship
DA:0,2
DA:1,1
DA:2,1
DA:5,0
DA:6,0
DA:8,0
DA:9,0
DA:11,0
DA:16,0
LF:9
LH:3
BRDA:15,1,0,0
BRDA:15,1,1,2
BRDA:15,2,0,2
BRDA:15,2,1,2
BRDA:18,3,0,0
BRDA:18,3,1,0
BRF:6
BRH:4
end_of_record
TN:
SF:/Users/macuser/Developer/mpdx_web/src/common/alerts/alerts.service.js
FN:7,(anonymous_1)
FN:7,defineProperties
FN:7,(anonymous_3)
FN:9,_classCallCheck
FN:11,(anonymous_5)
FN:14,AlertsService
FN:22,addAlert
FNF:7
FNH:7
FNDA:1,(anonymous_1)
FNDA:1,defineProperties
FNDA:1,(anonymous_3)
FNDA:52,_classCallCheck
FNDA:1,(anonymous_5)
FNDA:52,AlertsService
FNDA:0,addAlert
DA:0,52
DA:4,1
DA:6,52
DA:7,52
DA:12,0
LF:5
LH:4
BRDA:7,1,0,1
BRDA:7,1,1,1
BRDA:7,2,0,1
BRDA:7,2,1,0
BRDA:7,3,0,1
BRDA:7,3,1,0
BRDA:7,4,0,0
BRDA:7,4,1,1
BRDA:9,5,0,0
BRDA:9,5,1,52
BRDA:25,6,0,0
BRDA:25,6,1,0
BRDA:26,7,0,0
BRDA:26,7,1,0
BRF:14
BRH:10
end_of_record
TN:
SF:/Users/macuser/Developer/mpdx_web/src/contacts/sidebar/filter/filter.service.js
FN:7,(anonymous_1)
FN:7,defineProperties
FN:7,(anonymous_3)
FN:17,_interopRequireDefault
FN:19,_classCallCheck
FN:21,(anonymous_6)
FN:24,FilterService
FN:41,load
FN:54,(anonymous_9)
FN:66,count
FN:71,reset
FN:84,change
FN:89,isResettable
FNF:13
FNH:12
FNDA:1,(anonymous_1)
FNDA:1,defineProperties
FNDA:1,(anonymous_3)
FNDA:2,_interopRequireDefault
FNDA:48,_classCallCheck
FNDA:1,(anonymous_6)
FNDA:48,FilterService
FNDA:0,load
FNDA:0,(anonymous_9)
FNDA:0,count
FNDA:0,reset
FNDA:0,change
FNDA:0,isResettable
DA:0,48
DA:1,1
DA:7,1
DA:10,48
DA:11,48
DA:12,48
DA:13,48
DA:14,48
DA:16,48
DA:17,48
DA:18,48
DA:19,48
DA:20,48
DA:22,0
DA:23,0
DA:24,0
DA:26,0
DA:31,0
DA:32,0
DA:33,0
DA:34,0
DA:38,0
DA:40,0
DA:41,0
DA:42,0
DA:43,0
DA:44,0
DA:45,0
DA:47,0
DA:50,0
DA:53,0
DA:57,1
LF:32
LH:14
BRDA:7,1,0,5
BRDA:7,1,1,5
BRDA:7,2,0,5
BRDA:7,2,1,0
BRDA:7,3,0,1
BRDA:7,3,1,0
BRDA:7,4,0,0
BRDA:7,4,1,1
BRDA:17,5,0,1
BRDA:17,5,1,1
BRDA:17,6,0,2
BRDA:17,6,1,2
BRDA:19,7,0,0
BRDA:19,7,1,48
BRDA:44,8,0,0
BRDA:44,8,1,0
BRDA:44,9,0,0
BRDA:44,9,1,0
BRDA:46,10,0,0
BRDA:46,10,1,0
BRDA:72,11,0,0
BRDA:72,11,1,0
BRDA:72,12,0,0
BRDA:72,12,1,0
BRDA:77,13,0,0
BRDA:77,13,1,0
BRDA:90,14,0,0
BRDA:90,14,1,0
BRF:28
BRH:14
end_of_record
TN:
SF:/Users/macuser/Developer/mpdx_web/src/common/filters/filters.service.js
FN:7,(anonymous_1)
FN:7,defineProperties
FN:7,(anonymous_3)
FN:61,_interopRequireDefault
FN:63,_classCallCheck
FN:65,(anonymous_6)
FN:68,Filters
FN:78,count
FN:82,(anonymous_9)
FN:88,load
FN:103,(anonymous_11)
FN:105,(anonymous_12)
FN:109,(anonymous_13)
FN:117,(anonymous_14)
FN:119,(anonymous_15)
FN:143,reset
FN:156,invertMultiselect
FNF:17
FNH:11
FNDA:1,(anonymous_1)
FNDA:1,defineProperties
FNDA:1,(anonymous_3)
FNDA:13,_interopRequireDefault
FNDA:48,_classCallCheck
FNDA:1,(anonymous_6)
FNDA:48,Filters
FNDA:0,count
FNDA:0,(anonymous_9)
FNDA:0,load
FNDA:0,(anonymous_11)
FNDA:0,(anonymous_12)
FNDA:0,(anonymous_13)
FNDA:0,(anonymous_14)
FNDA:0,(anonymous_15)
FNDA:0,reset
FNDA:0,invertMultiselect
DA:0,48
DA:1,1
DA:2,1
DA:3,1
DA:4,1
DA:5,1
DA:6,1
DA:7,1
DA:8,1
DA:9,1
DA:10,1
DA:11,1
DA:12,1
DA:13,1
DA:17,1
DA:20,48
DA:21,48
DA:22,48
DA:23,48
DA:25,0
DA:26,0
DA:28,0
DA:29,0
DA:30,0
DA:36,0
DA:37,0
DA:38,0
DA:39,0
DA:40,0
DA:41,0
DA:42,0
DA:44,0
DA:46,0
DA:48,0
DA:49,0
DA:50,0
DA:51,0
DA:52,0
DA:53,0
DA:55,0
DA:58,0
DA:60,0
DA:62,0
DA:63,0
DA:70,0
DA:71,0
DA:72,0
DA:73,0
DA:77,0
DA:78,0
DA:80,0
DA:81,0
DA:82,0
DA:86,0
DA:87,0
DA:90,0
DA:91,0
LF:57
LH:19
BRDA:7,1,0,4
BRDA:7,1,1,4
BRDA:7,2,0,4
BRDA:7,2,1,0
BRDA:7,3,0,1
BRDA:7,3,1,0
BRDA:7,4,0,0
BRDA:7,4,1,1
BRDA:61,5,0,0
BRDA:61,5,1,13
BRDA:61,6,0,13
BRDA:61,6,1,13
BRDA:63,7,0,0
BRDA:63,7,1,48
BRDA:96,8,0,0
BRDA:96,8,1,0
BRDA:110,9,0,0
BRDA:110,9,1,0
BRDA:110,10,0,0
BRDA:110,10,1,0
BRDA:118,11,0,0
BRDA:118,11,1,0
BRDA:120,12,0,0
BRDA:120,12,1,0
BRDA:122,13,0,0
BRDA:122,13,1,0
BRDA:161,14,0,0
BRDA:161,14,1,0
BRDA:166,15,0,0
BRDA:166,15,1,0
BRF:30
BRH:14
end_of_record
TN:
SF:/Users/macuser/Developer/mpdx_web/src/contacts/sidebar/filter/tags/tags.service.js
FN:7,(anonymous_1)
FN:7,defineProperties
FN:7,(anonymous_3)
FN:33,_interopRequireDefault
FN:35,_classCallCheck
FN:37,(anonymous_6)
FN:40,TagsService
FN:57,(anonymous_8)
FN:61,(anonymous_9)
FN:62,(anonymous_10)
FN:71,change
FN:77,load
FN:86,(anonymous_13)
FN:94,_delete
FN:105,(anonymous_15)
FN:114,tagContact
FN:129,untagContact
FN:142,(anonymous_18)
FN:143,(anonymous_19)
FN:151,isTagActive
FN:160,isTagRejected
FN:165,tagClick
FN:180,changeAny
FN:186,isResettable
FN:191,reset
FN:198,getTagsByQuery
FNF:26
FNH:19
FNDA:1,(anonymous_1)
FNDA:1,defineProperties
FNDA:1,(anonymous_3)
FNDA:6,_interopRequireDefault
FNDA:48,_classCallCheck
FNDA:1,(anonymous_6)
FNDA:48,TagsService
FNDA:0,(anonymous_8)
FNDA:0,(anonymous_9)
FNDA:0,(anonymous_10)
FNDA:0,change
FNDA:0,load
FNDA:0,(anonymous_13)
FNDA:0,_delete
FNDA:0,(anonymous_15)
FNDA:0,tagContact
FNDA:0,untagContact
FNDA:0,(anonymous_18)
FNDA:0,(anonymous_19)
FNDA:0,isTagActive
FNDA:0,isTagRejected
FNDA:0,tagClick
FNDA:0,changeAny
FNDA:0,isResettable
FNDA:0,reset
FNDA:0,getTagsByQuery
DA:0,48
DA:1,1
DA:2,1
DA:3,1
DA:4,1
DA:5,1
DA:6,1
DA:12,1
DA:15,48
DA:16,48
DA:17,48
DA:18,48
DA:19,48
DA:20,48
DA:21,48
DA:23,48
DA:24,48
DA:25,48
DA:26,48
DA:28,48
DA:29,0
DA:32,48
DA:33,0
DA:34,0
DA:36,0
DA:40,0
DA:41,0
DA:43,0
DA:44,0
DA:45,0
DA:48,0
DA:49,0
DA:50,0
DA:51,0
DA:54,0
DA:55,0
DA:60,0
DA:63,0
DA:64,0
DA:65,0
DA:66,0
DA:67,0
DA:71,0
DA:83,0
DA:84,0
DA:90,0
DA:93,0
DA:94,0
DA:95,0
DA:96,0
DA:97,0
DA:102,0
DA:103,0
DA:105,0
DA:109,0
DA:112,0
DA:113,0
DA:114,0
DA:115,0
DA:116,0
DA:117,0
DA:118,0
DA:120,0
DA:122,0
DA:125,0
DA:126,0
DA:129,0
DA:132,0
DA:133,0
DA:134,0
DA:137,0
LF:71
LH:21
BRDA:7,1,0,12
BRDA:7,1,1,12
BRDA:7,2,0,12
BRDA:7,2,1,0
BRDA:7,3,0,1
BRDA:7,3,1,0
BRDA:7,4,0,0
BRDA:7,4,1,1
BRDA:33,5,0,1
BRDA:33,5,1,5
BRDA:33,6,0,6
BRDA:33,6,1,6
BRDA:35,7,0,0
BRDA:35,7,1,48
BRDA:80,8,0,0
BRDA:80,8,1,0
BRDA:80,9,0,0
BRDA:80,9,1,0
BRDA:82,10,0,0
BRDA:82,10,1,0
BRDA:82,11,0,0
BRDA:82,11,1,0
BRDA:152,12,0,0
BRDA:152,12,1,0
BRDA:168,13,0,0
BRDA:168,13,1,0
BRDA:171,14,0,0
BRDA:171,14,1,0
BRDA:187,15,0,0
BRDA:187,15,1,0
BRF:30
BRH:14
end_of_record
TN:
SF:/Users/macuser/Developer/mpdx_web/src/common/modal/modal.service.js
FN:7,(anonymous_1)
FN:7,defineProperties
FN:7,(anonymous_3)
FN:13,_interopRequireDefault
FN:15,_classCallCheck
FN:17,(anonymous_6)
FN:20,ModalService
FN:35,open
FN:38,(anonymous_9)
FN:50,confirm
FN:68,info
FN:80,onHide
FNF:12
FNH:10
FNDA:1,(anonymous_1)
FNDA:1,defineProperties
FNDA:1,(anonymous_3)
FNDA:1,_interopRequireDefault
FNDA:52,_classCallCheck
FNDA:1,(anonymous_6)
FNDA:52,ModalService
FNDA:0,open
FNDA:0,(anonymous_9)
FNDA:0,confirm
FNDA:0,info
FNDA:0,onHide
DA:0,52
DA:1,1
DA:4,52
DA:5,52
DA:6,52
DA:7,52
DA:15,0
DA:16,0
DA:17,0
DA:18,0
DA:19,0
DA:20,0
DA:23,0
DA:24,0
DA:25,0
DA:27,0
DA:28,0
DA:29,0
DA:38,0
DA:39,0
DA:41,0
DA:42,0
DA:43,0
DA:52,0
DA:55,0
DA:56,0
LF:26
LH:6
BRDA:7,1,0,3
BRDA:7,1,1,3
BRDA:7,2,0,3
BRDA:7,2,1,0
BRDA:7,3,0,1
BRDA:7,3,1,0
BRDA:7,4,0,0
BRDA:7,4,1,1
BRDA:13,5,0,0
BRDA:13,5,1,1
BRDA:13,6,0,1
BRDA:13,6,1,1
BRDA:15,7,0,0
BRDA:15,7,1,52
BRDA:40,8,0,0
BRDA:40,8,1,0
BRDA:51,9,0,0
BRDA:51,9,1,0
BRDA:51,10,0,0
BRDA:51,10,1,0
BRDA:69,11,0,0
BRDA:69,11,1,0
BRDA:69,12,0,0
BRDA:69,12,1,0
BRF:24
BRH:14
end_of_record
TN:
SF:/Users/macuser/Developer/mpdx_web/src/contacts/list/list.component.js
FN:7,(anonymous_1)
FN:7,defineProperties
FN:7,(anonymous_3)
FN:21,_interopRequireDefault
FN:23,_classCallCheck
FN:25,(anonymous_6)
FN:28,ListController
FN:45,(anonymous_8)
FN:49,(anonymous_9)
FN:53,(anonymous_10)
FN:57,(anonymous_11)
FN:64,$onInit
FN:69,loadMoreContacts
FN:74,resetFilters
FN:79,clearSelectedContacts
FN:84,toggleAllContacts
FN:93,hideContact
FN:98,openAddTagModal
FN:109,openRemoveTagModal
FN:120,openAddTaskModal
FN:125,openLogTaskModal
FN:130,openEditFieldsModal
FN:141,openMergeContactsModal
FN:159,openExportContactsModal
FN:170,openMapContactsModal
FNF:25
FNH:24
FNDA:1,(anonymous_1)
FNDA:1,defineProperties
FNDA:1,(anonymous_3)
FNDA:3,_interopRequireDefault
FNDA:3,_classCallCheck
FNDA:1,(anonymous_6)
FNDA:3,ListController
FNDA:1,(anonymous_8)
FNDA:0,(anonymous_9)
FNDA:1,(anonymous_10)
FNDA:1,(anonymous_11)
FNDA:0,$onInit
FNDA:0,loadMoreContacts
FNDA:0,resetFilters
FNDA:0,clearSelectedContacts
FNDA:0,toggleAllContacts
FNDA:0,hideContact
FNDA:0,openAddTagModal
FNDA:0,openRemoveTagModal
FNDA:0,openAddTaskModal
FNDA:0,openLogTaskModal
FNDA:0,openEditFieldsModal
FNDA:0,openMergeContactsModal
FNDA:0,openExportContactsModal
FNDA:0,openMapContactsModal
DA:0,14
DA:10,1
DA:13,3
DA:14,3
DA:15,3
DA:16,3
DA:17,3
DA:18,3
DA:19,3
DA:20,3
DA:22,3
DA:28,3
DA:29,1
DA:32,3
DA:33,0
DA:36,3
DA:37,1
DA:40,3
DA:41,1
DA:45,0
DA:48,0
DA:51,0
DA:54,0
DA:57,0
DA:58,0
DA:60,0
DA:64,0
DA:67,0
DA:76,0
DA:85,0
DA:88,0
DA:91,0
DA:100,0
DA:101,0
DA:102,0
DA:103,0
DA:104,0
DA:106,0
DA:116,0
DA:125,0
DA:135,1
DA:144,1
DA:145,1
DA:146,1
LF:44
LH:22
BRDA:7,1,0,14
BRDA:7,1,1,14
BRDA:7,2,0,14
BRDA:7,2,1,0
BRDA:7,3,0,1
BRDA:7,3,1,0
BRDA:7,4,0,0
BRDA:7,4,1,1
BRDA:21,5,0,3
BRDA:21,5,1,0
BRDA:21,6,0,3
BRDA:21,6,1,3
BRDA:23,7,0,0
BRDA:23,7,1,3
BRDA:85,8,0,0
BRDA:85,8,1,0
BRDA:143,9,0,0
BRDA:143,9,1,0
BRDA:145,10,0,0
BRDA:145,10,1,0
BRF:20
BRH:14
end_of_record
TN:
SF:/Users/macuser/Developer/mpdx_web/src/tasks/tasks.service.js
FN:7,(anonymous_1)
FN:7,defineProperties
FN:7,(anonymous_3)
FN:121,_interopRequireDefault
FN:123,_classCallCheck
FN:125,(anonymous_6)
FN:128,TasksService
FN:165,reset
FN:171,get
FN:187,(anonymous_10)
FN:198,getList
FN:212,(anonymous_12)
FN:219,getAnalytics
FN:222,(anonymous_14)
FN:230,load
FN:267,(anonymous_16)
FN:274,(anonymous_17)
FN:283,process
FN:300,loadMoreTasks
FN:308,save
FN:322,(anonymous_21)
FN:328,change
FN:333,create
FN:343,(anonymous_24)
FN:356,(anonymous_25)
FN:368,(anonymous_26)
FN:371,(anonymous_27)
FN:377,bulkComplete
FN:380,(anonymous_29)
FN:386,(anonymous_30)
FN:387,(anonymous_31)
FN:398,bulkEdit
FN:401,(anonymous_33)
FN:409,(anonymous_34)
FN:417,addComment
FN:420,(anonymous_36)
FN:431,deleteComment
FN:432,(anonymous_38)
FN:438,_delete
FN:442,(anonymous_40)
FN:443,(anonymous_41)
FN:451,bulkDelete
FN:458,(anonymous_43)
FN:462,(anonymous_44)
FN:463,(anonymous_45)
FN:467,(anonymous_46)
FN:474,star
FN:479,isSelected
FN:484,select
FN:493,clearSelected
FN:498,selectAll
FN:504,(anonymous_52)
FN:513,toggleAll
FN:522,addModal
FN:528,(anonymous_55)
FN:534,newsletterModal
FN:537,(anonymous_57)
FN:543,logModal
FN:550,bulkEditModal
FN:555,editModal
FN:560,completeModal
FNF:61
FNH:37
FNDA:1,(anonymous_1)
FNDA:1,defineProperties
FNDA:1,(anonymous_3)
FNDA:28,_interopRequireDefault
FNDA:31,_classCallCheck
FNDA:1,(anonymous_6)
FNDA:31,TasksService
FNDA:0,reset
FNDA:0,get
FNDA:0,(anonymous_10)
FNDA:0,getList
FNDA:0,(anonymous_12)
FNDA:0,getAnalytics
FNDA:0,(anonymous_14)
FNDA:0,load
FNDA:0,(anonymous_16)
FNDA:0,(anonymous_17)
FNDA:0,process
FNDA:0,loadMoreTasks
FNDA:0,save
FNDA:0,(anonymous_21)
FNDA:0,change
FNDA:0,create
FNDA:0,(anonymous_24)
FNDA:0,(anonymous_25)
FNDA:0,(anonymous_26)
FNDA:0,(anonymous_27)
FNDA:0,bulkComplete
FNDA:0,(anonymous_29)
FNDA:0,(anonymous_30)
FNDA:0,(anonymous_31)
FNDA:3,bulkEdit
FNDA:6,(anonymous_33)
FNDA:3,(anonymous_34)
FNDA:0,addComment
FNDA:0,(anonymous_36)
FNDA:0,deleteComment
FNDA:0,(anonymous_38)
FNDA:0,_delete
FNDA:0,(anonymous_40)
FNDA:0,(anonymous_41)
FNDA:0,bulkDelete
FNDA:0,(anonymous_43)
FNDA:0,(anonymous_44)
FNDA:0,(anonymous_45)
FNDA:0,(anonymous_46)
FNDA:0,star
FNDA:0,isSelected
FNDA:0,select
FNDA:0,clearSelected
FNDA:0,selectAll
FNDA:0,(anonymous_52)
FNDA:0,toggleAll
FNDA:0,addModal
FNDA:0,(anonymous_55)
FNDA:0,newsletterModal
FNDA:0,(anonymous_57)
FNDA:0,logModal
FNDA:0,bulkEditModal
FNDA:0,editModal
FNDA:0,completeModal
DA:0,31
DA:1,1
DA:2,1
DA:3,1
DA:4,1
DA:5,1
DA:6,1
DA:7,1
DA:8,1
DA:9,1
DA:10,1
DA:11,1
DA:12,1
DA:13,1
DA:14,1
DA:15,1
DA:16,1
DA:17,1
DA:18,1
DA:19,1
DA:20,1
DA:25,1
DA:28,31
DA:29,31
DA:30,31
DA:31,31
DA:32,31
DA:33,31
DA:34,31
DA:35,31
DA:36,31
DA:37,31
DA:38,31
DA:39,31
DA:40,31
DA:41,31
DA:43,31
DA:44,31
DA:45,31
DA:46,31
DA:47,31
DA:48,31
DA:49,31
DA:50,31
DA:58,31
DA:61,0
DA:62,0
DA:64,0
DA:65,0
DA:77,0
DA:78,0
DA:79,0
DA:81,0
DA:82,0
DA:85,0
DA:86,0
DA:87,0
DA:98,0
DA:99,0
DA:102,0
DA:103,0
DA:104,0
DA:105,0
DA:106,0
DA:109,0
DA:110,0
DA:112,0
DA:113,0
DA:114,0
DA:117,0
DA:118,0
DA:119,0
DA:121,0
DA:122,0
DA:123,0
DA:124,0
DA:127,0
DA:142,0
DA:143,0
DA:144,0
DA:146,0
DA:147,0
DA:148,0
DA:149,0
DA:150,0
DA:154,0
DA:155,0
DA:156,0
DA:157,0
DA:158,0
DA:159,0
DA:160,0
DA:161,0
DA:162,0
DA:164,0
DA:166,0
DA:169,0
DA:170,0
DA:172,0
DA:174,0
DA:175,0
DA:176,0
DA:178,0
DA:179,0
DA:180,0
DA:182,0
DA:184,0
DA:185,0
DA:189,0
DA:191,0
DA:192,0
DA:193,0
DA:194,0
DA:195,0
DA:196,0
DA:197,0
DA:198,0
DA:199,0
DA:200,0
DA:202,0
DA:204,0
DA:205,0
DA:207,0
DA:209,0
DA:210,0
DA:211,0
DA:215,0
DA:216,0
DA:217,0
DA:219,0
DA:221,0
DA:222,0
DA:223,0
DA:226,0
DA:227,0
DA:228,0
DA:233,0
DA:234,0
DA:235,0
DA:236,0
DA:237,0
DA:238,0
DA:243,3
DA:244,3
DA:245,6
DA:246,6
DA:247,2
DA:249,6
DA:250,6
DA:252,3
DA:253,3
DA:254,3
DA:255,3
DA:258,0
DA:259,0
DA:260,0
DA:265,0
DA:269,0
DA:270,0
DA:273,0
DA:274,0
DA:275,0
DA:276,0
DA:277,0
DA:278,0
DA:282,0
DA:283,0
DA:284,0
DA:285,0
DA:287,0
DA:288,0
DA:289,0
DA:290,0
DA:291,0
DA:292,0
DA:293,0
DA:295,0
DA:300,0
DA:303,0
DA:306,0
DA:307,0
DA:309,0
DA:313,0
DA:315,0
DA:316,0
DA:317,0
DA:318,0
DA:321,0
DA:325,0
DA:326,0
DA:328,0
DA:331,0
DA:332,0
DA:333,0
DA:336,0
DA:337,0
DA:338,0
DA:341,0
DA:342,0
DA:345,0
DA:348,0
DA:351,0
DA:355,1
DA:356,1
DA:357,1
DA:358,1
DA:359,1
DA:360,1
DA:361,1
DA:362,1
LF:210
LH:64
BRDA:7,1,0,28
BRDA:7,1,1,28
BRDA:7,2,0,28
BRDA:7,2,1,0
BRDA:7,3,0,1
BRDA:7,3,1,0
BRDA:7,4,0,0
BRDA:7,4,1,1
BRDA:121,5,0,11
BRDA:121,5,1,17
BRDA:121,6,0,28
BRDA:121,6,1,28
BRDA:123,7,0,0
BRDA:123,7,1,31
BRDA:174,8,0,0
BRDA:174,8,1,0
BRDA:174,9,0,0
BRDA:174,9,1,0
BRDA:189,10,0,0
BRDA:189,10,1,0
BRDA:233,11,0,0
BRDA:233,11,1,0
BRDA:233,12,0,0
BRDA:233,12,1,0
BRDA:234,13,0,0
BRDA:234,13,1,0
BRDA:234,14,0,0
BRDA:234,14,1,0
BRDA:238,15,0,0
BRDA:238,15,1,0
BRDA:238,16,0,0
BRDA:238,16,1,0
BRDA:247,17,0,0
BRDA:247,17,1,0
BRDA:269,18,0,0
BRDA:269,18,1,0
BRDA:269,19,0,0
BRDA:269,19,1,0
BRDA:285,20,0,0
BRDA:285,20,1,0
BRDA:287,21,0,0
BRDA:287,21,1,0
BRDA:289,22,0,0
BRDA:289,22,1,0
BRDA:291,23,0,0
BRDA:291,23,1,0
BRDA:301,24,0,0
BRDA:301,24,1,0
BRDA:301,25,0,0
BRDA:301,25,1,0
BRDA:311,26,0,0
BRDA:311,26,1,0
BRDA:311,27,0,0
BRDA:311,27,1,0
BRDA:313,28,0,0
BRDA:313,28,1,0
BRDA:316,29,0,0
BRDA:316,29,1,0
BRDA:317,30,0,0
BRDA:317,30,1,0
BRDA:336,31,0,0
BRDA:336,31,1,0
BRDA:336,32,0,0
BRDA:336,32,1,0
BRDA:342,33,0,0
BRDA:342,33,1,0
BRDA:345,34,0,0
BRDA:345,34,1,0
BRDA:346,35,0,0
BRDA:346,35,1,0
BRDA:351,36,0,0
BRDA:351,36,1,0
BRDA:357,37,0,0
BRDA:357,37,1,0
BRDA:362,38,0,0
BRDA:362,38,1,0
BRDA:363,39,0,0
BRDA:363,39,1,0
BRDA:389,40,0,0
BRDA:389,40,1,0
BRDA:403,41,0,2
BRDA:403,41,1,4
BRDA:454,42,0,0
BRDA:454,42,1,0
BRDA:485,43,0,0
BRDA:485,43,1,0
BRDA:501,44,0,0
BRDA:501,44,1,0
BRDA:501,45,0,0
BRDA:501,45,1,0
BRDA:503,46,0,0
BRDA:503,46,1,0
BRDA:514,47,0,0
BRDA:514,47,1,0
BRDA:525,48,0,0
BRDA:525,48,1,0
BRDA:525,49,0,0
BRDA:525,49,1,0
BRDA:526,50,0,0
BRDA:526,50,1,0
BRDA:526,51,0,0
BRDA:526,51,1,0
BRDA:544,52,0,0
BRDA:544,52,1,0
BRDA:544,53,0,0
BRDA:544,53,1,0
BRDA:551,54,0,0
BRDA:551,54,1,0
BRF:108
BRH:16
end_of_record
TN:
SF:/Users/macuser/Developer/mpdx_web/src/tasks/modals/modals.service.js
FN:7,(anonymous_1)
FN:7,defineProperties
FN:7,(anonymous_3)
FN:9,_classCallCheck
FN:11,(anonymous_5)
FN:14,ModalsService
FN:23,add
FN:36,tags
FN:48,log
FN:60,tags
FN:71,newsletter
FN:79,complete
FN:90,edit
FN:101,bulkEdit
FNF:14
FNH:12
FNDA:1,(anonymous_1)
FNDA:1,defineProperties
FNDA:1,(anonymous_3)
FNDA:31,_classCallCheck
FNDA:1,(anonymous_5)
FNDA:31,ModalsService
FNDA:0,add
FNDA:0,tags
FNDA:0,log
FNDA:0,tags
FNDA:0,newsletter
FNDA:0,complete
FNDA:0,edit
FNDA:0,bulkEdit
DA:0,31
DA:2,1
DA:4,31
DA:5,31
DA:6,31
DA:8,0
DA:9,0
DA:10,0
DA:12,0
DA:16,0
DA:24,0
DA:25,0
DA:26,0
DA:28,0
DA:32,0
DA:40,0
DA:46,0
DA:55,0
DA:64,0
LF:19
LH:5
BRDA:7,1,0,6
BRDA:7,1,1,6
BRDA:7,2,0,6
BRDA:7,2,1,0
BRDA:7,3,0,1
BRDA:7,3,1,0
BRDA:7,4,0,0
BRDA:7,4,1,1
BRDA:9,5,0,0
BRDA:9,5,1,31
BRDA:26,6,0,0
BRDA:26,6,1,0
BRDA:26,7,0,0
BRDA:26,7,1,0
BRDA:27,8,0,0
BRDA:27,8,1,0
BRDA:27,9,0,0
BRDA:27,9,1,0
BRDA:29,10,0,0
BRDA:29,10,1,0
BRDA:51,11,0,0
BRDA:51,11,1,0
BRDA:51,12,0,0
BRDA:51,12,1,0
BRDA:53,13,0,0
BRDA:53,13,1,0
BRF:26
BRH:10
end_of_record
TN:
SF:/Users/macuser/Developer/mpdx_web/src/tasks/filter/filter.service.js
FN:7,(anonymous_1)
FN:7,defineProperties
FN:7,(anonymous_3)
FN:57,_interopRequireDefault
FN:59,_classCallCheck
FN:61,(anonymous_6)
FN:64,TasksFilterService
FN:125,load
FN:140,(anonymous_9)
FN:153,count
FN:158,change
FN:164,reset
FN:175,changeGroup
FN:181,assignDefaultParamsAndGroup
FN:189,isResettable
FN:194,toParams
FNF:16
FNH:15
FNDA:1,(anonymous_1)
FNDA:1,defineProperties
FNDA:1,(anonymous_3)
FNDA:12,_interopRequireDefault
FNDA:32,_classCallCheck
FNDA:1,(anonymous_6)
FNDA:32,TasksFilterService
FNDA:0,load
FNDA:0,(anonymous_9)
FNDA:0,count
FNDA:0,change
FNDA:0,reset
FNDA:0,changeGroup
FNDA:1,assignDefaultParamsAndGroup
FNDA:0,isResettable
FNDA:0,toParams
DA:0,32
DA:1,1
DA:2,1
DA:3,1
DA:4,1
DA:5,1
DA:6,1
DA:7,1
DA:8,1
DA:9,1
DA:10,1
DA:16,1
DA:19,32
DA:20,32
DA:21,32
DA:22,32
DA:23,32
DA:24,32
DA:25,32
DA:27,32
DA:28,32
DA:29,32
DA:30,32
DA:31,32
DA:73,32
DA:75,0
DA:76,0
DA:77,0
DA:78,0
DA:81,0
DA:86,0
DA:87,0
DA:88,0
DA:89,0
DA:90,0
DA:94,0
DA:97,0
DA:98,0
DA:100,0
DA:101,0
DA:102,0
DA:103,0
DA:104,0
DA:105,0
DA:108,0
DA:109,0
DA:112,1
DA:113,1
DA:114,1
DA:115,1
DA:118,0
DA:121,0
DA:122,0
DA:123,0
DA:124,0
DA:131,0
DA:135,1
DA:136,1
LF:58
LH:31
BRDA:7,1,0,8
BRDA:7,1,1,8
BRDA:7,2,0,8
BRDA:7,2,1,0
BRDA:7,3,0,1
BRDA:7,3,1,0
BRDA:7,4,0,0
BRDA:7,4,1,1
BRDA:57,5,0,4
BRDA:57,5,1,8
BRDA:57,6,0,12
BRDA:57,6,1,12
BRDA:59,7,0,0
BRDA:59,7,1,32
BRDA:128,8,0,0
BRDA:128,8,1,0
BRDA:128,9,0,0
BRDA:128,9,1,0
BRDA:130,10,0,0
BRDA:130,10,1,0
BRDA:130,11,0,0
BRDA:130,11,1,0
BRDA:165,12,0,0
BRDA:165,12,1,0
BRDA:165,13,0,0
BRDA:165,13,1,0
BRDA:190,14,0,0
BRDA:190,14,1,0
BRF:28
BRH:14
end_of_record
TN:
SF:/Users/macuser/Developer/mpdx_web/src/tasks/filter/tags/tags.service.js
FN:7,(anonymous_1)
FN:7,defineProperties
FN:7,(anonymous_3)
FN:25,_interopRequireDefault
FN:27,_classCallCheck
FN:29,(anonymous_6)
FN:32,TagsService
FN:51,change
FN:57,load
FN:66,(anonymous_10)
FN:75,_delete
FN:84,(anonymous_12)
FN:92,tag
FN:100,untag
FN:111,(anonymous_15)
FN:117,isTagActive
FN:126,isTagRejected
FN:131,tagClick
FN:146,isResettable
FN:151,reset
FN:157,getTagsByQuery
FN:162,addTag
FNF:22
FNH:19
FNDA:1,(anonymous_1)
FNDA:1,defineProperties
FNDA:1,(anonymous_3)
FNDA:4,_interopRequireDefault
FNDA:32,_classCallCheck
FNDA:1,(anonymous_6)
FNDA:32,TagsService
FNDA:0,change
FNDA:0,load
FNDA:0,(anonymous_10)
FNDA:0,_delete
FNDA:0,(anonymous_12)
FNDA:0,tag
FNDA:0,untag
FNDA:0,(anonymous_15)
FNDA:0,isTagActive
FNDA:0,isTagRejected
FNDA:0,tagClick
FNDA:0,isResettable
FNDA:0,reset
FNDA:0,getTagsByQuery
FNDA:0,addTag
DA:0,32
DA:1,1
DA:2,1
DA:3,1
DA:8,1
DA:11,32
DA:12,32
DA:13,32
DA:14,32
DA:15,32
DA:16,32
DA:17,32
DA:18,32
DA:20,32
DA:21,32
DA:22,32
DA:23,32
DA:26,0
DA:27,0
DA:29,0
DA:30,0
DA:31,0
DA:34,0
DA:35,0
DA:36,0
DA:37,0
DA:38,0
DA:41,0
DA:42,0
DA:48,0
DA:49,0
DA:50,0
DA:51,0
DA:55,0
DA:60,0
DA:61,0
DA:68,0
DA:69,0
DA:70,0
DA:74,0
DA:75,0
DA:77,0
DA:81,0
DA:84,0
DA:85,0
DA:86,0
DA:87,0
DA:88,0
DA:89,0
DA:90,0
DA:92,0
DA:94,0
DA:97,0
DA:100,0
DA:101,0
DA:104,0
DA:107,0
DA:111,0
DA:115,1
LF:59
LH:18
BRDA:7,1,0,12
BRDA:7,1,1,12
BRDA:7,2,0,12
BRDA:7,2,1,0
BRDA:7,3,0,1
BRDA:7,3,1,0
BRDA:7,4,0,0
BRDA:7,4,1,1
BRDA:25,5,0,2
BRDA:25,5,1,2
BRDA:25,6,0,4
BRDA:25,6,1,4
BRDA:27,7,0,0
BRDA:27,7,1,32
BRDA:60,8,0,0
BRDA:60,8,1,0
BRDA:60,9,0,0
BRDA:60,9,1,0
BRDA:62,10,0,0
BRDA:62,10,1,0
BRDA:62,11,0,0
BRDA:62,11,1,0
BRDA:118,12,0,0
BRDA:118,12,1,0
BRDA:134,13,0,0
BRDA:134,13,1,0
BRDA:137,14,0,0
BRDA:137,14,1,0
BRDA:147,15,0,0
BRDA:147,15,1,0
BRF:30
BRH:14
end_of_record
TN:
SF:/Users/macuser/Developer/mpdx_web/src/common/users/users.service.js
FN:7,(anonymous_1)
FN:7,defineProperties
FN:7,(anonymous_3)
FN:65,_interopRequireDefault
FN:67,_classCallCheck
FN:69,(anonymous_6)
FN:72,Users
FN:101,(anonymous_8)
FN:108,getCurrent
FN:115,(anonymous_10)
FN:119,(anonymous_11)
FN:128,(anonymous_12)
FN:145,(anonymous_13)
FN:146,(anonymous_14)
FN:147,(anonymous_15)
FN:156,configureRollbarPerson
FN:175,getOptions
FN:184,(anonymous_18)
FN:190,(anonymous_19)
FN:204,mapOptions
FN:209,createOption
FN:212,(anonymous_22)
FN:219,deleteOption
FN:224,getOption
FN:229,setOption
FN:232,(anonymous_26)
FN:239,listOrganizationAccounts
FN:247,(anonymous_28)
FN:255,destroy
FN:260,saveCurrent
FN:268,(anonymous_31)
FN:274,getKeyAccount
FN:277,(anonymous_33)
FNF:33
FNH:19
FNDA:1,(anonymous_1)
FNDA:1,defineProperties
FNDA:1,(anonymous_3)
FNDA:14,_interopRequireDefault
FNDA:37,_classCallCheck
FNDA:1,(anonymous_6)
FNDA:37,Users
FNDA:0,(anonymous_8)
FNDA:0,getCurrent
FNDA:0,(anonymous_10)
FNDA:0,(anonymous_11)
FNDA:0,(anonymous_12)
FNDA:0,(anonymous_13)
FNDA:0,(anonymous_14)
FNDA:0,(anonymous_15)
FNDA:0,configureRollbarPerson
FNDA:0,getOptions
FNDA:0,(anonymous_18)
FNDA:0,(anonymous_19)
FNDA:0,mapOptions
FNDA:0,createOption
FNDA:0,(anonymous_22)
FNDA:0,deleteOption
FNDA:0,getOption
FNDA:0,setOption
FNDA:0,(anonymous_26)
FNDA:0,listOrganizationAccounts
FNDA:0,(anonymous_28)
FNDA:0,destroy
FNDA:0,saveCurrent
FNDA:0,(anonymous_31)
FNDA:0,getKeyAccount
FNDA:0,(anonymous_33)
DA:0,37
DA:1,1
DA:2,1
DA:3,1
DA:4,1
DA:5,1
DA:6,1
DA:7,1
DA:8,1
DA:9,1
DA:19,1
DA:22,37
DA:23,37
DA:24,37
DA:25,37
DA:26,37
DA:27,37
DA:28,37
DA:29,37
DA:30,37
DA:31,37
DA:32,37
DA:33,37
DA:35,37
DA:36,37
DA:37,37
DA:38,37
DA:39,37
DA:44,37
DA:45,37
DA:47,37
DA:48,0
DA:51,0
DA:52,0
DA:53,0
DA:54,0
DA:57,0
DA:58,0
DA:59,0
DA:60,0
DA:62,0
DA:63,0
DA:65,0
DA:66,0
DA:67,0
DA:71,0
DA:72,0
DA:73,0
DA:74,0
DA:76,0
DA:77,0
DA:79,0
DA:80,0
DA:83,0
DA:84,0
DA:85,0
DA:86,0
DA:93,0
DA:94,0
DA:96,0
DA:97,0
DA:98,0
DA:99,0
DA:109,0
DA:110,0
DA:111,0
DA:113,0
DA:114,0
DA:115,0
DA:116,0
DA:117,0
DA:118,0
DA:119,0
DA:121,0
DA:123,0
DA:124,0
DA:127,0
DA:131,0
DA:133,0
DA:134,0
DA:135,0
DA:136,0
DA:140,0
DA:143,0
DA:145,0
DA:146,0
DA:147,0
DA:148,0
DA:151,0
DA:152,0
DA:153,0
DA:155,0
DA:156,0
DA:157,0
DA:158,0
DA:162,0
DA:164,0
DA:165,0
DA:166,0
DA:167,0
DA:168,0
DA:170,0
DA:171,0
DA:174,0
DA:175,0
DA:176,0
DA:181,1
DA:182,1
DA:183,1
DA:184,1
DA:185,1
LF:111
LH:36
BRDA:7,1,0,12
BRDA:7,1,1,12
BRDA:7,2,0,12
BRDA:7,2,1,0
BRDA:7,3,0,1
BRDA:7,3,1,0
BRDA:7,4,0,0
BRDA:7,4,1,1
BRDA:65,5,0,7
BRDA:65,5,1,7
BRDA:65,6,0,14
BRDA:65,6,1,14
BRDA:67,7,0,0
BRDA:67,7,1,37
BRDA:111,8,0,0
BRDA:111,8,1,0
BRDA:111,9,0,0
BRDA:111,9,1,0
BRDA:112,10,0,0
BRDA:112,10,1,0
BRDA:112,11,0,0
BRDA:112,11,1,0
BRDA:114,12,0,0
BRDA:114,12,1,0
BRDA:114,13,0,0
BRDA:114,13,1,0
BRDA:127,14,0,0
BRDA:127,14,1,0
BRDA:133,15,0,0
BRDA:133,15,1,0
BRDA:135,16,0,0
BRDA:135,16,1,0
BRDA:139,17,0,0
BRDA:139,17,1,0
BRDA:141,18,0,0
BRDA:141,18,1,0
BRDA:157,19,0,0
BRDA:157,19,1,0
BRDA:178,20,0,0
BRDA:178,20,1,0
BRDA:178,21,0,0
BRDA:178,21,1,0
BRDA:179,22,0,0
BRDA:179,22,1,0
BRDA:179,23,0,0
BRDA:179,23,1,0
BRDA:181,24,0,0
BRDA:181,24,1,0
BRDA:181,25,0,0
BRDA:181,25,1,0
BRDA:187,26,0,0
BRDA:187,26,1,0
BRDA:188,27,0,0
BRDA:188,27,1,0
BRDA:195,28,0,0
BRDA:195,28,1,0
BRDA:242,29,0,0
BRDA:242,29,1,0
BRDA:242,30,0,0
BRDA:242,30,1,0
BRDA:244,31,0,0
BRDA:244,31,1,0
BRDA:244,32,0,0
BRDA:244,32,1,0
BRDA:265,33,0,0
BRDA:265,33,1,0
BRF:66
BRH:14
end_of_record
TN:
SF:/Users/macuser/Developer/mpdx_web/src/common/accounts/accounts.service.js
FN:7,(anonymous_1)
FN:7,defineProperties
FN:7,(anonymous_3)
FN:37,_interopRequireDefault
FN:39,_classCallCheck
FN:41,(anonymous_6)
FN:44,AccountsService
FN:65,get
FN:68,(anonymous_9)
FN:75,swap
FN:83,(anonymous_11)
FN:95,getCurrent
FN:102,getDonations
FN:105,(anonymous_14)
FN:113,destroyInvite
FN:118,destroyUser
FN:123,listInvites
FN:132,(anonymous_18)
FN:139,listUsers
FN:149,(anonymous_20)
FN:156,getAnalytics
FN:159,(anonymous_22)
FN:167,saveCurrent
FN:175,(anonymous_24)
FN:176,(anonymous_25)
FN:190,load
FN:199,(anonymous_27)
FNF:27
FNH:18
FNDA:1,(anonymous_1)
FNDA:1,defineProperties
FNDA:1,(anonymous_3)
FNDA:7,_interopRequireDefault
FNDA:37,_classCallCheck
FNDA:1,(anonymous_6)
FNDA:37,AccountsService
FNDA:0,get
FNDA:0,(anonymous_9)
FNDA:0,swap
FNDA:0,(anonymous_11)
FNDA:0,getCurrent
FNDA:0,getDonations
FNDA:0,(anonymous_14)
FNDA:0,destroyInvite
FNDA:0,destroyUser
FNDA:0,listInvites
FNDA:0,(anonymous_18)
FNDA:0,listUsers
FNDA:0,(anonymous_20)
FNDA:0,getAnalytics
FNDA:0,(anonymous_22)
FNDA:0,saveCurrent
FNDA:0,(anonymous_24)
FNDA:0,(anonymous_25)
FNDA:0,load
FNDA:0,(anonymous_27)
DA:0,37
DA:1,1
DA:2,1
DA:3,1
DA:4,1
DA:5,1
DA:6,1
DA:13,1
DA:16,37
DA:17,37
DA:18,37
DA:19,37
DA:20,37
DA:21,37
DA:23,37
DA:24,37
DA:25,37
DA:26,37
DA:27,37
DA:28,37
DA:29,37
DA:30,37
DA:32,0
DA:33,0
DA:34,0
DA:35,0
DA:38,0
DA:39,0
DA:40,0
DA:42,0
DA:43,0
DA:44,0
DA:45,0
DA:46,0
DA:47,0
DA:48,0
DA:49,0
DA:52,0
DA:53,0
DA:55,0
DA:56,0
DA:57,0
DA:58,0
DA:59,0
DA:63,0
DA:66,0
DA:68,0
DA:69,0
DA:70,0
DA:76,0
DA:77,0
DA:80,0
DA:81,0
DA:82,0
DA:89,0
DA:90,0
DA:93,0
DA:94,0
DA:95,0
DA:96,0
DA:97,0
DA:100,0
DA:101,0
DA:102,0
DA:103,0
DA:104,0
DA:106,0
DA:107,0
DA:108,0
DA:109,0
DA:110,0
DA:111,0
DA:112,0
DA:114,0
DA:118,0
DA:119,0
DA:120,0
DA:123,0
DA:124,0
DA:129,1
LF:80
LH:23
BRDA:7,1,0,11
BRDA:7,1,1,11
BRDA:7,2,0,11
BRDA:7,2,1,0
BRDA:7,3,0,1
BRDA:7,3,1,0
BRDA:7,4,0,0
BRDA:7,4,1,1
BRDA:37,5,0,2
BRDA:37,5,1,5
BRDA:37,6,0,7
BRDA:37,6,1,7
BRDA:39,7,0,0
BRDA:39,7,1,37
BRDA:78,8,0,0
BRDA:78,8,1,0
BRDA:78,9,0,0
BRDA:78,9,1,0
BRDA:80,10,0,0
BRDA:80,10,1,0
BRDA:80,11,0,0
BRDA:80,11,1,0
BRDA:80,11,2,0
BRDA:96,12,0,0
BRDA:96,12,1,0
BRDA:96,13,0,0
BRDA:96,13,1,0
BRDA:105,14,0,0
BRDA:105,14,1,0
BRDA:172,15,0,0
BRDA:172,15,1,0
BRDA:181,16,0,0
BRDA:181,16,1,0
BRDA:193,17,0,0
BRDA:193,17,1,0
BRDA:193,18,0,0
BRDA:193,18,1,0
BRDA:195,19,0,0
BRDA:195,19,1,0
BRDA:195,20,0,0
BRDA:195,20,1,0
BRF:41
BRH:14
end_of_record
TN:
SF:/Users/macuser/Developer/mpdx_web/src/common/help/help.service.js
FN:7,(anonymous_1)
FN:7,defineProperties
FN:7,(anonymous_3)
FN:17,_interopRequireDefault
FN:19,_classCallCheck
FN:22,(anonymous_6)
FN:25,HelpService
FN:69,showHelp
FN:74,showArticle
FN:79,updateUser
FN:84,(anonymous_11)
FN:94,suggest
FN:95,(anonymous_13)
FNF:13
FNH:11
FNDA:1,(anonymous_1)
FNDA:1,defineProperties
FNDA:1,(anonymous_3)
FNDA:2,_interopRequireDefault
FNDA:41,_classCallCheck
FNDA:1,(anonymous_6)
FNDA:41,HelpService
FNDA:0,showHelp
FNDA:0,showArticle
FNDA:0,updateUser
FNDA:0,(anonymous_11)
FNDA:4,suggest
FNDA:0,(anonymous_13)
DA:0,41
DA:1,1
DA:5,41
DA:6,41
DA:7,41
DA:38,41
DA:39,41
DA:41,41
DA:46,0
DA:50,0
DA:54,0
DA:55,0
DA:56,0
DA:57,0
DA:66,4
DA:67,0
DA:72,1
LF:17
LH:10
BRDA:7,1,0,4
BRDA:7,1,1,4
BRDA:7,2,0,4
BRDA:7,2,1,0
BRDA:7,3,0,1
BRDA:7,3,1,0
BRDA:7,4,0,0
BRDA:7,4,1,1
BRDA:17,5,0,0
BRDA:17,5,1,2
BRDA:17,6,0,2
BRDA:17,6,1,2
BRDA:19,7,0,0
BRDA:19,7,1,41
BRDA:80,8,0,0
BRDA:80,8,1,0
BRDA:87,9,0,0
BRDA:87,9,1,0
BRF:18
BRH:14
end_of_record
TN:
SF:/Users/macuser/Developer/mpdx_web/src/common/language/language.service.js
FN:7,(anonymous_1)
FN:7,defineProperties
FN:7,(anonymous_3)
FN:13,_interopRequireDefault
FN:15,_classCallCheck
FN:17,(anonymous_6)
FN:20,Language
FN:29,change
FNF:8
FNH:8
FNDA:1,(anonymous_1)
FNDA:1,defineProperties
FNDA:1,(anonymous_3)
FNDA:1,_interopRequireDefault
FNDA:37,_classCallCheck
FNDA:1,(anonymous_6)
FNDA:37,Language
FNDA:0,change
DA:0,37
DA:1,1
DA:4,1
DA:6,37
DA:7,37
DA:8,37
DA:11,0
DA:13,0
DA:14,0
DA:15,0
DA:16,0
DA:17,0
DA:18,0
DA:19,0
DA:20,0
DA:21,0
DA:22,0
DA:24,0
DA:26,0
DA:27,0
LF:20
LH:6
BRDA:7,1,0,1
BRDA:7,1,1,1
BRDA:7,2,0,1
BRDA:7,2,1,0
BRDA:7,3,0,1
BRDA:7,3,1,0
BRDA:7,4,0,0
BRDA:7,4,1,1
BRDA:13,5,0,1
BRDA:13,5,1,0
BRDA:13,6,0,1
BRDA:13,6,1,1
BRDA:15,7,0,0
BRDA:15,7,1,37
BRDA:32,8,0,0
BRDA:32,8,1,0
BRDA:35,9,0,0
BRDA:35,9,1,0
BRDA:37,10,0,0
BRDA:37,10,1,0
BRDA:40,11,0,0
BRDA:40,11,1,0
BRDA:45,12,0,0
BRDA:45,12,1,0
BRF:24
BRH:14
end_of_record
TN:
SF:/Users/macuser/Developer/mpdx_web/src/common/locale/locale.service.js
FN:7,(anonymous_1)
FN:7,defineProperties
FN:7,(anonymous_3)
FN:9,_classCallCheck
FN:11,(anonymous_5)
FN:12,Locale
FN:21,change
FN:26,init
FNF:8
FNH:8
FNDA:1,(anonymous_1)
FNDA:1,defineProperties
FNDA:1,(anonymous_3)
FNDA:37,_classCallCheck
FNDA:1,(anonymous_5)
FNDA:37,Locale
FNDA:0,change
FNDA:37,init
DA:0,37
DA:2,1
DA:3,37
DA:4,37
DA:5,37
DA:8,0
DA:11,37
LF:7
LH:6
BRDA:7,1,0,2
BRDA:7,1,1,2
BRDA:7,2,0,2
BRDA:7,2,1,0
BRDA:7,3,0,1
BRDA:7,3,1,0
BRDA:7,4,0,0
BRDA:7,4,1,1
BRDA:9,5,0,0
BRDA:9,5,1,37
BRDA:22,6,0,0
BRDA:22,6,1,0
BRF:12
BRH:10
end_of_record
TN:
SF:/Users/macuser/Developer/mpdx_web/src/contacts/list/search/search.component.js
FN:7,(anonymous_1)
FN:7,defineProperties
FN:7,(anonymous_3)
FN:13,_interopRequireDefault
FN:15,_classCallCheck
FN:17,(anonymous_6)
FN:20,ContactsSearchController
FN:30,(anonymous_8)
FN:37,$onInit
FN:42,paramChanged
FNF:10
FNH:10
FNDA:1,(anonymous_1)
FNDA:1,defineProperties
FNDA:1,(anonymous_3)
FNDA:1,_interopRequireDefault
FNDA:4,_classCallCheck
FNDA:1,(anonymous_6)
FNDA:4,ContactsSearchController
FNDA:1,(anonymous_8)
FNDA:1,$onInit
FNDA:1,paramChanged
DA:0,4
DA:5,1
DA:8,4
DA:9,4
DA:10,4
DA:12,4
DA:14,4
DA:15,1
DA:19,1
DA:22,1
DA:23,1
DA:26,1
DA:31,1
LF:13
LH:13
BRDA:7,1,0,2
BRDA:7,1,1,2
BRDA:7,2,0,2
BRDA:7,2,1,0
BRDA:7,3,0,1
BRDA:7,3,1,0
BRDA:7,4,0,0
BRDA:7,4,1,1
BRDA:13,5,0,1
BRDA:13,5,1,0
BRDA:13,6,0,1
BRDA:13,6,1,1
BRDA:15,7,0,0
BRDA:15,7,1,4
BRF:14
BRH:14
end_of_record
TN:
SF:/Users/macuser/Developer/mpdx_web/src/contacts/show/tasks/tasks.component.js
FN:7,(anonymous_1)
FN:7,defineProperties
FN:7,(anonymous_3)
FN:17,_interopRequireDefault
FN:19,_classCallCheck
FN:21,(anonymous_6)
FN:24,ContactTasksController
FN:33,$onInit
FNF:8
FNH:8
FNDA:1,(anonymous_1)
FNDA:1,defineProperties
FNDA:1,(anonymous_3)
FNDA:2,_interopRequireDefault
FNDA:1,_classCallCheck
FNDA:1,(anonymous_6)
FNDA:1,ContactTasksController
FNDA:1,$onInit
DA:0,2
DA:2,1
DA:4,1
DA:5,1
DA:6,1
DA:9,1
DA:10,1
DA:11,1
DA:15,1
DA:20,1
DA:21,1
LF:11
LH:11
BRDA:7,1,0,1
BRDA:7,1,1,1
BRDA:7,2,0,1
BRDA:7,2,1,0
BRDA:7,3,0,1
BRDA:7,3,1,0
BRDA:7,4,0,0
BRDA:7,4,1,1
BRDA:17,5,0,2
BRDA:17,5,1,0
BRDA:17,6,0,2
BRDA:17,6,1,2
BRDA:19,7,0,0
BRDA:19,7,1,1
BRF:14
BRH:14
end_of_record
TN:
SF:/Users/macuser/Developer/mpdx_web/src/contacts/sidebar/list/list.component.js
FN:7,(anonymous_1)
FN:7,defineProperties
FN:7,(anonymous_3)
FN:29,_interopRequireDefault
FN:31,_classCallCheck
FN:33,(anonymous_6)
FN:36,ListController
FN:51,(anonymous_8)
FN:55,(anonymous_9)
FN:62,$onInit
FN:69,switchContact
FN:75,loadMoreContacts
FN:83,load
FN:115,(anonymous_14)
FNF:14
FNH:12
FNDA:1,(anonymous_1)
FNDA:1,defineProperties
FNDA:1,(anonymous_3)
FNDA:5,_interopRequireDefault
FNDA:8,_classCallCheck
FNDA:1,(anonymous_6)
FNDA:8,ListController
FNDA:0,(anonymous_8)
FNDA:1,(anonymous_9)
FNDA:1,$onInit
FNDA:1,switchContact
FNDA:3,loadMoreContacts
FNDA:1,load
FNDA:0,(anonymous_14)
DA:0,8
DA:1,1
DA:2,1
DA:3,1
DA:6,1
DA:9,8
DA:10,8
DA:11,8
DA:12,8
DA:13,8
DA:14,8
DA:16,8
DA:17,8
DA:18,8
DA:20,8
DA:21,0
DA:24,8
DA:25,1
DA:29,1
DA:30,1
DA:31,1
DA:34,1
DA:35,1
DA:38,3
DA:39,2
DA:41,1
DA:43,1
DA:44,1
DA:45,1
DA:47,0
DA:48,0
DA:49,0
DA:50,0
DA:51,0
DA:52,0
DA:53,0
DA:54,0
DA:56,0
DA:58,0
DA:71,0
DA:72,0
DA:73,0
DA:75,0
DA:76,0
DA:77,0
DA:78,0
DA:79,0
DA:80,0
DA:81,0
DA:86,1
DA:91,1
DA:92,1
LF:52
LH:31
BRDA:7,1,0,4
BRDA:7,1,1,4
BRDA:7,2,0,4
BRDA:7,2,1,0
BRDA:7,3,0,1
BRDA:7,3,1,0
BRDA:7,4,0,0
BRDA:7,4,1,1
BRDA:29,5,0,2
BRDA:29,5,1,3
BRDA:29,6,0,5
BRDA:29,6,1,5
BRDA:31,7,0,0
BRDA:31,7,1,8
BRDA:76,8,0,2
BRDA:76,8,1,1
BRDA:76,9,0,3
BRDA:76,9,1,2
BRDA:76,9,2,2
BRDA:86,10,0,0
BRDA:86,10,1,1
BRDA:86,11,0,1
BRDA:86,11,1,0
BRDA:87,12,0,0
BRDA:87,12,1,1
BRDA:87,13,0,1
BRDA:87,13,1,0
BRDA:89,14,0,1
BRDA:89,14,1,0
BRDA:89,15,0,1
BRDA:89,15,1,1
BRDA:89,15,2,1
BRDA:94,16,0,0
BRDA:94,16,1,0
BRDA:117,17,0,0
BRDA:117,17,1,0
BRDA:117,18,0,0
BRDA:117,18,1,0
BRDA:123,19,0,0
BRDA:123,19,1,0
BRF:40
BRH:27
end_of_record
TN:
SF:/Users/macuser/Developer/mpdx_web/src/preferences/integrations/integrations.component.js
FN:7,(anonymous_1)
FN:7,defineProperties
FN:7,(anonymous_3)
FN:45,_interopRequireDefault
FN:47,_classCallCheck
FN:49,(anonymous_6)
FN:52,IntegrationPreferencesController
FN:79,$onInit
FN:87,$onChanges
FN:94,disconnect
FN:99,(anonymous_11)
FN:103,(anonymous_12)
FN:110,reload
FN:115,sendToChalkline
FN:118,(anonymous_15)
FN:119,(anonymous_16)
FN:126,setTab
FN:138,tabSelected
FN:143,tabSelectable
FNF:19
FNH:15
FNDA:1,(anonymous_1)
FNDA:1,defineProperties
FNDA:1,(anonymous_3)
FNDA:9,_interopRequireDefault
FNDA:5,_classCallCheck
FNDA:1,(anonymous_6)
FNDA:5,IntegrationPreferencesController
FNDA:0,$onInit
FNDA:0,$onChanges
FNDA:0,disconnect
FNDA:0,(anonymous_11)
FNDA:0,(anonymous_12)
FNDA:0,reload
FNDA:0,sendToChalkline
FNDA:0,(anonymous_15)
FNDA:0,(anonymous_16)
FNDA:0,setTab
FNDA:0,tabSelected
FNDA:3,tabSelectable
DA:0,9
DA:1,1
DA:8,1
DA:11,5
DA:12,5
DA:13,5
DA:14,5
DA:15,5
DA:16,5
DA:17,5
DA:18,5
DA:20,5
DA:21,5
DA:22,5
DA:24,5
DA:25,5
DA:27,5
DA:29,5
DA:31,5
DA:46,0
DA:47,0
DA:48,0
DA:52,0
DA:53,0
DA:56,0
DA:57,0
DA:58,0
DA:59,0
DA:60,0
DA:61,0
DA:62,0
DA:64,0
DA:65,0
DA:69,0
DA:71,0
DA:72,0
DA:73,0
DA:74,0
DA:79,0
DA:80,0
DA:82,0
DA:83,0
DA:85,0
DA:89,0
DA:92,3
DA:96,1
DA:106,1
DA:107,1
DA:108,1
DA:109,1
DA:110,1
DA:111,1
DA:112,1
DA:113,1
LF:54
LH:29
BRDA:7,1,0,8
BRDA:7,1,1,8
BRDA:7,2,0,8
BRDA:7,2,1,0
BRDA:7,3,0,1
BRDA:7,3,1,0
BRDA:7,4,0,0
BRDA:7,4,1,1
BRDA:45,5,0,8
BRDA:45,5,1,1
BRDA:45,6,0,9
BRDA:45,6,1,9
BRDA:47,7,0,0
BRDA:47,7,1,5
BRDA:81,8,0,0
BRDA:81,8,1,0
BRDA:88,9,0,0
BRDA:88,9,1,0
BRDA:127,10,0,0
BRDA:127,10,1,0
BRDA:130,11,0,0
BRDA:130,11,1,0
BRDA:130,12,0,0
BRDA:130,12,1,0
BRDA:130,12,2,0
BRDA:144,13,0,3
BRDA:144,13,1,2
BRDA:144,13,2,2
BRF:28
BRH:17
end_of_record
TN:
SF:/Users/macuser/Developer/mpdx_web/src/preferences/integrations/google/google.service.js
FN:7,(anonymous_1)
FN:7,defineProperties
FN:7,(anonymous_3)
FN:13,_interopRequireDefault
FN:15,_classCallCheck
FN:17,(anonymous_6)
FN:20,GoogleService
FN:32,load
FN:44,(anonymous_9)
FN:51,disconnect
FN:54,(anonymous_11)
FNF:11
FNH:9
FNDA:1,(anonymous_1)
FNDA:1,defineProperties
FNDA:1,(anonymous_3)
FNDA:1,_interopRequireDefault
FNDA:4,_classCallCheck
FNDA:1,(anonymous_6)
FNDA:4,GoogleService
FNDA:0,load
FNDA:0,(anonymous_9)
FNDA:0,disconnect
FNDA:0,(anonymous_11)
DA:0,4
DA:1,1
DA:6,1
DA:9,4
DA:10,4
DA:11,4
DA:12,4
DA:13,4
DA:14,4
DA:16,0
DA:17,0
DA:18,0
DA:21,0
DA:22,0
DA:25,0
DA:26,0
DA:29,0
DA:30,0
DA:31,0
LF:19
LH:9
BRDA:7,1,0,2
BRDA:7,1,1,2
BRDA:7,2,0,2
BRDA:7,2,1,0
BRDA:7,3,0,1
BRDA:7,3,1,0
BRDA:7,4,0,0
BRDA:7,4,1,1
BRDA:13,5,0,1
BRDA:13,5,1,0
BRDA:13,6,0,1
BRDA:13,6,1,1
BRDA:15,7,0,0
BRDA:15,7,1,4
BRDA:35,8,0,0
BRDA:35,8,1,0
BRDA:35,9,0,0
BRDA:35,9,1,0
BRDA:37,10,0,0
BRDA:37,10,1,0
BRDA:37,11,0,0
BRDA:37,11,1,0
BRF:22
BRH:14
end_of_record
TN:
SF:/Users/macuser/Developer/mpdx_web/src/preferences/integrations/integrations.service.js
FN:7,(anonymous_1)
FN:7,defineProperties
FN:7,(anonymous_3)
FN:13,_interopRequireDefault
FN:15,_classCallCheck
FN:17,(anonymous_6)
FN:20,IntegrationsService
FN:32,(anonymous_8)
FN:39,load
FN:44,(anonymous_10)
FN:47,(anonymous_11)
FN:53,sendToChalkline
FN:58,disconnect
FNF:13
FNH:10
FNDA:1,(anonymous_1)
FNDA:1,defineProperties
FNDA:1,(anonymous_3)
FNDA:1,_interopRequireDefault
FNDA:4,_classCallCheck
FNDA:1,(anonymous_6)
FNDA:4,IntegrationsService
FNDA:0,(anonymous_8)
FNDA:0,load
FNDA:0,(anonymous_10)
FNDA:0,(anonymous_11)
FNDA:0,sendToChalkline
FNDA:0,disconnect
DA:0,4
DA:4,1
DA:7,4
DA:8,4
DA:9,4
DA:10,4
DA:12,4
DA:13,4
DA:15,4
DA:16,0
DA:19,0
DA:20,0
DA:21,0
DA:22,0
DA:23,0
DA:24,0
DA:26,0
DA:30,0
DA:33,0
DA:34,0
DA:35,0
DA:40,1
LF:22
LH:10
BRDA:7,1,0,3
BRDA:7,1,1,3
BRDA:7,2,0,3
BRDA:7,2,1,0
BRDA:7,3,0,1
BRDA:7,3,1,0
BRDA:7,4,0,0
BRDA:7,4,1,1
BRDA:13,5,0,1
BRDA:13,5,1,0
BRDA:13,6,0,1
BRDA:13,6,1,1
BRDA:15,7,0,0
BRDA:15,7,1,4
BRDA:60,8,0,0
BRDA:60,8,1,0
BRF:16
BRH:14
end_of_record
TN:
SF:/Users/macuser/Developer/mpdx_web/src/preferences/integrations/mailchimp/mailchimp.service.js
FN:7,(anonymous_1)
FN:7,defineProperties
FN:7,(anonymous_3)
FN:13,_interopRequireDefault
FN:15,_classCallCheck
FN:17,(anonymous_6)
FN:20,MailchimpService
FN:31,load
FN:41,(anonymous_9)
FN:44,(anonymous_10)
FN:48,save
FN:51,(anonymous_12)
FN:57,sync
FN:62,disconnect
FN:65,(anonymous_15)
FNF:15
FNH:11
FNDA:1,(anonymous_1)
FNDA:1,defineProperties
FNDA:1,(anonymous_3)
FNDA:1,_interopRequireDefault
FNDA:4,_classCallCheck
FNDA:1,(anonymous_6)
FNDA:4,MailchimpService
FNDA:0,load
FNDA:0,(anonymous_9)
FNDA:0,(anonymous_10)
FNDA:0,save
FNDA:0,(anonymous_12)
FNDA:0,sync
FNDA:0,disconnect
FNDA:0,(anonymous_15)
DA:0,4
DA:1,1
DA:6,1
DA:9,4
DA:10,4
DA:11,4
DA:12,4
DA:13,4
DA:15,0
DA:16,0
DA:17,0
DA:20,0
DA:21,0
DA:22,0
DA:23,0
DA:27,0
DA:28,0
DA:29,0
DA:33,0
DA:35,0
DA:36,0
DA:37,0
LF:22
LH:8
BRDA:7,1,0,4
BRDA:7,1,1,4
BRDA:7,2,0,4
BRDA:7,2,1,0
BRDA:7,3,0,1
BRDA:7,3,1,0
BRDA:7,4,0,0
BRDA:7,4,1,1
BRDA:13,5,0,1
BRDA:13,5,1,0
BRDA:13,6,0,1
BRDA:13,6,1,1
BRDA:15,7,0,0
BRDA:15,7,1,4
BRDA:34,8,0,0
BRDA:34,8,1,0
BRDA:34,9,0,0
BRDA:34,9,1,0
BRDA:36,10,0,0
BRDA:36,10,1,0
BRDA:36,11,0,0
BRDA:36,11,1,0
BRF:22
BRH:14
end_of_record
TN:
SF:/Users/macuser/Developer/mpdx_web/src/preferences/integrations/prayerLetters/prayerLetters.service.js
FN:7,(anonymous_1)
FN:7,defineProperties
FN:7,(anonymous_3)
FN:13,_interopRequireDefault
FN:15,_classCallCheck
FN:17,(anonymous_6)
FN:20,PrayerLettersService
FN:32,load
FN:41,(anonymous_9)
FN:44,(anonymous_10)
FN:50,sync
FN:55,disconnect
FN:58,(anonymous_13)
FNF:13
FNH:10
FNDA:1,(anonymous_1)
FNDA:1,defineProperties
FNDA:1,(anonymous_3)
FNDA:1,_interopRequireDefault
FNDA:4,_classCallCheck
FNDA:1,(anonymous_6)
FNDA:4,PrayerLettersService
FNDA:0,load
FNDA:0,(anonymous_9)
FNDA:0,(anonymous_10)
FNDA:0,sync
FNDA:0,disconnect
FNDA:0,(anonymous_13)
DA:0,4
DA:1,1
DA:6,1
DA:9,4
DA:10,4
DA:11,4
DA:12,4
DA:13,4
DA:14,4
DA:16,0
DA:17,0
DA:18,0
DA:20,0
DA:21,0
DA:22,0
DA:23,0
DA:25,0
DA:29,0
DA:31,0
DA:32,0
DA:33,0
DA:34,0
LF:22
LH:9
BRDA:7,1,0,3
BRDA:7,1,1,3
BRDA:7,2,0,3
BRDA:7,2,1,0
BRDA:7,3,0,1
BRDA:7,3,1,0
BRDA:7,4,0,0
BRDA:7,4,1,1
BRDA:13,5,0,1
BRDA:13,5,1,0
BRDA:13,6,0,1
BRDA:13,6,1,1
BRDA:15,7,0,0
BRDA:15,7,1,4
BRDA:35,8,0,0
BRDA:35,8,1,0
BRDA:35,9,0,0
BRDA:35,9,1,0
BRDA:37,10,0,0
BRDA:37,10,1,0
BRDA:37,11,0,0
BRDA:37,11,1,0
BRF:22
BRH:14
end_of_record
TN:
SF:/Users/macuser/Developer/mpdx_web/src/setup/preferences/integrations/integrations.component.js
FN:7,(anonymous_1)
FN:7,defineProperties
FN:7,(anonymous_3)
FN:21,_interopRequireDefault
FN:23,_classCallCheck
FN:25,(anonymous_6)
FN:28,IntegrationsController
FN:39,$onInit
FN:46,onSave
FN:51,next
FN:57,(anonymous_11)
FNF:11
FNH:11
FNDA:1,(anonymous_1)
FNDA:1,defineProperties
FNDA:1,(anonymous_3)
FNDA:3,_interopRequireDefault
FNDA:6,_classCallCheck
FNDA:1,(anonymous_6)
FNDA:6,IntegrationsController
FNDA:4,$onInit
FNDA:1,onSave
FNDA:2,next
FNDA:1,(anonymous_11)
DA:0,6
DA:1,1
DA:5,1
DA:7,6
DA:8,6
DA:9,6
DA:11,6
DA:14,4
DA:15,4
DA:16,4
DA:19,1
DA:21,2
DA:22,2
DA:23,2
DA:24,1
DA:25,1
DA:26,1
DA:29,1
DA:34,1
DA:39,1
DA:40,1
LF:21
LH:21
BRDA:7,1,0,3
BRDA:7,1,1,3
BRDA:7,2,0,3
BRDA:7,2,1,0
BRDA:7,3,0,1
BRDA:7,3,1,0
BRDA:7,4,0,0
BRDA:7,4,1,1
BRDA:21,5,0,2
BRDA:21,5,1,1
BRDA:21,6,0,3
BRDA:21,6,1,3
BRDA:23,7,0,0
BRDA:23,7,1,6
BRDA:55,8,0,1
BRDA:55,8,1,1
BRF:16
BRH:16
end_of_record
TN:
SF:/Users/macuser/Developer/mpdx_web/src/tasks/modals/add/add.controller.js
FN:7,(anonymous_1)
FN:7,defineProperties
FN:7,(anonymous_3)
FN:33,_interopRequireDefault
FN:35,_classCallCheck
FN:37,(anonymous_6)
FN:40,AddTaskController
FN:63,activate
FN:66,(anonymous_9)
FN:67,(anonymous_10)
FN:75,addContact
FN:80,setContact
FN:89,save
FN:95,(anonymous_14)
FNF:14
FNH:14
FNDA:1,(anonymous_1)
FNDA:1,defineProperties
FNDA:1,(anonymous_3)
FNDA:6,_interopRequireDefault
FNDA:13,_classCallCheck
FNDA:1,(anonymous_6)
FNDA:13,AddTaskController
FNDA:14,activate
FNDA:4,(anonymous_9)
FNDA:4,(anonymous_10)
FNDA:1,addContact
FNDA:4,setContact
FNDA:1,save
FNDA:1,(anonymous_14)
DA:0,13
DA:1,1
DA:2,1
DA:3,1
DA:8,1
DA:12,13
DA:13,13
DA:14,13
DA:15,13
DA:16,13
DA:17,13
DA:18,13
DA:20,13
DA:21,13
DA:22,1
DA:24,13
DA:25,13
DA:26,13
DA:28,13
DA:30,14
DA:31,14
DA:32,4
DA:33,4
DA:34,4
DA:39,1
DA:42,4
DA:43,1
DA:45,3
DA:46,3
DA:48,1
DA:49,1
DA:50,0
DA:52,1
DA:57,1
DA:62,1
DA:63,1
DA:64,1
LF:37
LH:36
BRDA:7,1,0,4
BRDA:7,1,1,4
BRDA:7,2,0,4
BRDA:7,2,1,0
BRDA:7,3,0,1
BRDA:7,3,1,0
BRDA:7,4,0,0
BRDA:7,4,1,1
BRDA:33,5,0,3
BRDA:33,5,1,3
BRDA:33,6,0,6
BRDA:33,6,1,6
BRDA:35,7,0,0
BRDA:35,7,1,13
BRDA:51,8,0,1
BRDA:51,8,1,12
BRDA:81,9,0,1
BRDA:81,9,1,3
BRDA:92,10,0,0
BRDA:92,10,1,1
BRF:20
BRH:19
end_of_record
TN:
SF:/Users/macuser/Developer/mpdx_web/src/common/serverConstants/serverConstants.service.js
FN:7,(anonymous_1)
FN:7,defineProperties
FN:7,(anonymous_3)
FN:29,_interopRequireDefault
FN:31,_classCallCheck
FN:33,(anonymous_6)
FN:36,ServerConstantsService
FN:50,load
FN:59,(anonymous_9)
FN:74,mapUnderscore
FN:76,(anonymous_11)
FN:83,mapFreqencies
FN:87,(anonymous_13)
FNF:13
FNH:10
FNDA:1,(anonymous_1)
FNDA:1,defineProperties
FNDA:1,(anonymous_3)
FNDA:5,_interopRequireDefault
FNDA:25,_classCallCheck
FNDA:1,(anonymous_6)
FNDA:25,ServerConstantsService
FNDA:0,load
FNDA:0,(anonymous_9)
FNDA:0,mapUnderscore
FNDA:0,(anonymous_11)
FNDA:0,mapFreqencies
FNDA:0,(anonymous_13)
DA:0,25
DA:1,1
DA:2,1
DA:3,1
DA:4,1
DA:9,1
DA:12,25
DA:13,25
DA:14,25
DA:16,25
DA:17,25
DA:19,25
DA:21,0
DA:22,0
DA:23,0
DA:26,0
DA:27,0
DA:28,0
DA:29,0
DA:30,0
DA:31,0
DA:32,0
DA:33,0
DA:34,0
DA:35,0
DA:36,0
DA:41,0
DA:42,0
DA:43,0
DA:44,0
DA:48,0
DA:49,0
DA:50,0
DA:51,0
DA:52,0
DA:57,1
LF:36
LH:13
BRDA:7,1,0,3
BRDA:7,1,1,3
BRDA:7,2,0,3
BRDA:7,2,1,0
BRDA:7,3,0,1
BRDA:7,3,1,0
BRDA:7,4,0,0
BRDA:7,4,1,1
BRDA:29,5,0,2
BRDA:29,5,1,3
BRDA:29,6,0,5
BRDA:29,6,1,5
BRDA:31,7,0,0
BRDA:31,7,1,25
BRDA:53,8,0,0
BRDA:53,8,1,0
BRDA:53,9,0,0
BRDA:53,9,1,0
BRDA:55,10,0,0
BRDA:55,10,1,0
BRDA:55,11,0,0
BRDA:55,11,1,0
BRF:22
BRH:14
end_of_record
TN:
SF:/Users/macuser/Developer/mpdx_web/src/contacts/list/item/pledgeFrequencyToStr.filter.js
FN:7,(anonymous_1)
FN:7,defineProperties
FN:7,(anonymous_3)
FN:9,_classCallCheck
FN:11,(anonymous_5)
FN:12,PledgeFrequencyToStrFilter
FN:18,(anonymous_7)
FN:45,pledgeFrequencyToStrFactory
FNF:8
FNH:7
FNDA:1,(anonymous_1)
FNDA:1,defineProperties
FNDA:1,(anonymous_3)
FNDA:25,_classCallCheck
FNDA:1,(anonymous_5)
FNDA:25,PledgeFrequencyToStrFilter
FNDA:0,(anonymous_7)
FNDA:25,pledgeFrequencyToStrFactory
DA:0,25
DA:2,25
DA:3,25
DA:4,25
DA:5,0
DA:6,0
DA:8,0
DA:10,0
DA:12,0
DA:14,0
DA:16,0
DA:18,0
DA:20,0
DA:22,0
DA:24,0
DA:30,25
DA:34,1
LF:17
LH:6
BRDA:7,1,0,1
BRDA:7,1,1,1
BRDA:7,2,0,1
BRDA:7,2,1,0
BRDA:7,3,0,0
BRDA:7,3,1,1
BRDA:7,4,0,1
BRDA:7,4,1,0
BRDA:9,5,0,0
BRDA:9,5,1,25
BRDA:20,6,0,0
BRDA:20,6,1,0
BRDA:20,6,2,0
BRDA:20,6,3,0
BRDA:20,6,4,0
BRDA:20,6,5,0
BRDA:20,6,6,0
BRDA:20,6,7,0
BRDA:20,6,8,0
BRF:19
BRH:10
end_of_record
TN:
SF:/Users/macuser/Developer/mpdx_web/src/tasks/modals/log/log.controller.js
FN:7,(anonymous_1)
FN:7,defineProperties
FN:7,(anonymous_3)
FN:37,_interopRequireDefault
FN:39,_classCallCheck
FN:41,(anonymous_6)
FN:44,LogTaskController
FN:68,activate
FN:71,(anonymous_9)
FN:72,(anonymous_10)
FN:80,addContact
FN:85,setContact
FN:94,save
FN:103,(anonymous_14)
FN:112,showPartnerStatus
FNF:15
FNH:14
FNDA:1,(anonymous_1)
FNDA:1,defineProperties
FNDA:1,(anonymous_3)
FNDA:7,_interopRequireDefault
FNDA:16,_classCallCheck
FNDA:1,(anonymous_6)
FNDA:16,LogTaskController
FNDA:17,activate
FNDA:2,(anonymous_9)
FNDA:2,(anonymous_10)
FNDA:1,addContact
FNDA:4,setContact
FNDA:2,save
FNDA:0,(anonymous_14)
FNDA:9,showPartnerStatus
DA:0,16
DA:1,1
DA:2,1
DA:3,1
DA:4,1
DA:11,1
DA:15,16
DA:16,16
DA:17,16
DA:18,16
DA:19,16
DA:20,16
DA:21,16
DA:22,16
DA:23,16
DA:25,16
DA:26,16
DA:27,1
DA:29,16
DA:30,16
DA:32,16
DA:34,17
DA:35,17
DA:36,2
DA:37,2
DA:38,2
DA:43,1
DA:46,4
DA:47,1
DA:49,3
DA:50,3
DA:52,2
DA:53,2
DA:54,1
DA:56,2
DA:61,2
DA:62,0
DA:63,0
DA:64,0
DA:69,9
DA:73,1
DA:74,1
DA:75,1
LF:43
LH:40
BRDA:7,1,0,5
BRDA:7,1,1,5
BRDA:7,2,0,5
BRDA:7,2,1,0
BRDA:7,3,0,1
BRDA:7,3,1,0
BRDA:7,4,0,0
BRDA:7,4,1,1
BRDA:37,5,0,3
BRDA:37,5,1,4
BRDA:37,6,0,7
BRDA:37,6,1,7
BRDA:39,7,0,0
BRDA:39,7,1,16
BRDA:57,8,0,1
BRDA:57,8,1,15
BRDA:86,9,0,1
BRDA:86,9,1,3
BRDA:97,10,0,0
BRDA:97,10,1,2
BRDA:97,11,0,2
BRDA:97,11,1,0
BRDA:99,12,0,1
BRDA:99,12,1,1
BRDA:99,13,0,2
BRDA:99,13,1,1
BRDA:105,14,0,0
BRDA:105,14,1,0
BRDA:113,15,0,9
BRDA:113,15,1,8
BRDA:113,15,2,7
BRF:31
BRH:27
end_of_record
