TN:
SF:D:\Documents\Development\cru\mpdx_web\src\tests.webpack.js
FN:17,_interopRequireDefault
FN:29,(anonymous_2)
FN:30,(anonymous_3)
FN:32,(anonymous_4)
FNF:4
FNH:3
FNDA:1,_interopRequireDefault
FNDA:1,(anonymous_2)
FNDA:37,(anonymous_3)
FNDA:0,(anonymous_4)
DA:0,1
DA:4,1
DA:5,1
DA:6,1
DA:7,1
DA:8,1
DA:11,1
DA:12,1
DA:16,37
DA:19,1
DA:20,1
LF:11
LH:11
BRDA:17,1,0,0
BRDA:17,1,1,1
BRDA:17,2,0,1
BRDA:17,2,1,1
BRDA:30,3,0,1
BRDA:30,3,1,1
BRDA:36,4,0,1
BRDA:36,4,1,1
BRDA:36,5,0,1
BRDA:36,5,1,1
BRF:10
BRH:10
end_of_record
TN:
SF:D:\Documents\Development\cru\mpdx_web\src\common\api\api.service.js
FN:7,(anonymous_1)
FN:7,defineProperties
FN:7,(anonymous_3)
FN:57,_interopRequireDefault
FN:59,_classCallCheck
FN:61,appendTransform
FN:70,deserialize
FN:73,(anonymous_8)
FN:82,serialize
FN:97,(anonymous_10)
FN:100,Api
FN:116,call
FN:188,transformRequest
FN:208,(anonymous_14)
FN:219,(anonymous_15)
FN:225,(anonymous_16)
FN:238,(anonymous_17)
FN:243,(anonymous_18)
FN:252,get
FN:262,post
FN:272,put
FN:282,_delete
FN:292,handleParamsAsOther
FN:303,encodeURLarray
FN:308,cleanFilters
FN:309,(anonymous_26)
FN:331,EntityAttributes
FN:397,typeForAttribute
FN:425,typeForAttribute
FN:438,typeForAttribute
FN:489,typeForAttribute
FNF:31
FNH:25
FNDA:1,(anonymous_1)
FNDA:1,defineProperties
FNDA:1,(anonymous_3)
FNDA:12,_interopRequireDefault
FNDA:216,_classCallCheck
FNDA:33,appendTransform
FNDA:6,deserialize
FNDA:5,(anonymous_8)
FNDA:6,serialize
FNDA:1,(anonymous_10)
FNDA:108,Api
FNDA:34,call
FNDA:6,transformRequest
FNDA:0,(anonymous_14)
FNDA:6,(anonymous_15)
FNDA:0,(anonymous_16)
FNDA:5,(anonymous_17)
FNDA:1,(anonymous_18)
FNDA:30,get
FNDA:1,post
FNDA:1,put
FNDA:0,_delete
FNDA:32,handleParamsAsOther
FNDA:1,encodeURLarray
FNDA:0,cleanFilters
FNDA:0,(anonymous_26)
FNDA:108,EntityAttributes
FNDA:1,typeForAttribute
FNDA:0,typeForAttribute
FNDA:0,typeForAttribute
FNDA:0,typeForAttribute
DA:0,216
DA:1,1
DA:2,1
DA:3,1
DA:4,1
DA:5,1
DA:6,1
DA:7,1
DA:8,1
DA:9,1
DA:10,1
DA:11,1
DA:12,1
DA:14,1
DA:16,33
DA:19,33
DA:22,1
DA:23,1
DA:24,6
DA:25,6
DA:26,5
DA:27,5
DA:28,5
DA:31,1
DA:35,1
DA:36,6
DA:37,6
DA:38,1
DA:41,6
DA:42,0
DA:43,0
DA:45,0
DA:47,6
DA:51,1
DA:53,108
DA:54,108
DA:55,108
DA:56,108
DA:57,108
DA:59,108
DA:60,108
DA:61,108
DA:62,108
DA:79,34
DA:80,34
DA:81,34
DA:83,34
DA:84,2
DA:85,2
DA:86,1
DA:90,33
DA:91,0
DA:92,0
DA:93,0
DA:94,0
DA:95,0
DA:96,0
DA:98,0
DA:100,0
DA:103,33
DA:104,31
DA:108,33
DA:109,33
DA:111,33
DA:112,33
DA:115,33
DA:124,6
DA:125,6
DA:126,1
DA:127,1
DA:128,1
DA:129,0
DA:131,1
DA:134,1
DA:135,1
DA:137,0
DA:140,6
DA:141,6
DA:142,0
DA:143,0
DA:146,6
DA:149,0
DA:153,6
DA:154,0
DA:156,6
DA:157,6
DA:158,0
DA:160,6
DA:163,0
DA:169,33
DA:170,5
DA:171,1
DA:173,5
DA:175,1
DA:176,1
DA:179,33
DA:181,56
DA:182,30
DA:183,30
DA:185,1
DA:186,1
DA:187,1
DA:189,2
DA:190,1
DA:191,1
DA:193,0
DA:194,0
DA:195,0
DA:198,32
DA:199,1
DA:201,31
DA:202,31
DA:204,31
DA:207,1
DA:210,0
DA:211,0
DA:212,0
DA:213,0
DA:214,0
DA:217,0
DA:218,0
DA:221,0
DA:228,108
DA:229,108
DA:303,1
DA:306,0
DA:308,0
DA:310,0
DA:312,1
DA:331,0
DA:333,0
DA:335,0
DA:337,0
DA:344,0
DA:345,0
DA:347,0
DA:398,0
DA:399,0
DA:401,0
LF:139
LH:96
BRDA:7,1,0,8
BRDA:7,1,1,8
BRDA:7,2,0,8
BRDA:7,2,1,0
BRDA:7,3,0,1
BRDA:7,3,1,0
BRDA:7,4,0,0
BRDA:7,4,1,1
BRDA:57,5,0,3
BRDA:57,5,1,9
BRDA:57,6,0,12
BRDA:57,6,1,12
BRDA:59,7,0,0
BRDA:59,7,1,216
BRDA:63,8,0,33
BRDA:63,8,1,0
BRDA:72,9,0,5
BRDA:72,9,1,1
BRDA:72,10,0,6
BRDA:72,10,1,6
BRDA:74,11,0,5
BRDA:74,11,1,5
BRDA:84,12,0,1
BRDA:84,12,1,5
BRDA:84,13,0,6
BRDA:84,13,1,1
BRDA:88,14,0,0
BRDA:88,14,1,6
BRDA:89,15,0,0
BRDA:89,15,1,0
BRDA:122,16,0,3
BRDA:122,16,1,31
BRDA:125,17,0,34
BRDA:125,17,1,0
BRDA:127,18,0,34
BRDA:127,18,1,0
BRDA:129,19,0,34
BRDA:129,19,1,0
BRDA:131,20,0,34
BRDA:131,20,1,0
BRDA:133,21,0,34
BRDA:133,21,1,0
BRDA:135,22,0,34
BRDA:135,22,1,0
BRDA:137,23,0,34
BRDA:137,23,1,0
BRDA:139,24,0,34
BRDA:139,24,1,0
BRDA:141,25,0,34
BRDA:141,25,1,0
BRDA:143,26,0,34
BRDA:143,26,1,0
BRDA:145,27,0,34
BRDA:145,27,1,0
BRDA:148,28,0,2
BRDA:148,28,1,32
BRDA:150,29,0,1
BRDA:150,29,1,1
BRDA:155,30,0,0
BRDA:155,30,1,33
BRDA:159,31,0,0
BRDA:159,31,1,0
BRDA:168,32,0,31
BRDA:168,32,1,2
BRDA:168,33,0,33
BRDA:168,33,1,2
BRDA:173,34,0,33
BRDA:173,34,1,0
BRDA:176,35,0,33
BRDA:176,35,1,0
BRDA:190,36,0,1
BRDA:190,36,1,5
BRDA:190,37,0,6
BRDA:190,37,1,6
BRDA:190,37,2,1
BRDA:190,37,3,5
BRDA:191,38,0,1
BRDA:191,38,1,0
BRDA:193,39,0,0
BRDA:193,39,1,1
BRDA:193,40,0,1
BRDA:193,40,1,1
BRDA:193,40,2,0
BRDA:199,41,0,1
BRDA:199,41,1,0
BRDA:205,42,0,6
BRDA:205,42,1,0
BRDA:206,43,0,0
BRDA:206,43,1,6
BRDA:220,44,0,0
BRDA:220,44,1,6
BRDA:223,45,0,6
BRDA:223,45,1,0
BRDA:224,46,0,0
BRDA:224,46,1,6
BRDA:239,47,0,1
BRDA:239,47,1,4
BRDA:293,48,0,1
BRDA:293,48,1,31
BRDA:293,49,0,32
BRDA:293,49,1,5
BRDA:296,50,0,31
BRDA:296,50,1,0
BRDA:297,51,0,31
BRDA:297,51,1,4
BRDA:310,52,0,0
BRDA:310,52,1,0
BRDA:312,53,0,0
BRDA:312,53,1,0
BRDA:316,54,0,0
BRDA:316,54,1,0
BRDA:316,55,0,0
BRDA:316,55,1,0
BRDA:398,56,0,0
BRDA:398,56,1,0
BRDA:398,56,2,0
BRDA:398,56,3,0
BRDA:398,56,4,1
BRDA:426,57,0,0
BRDA:426,57,1,0
BRDA:426,57,2,0
BRDA:439,58,0,0
BRDA:439,58,1,0
BRDA:490,59,0,0
BRDA:490,59,1,0
BRF:125
BRH:76
end_of_record
TN:
SF:D:\Documents\Development\cru\mpdx_web\config\test.js
FNF:0
FNH:0
DA:0,1
LF:1
LH:1
BRF:0
BRH:0
end_of_record
TN:
SF:D:\Documents\Development\cru\mpdx_web\src\common\fp\joinComma.js
FN:19,_interopRequireDefault
FN:21,(anonymous_2)
FNF:2
FNH:2
FNDA:3,_interopRequireDefault
FNDA:49,(anonymous_2)
DA:0,3
DA:1,1
DA:2,1
DA:3,1
DA:6,49
DA:7,42
DA:9,7
LF:7
LH:7
BRDA:19,1,0,0
BRDA:19,1,1,3
BRDA:19,2,0,3
BRDA:19,2,1,3
BRDA:22,3,0,42
BRDA:22,3,1,7
BRF:6
BRH:6
end_of_record
TN:
SF:D:\Documents\Development\cru\mpdx_web\src\common\fp\reduceObject.js
FN:11,_interopRequireDefault
FN:15,(anonymous_2)
FNF:2
FNH:2
FNDA:1,_interopRequireDefault
FNDA:8,(anonymous_2)
DA:0,1
DA:1,1
DA:2,1
DA:4,8
LF:4
LH:4
BRDA:11,1,0,0
BRDA:11,1,1,1
BRDA:11,2,0,1
BRDA:11,2,1,1
BRF:4
BRH:4
end_of_record
TN:
SF:D:\Documents\Development\cru\mpdx_web\src\common\fp\createPatch.js
FN:19,_interopRequireDefault
FN:21,(anonymous_2)
FN:22,(anonymous_3)
FNF:3
FNH:3
FNDA:3,_interopRequireDefault
FNDA:1,(anonymous_2)
FNDA:3,(anonymous_3)
DA:0,3
DA:1,1
DA:2,1
DA:3,1
DA:6,1
DA:7,3
DA:8,1
DA:10,3
DA:11,1
DA:13,3
LF:10
LH:10
BRDA:19,1,0,1
BRDA:19,1,1,2
BRDA:19,2,0,3
BRDA:19,2,1,3
BRDA:23,3,0,1
BRDA:23,3,1,2
BRDA:26,4,0,1
BRDA:26,4,1,2
BRF:8
BRH:8
end_of_record
TN:
SF:D:\Documents\Development\cru\mpdx_web\src\common\fp\emptyToNull.js
FN:15,_interopRequireDefault
FN:17,(anonymous_2)
FNF:2
FNH:2
FNDA:2,_interopRequireDefault
FNDA:26,(anonymous_2)
DA:0,2
DA:1,1
DA:2,1
DA:4,26
LF:4
LH:4
BRDA:15,1,0,0
BRDA:15,1,1,2
BRDA:15,2,0,2
BRDA:15,2,1,2
BRDA:18,3,0,20
BRDA:18,3,1,6
BRF:6
BRH:6
end_of_record
TN:
SF:D:\Documents\Development\cru\mpdx_web\src\common\fp\escapeComma.js
FN:11,_interopRequireDefault
FNF:1
FNH:1
FNDA:1,_interopRequireDefault
DA:0,1
DA:1,1
LF:2
LH:2
BRDA:11,1,0,1
BRDA:11,1,1,0
BRDA:11,2,0,1
BRDA:11,2,1,1
BRF:4
BRH:4
end_of_record
TN:
SF:D:\Documents\Development\cru\mpdx_web\src\common\fp\replaceAll.js
FN:19,_interopRequireDefault
FN:21,(anonymous_2)
FNF:2
FNH:2
FNDA:3,_interopRequireDefault
FNDA:3,(anonymous_2)
DA:0,3
DA:1,1
DA:2,1
DA:3,1
DA:5,3
LF:5
LH:5
BRDA:19,1,0,0
BRDA:19,1,1,3
BRDA:19,2,0,3
BRDA:19,2,1,3
BRF:4
BRH:4
end_of_record
TN:
SF:D:\Documents\Development\cru\mpdx_web\src\common\fp\mapByName.js
FN:11,_interopRequireDefault
FN:13,(anonymous_2)
FNF:2
FNH:2
FNDA:1,_interopRequireDefault
FNDA:2,(anonymous_2)
DA:0,1
DA:1,1
DA:3,2
LF:3
LH:3
BRDA:11,1,0,0
BRDA:11,1,1,1
BRDA:11,2,0,1
BRDA:11,2,1,1
BRF:4
BRH:4
end_of_record
TN:
SF:D:\Documents\Development\cru\mpdx_web\src\common\fp\replaceUnderscore.js
FN:11,_interopRequireDefault
FNF:1
FNH:1
FNDA:1,_interopRequireDefault
DA:0,1
DA:1,1
LF:2
LH:2
BRDA:11,1,0,1
BRDA:11,1,1,0
BRDA:11,2,0,1
BRDA:11,2,1,1
BRF:4
BRH:4
end_of_record
TN:
SF:D:\Documents\Development\cru\mpdx_web\src\common\fp\upsert.js
FN:15,_interopRequireDefault
FN:17,(anonymous_2)
FNF:2
FNH:2
FNDA:2,_interopRequireDefault
FNDA:2,(anonymous_2)
DA:0,2
DA:1,1
DA:2,1
DA:4,2
LF:4
LH:4
BRDA:15,1,0,0
BRDA:15,1,1,2
BRDA:15,2,0,2
BRDA:15,2,1,2
BRF:4
BRH:4
end_of_record
TN:
SF:D:\Documents\Development\cru\mpdx_web\src\contacts\contacts.service.js
FN:7,(anonymous_1)
FN:7,defineProperties
FN:7,(anonymous_3)
FN:109,_interopRequireDefault
FN:111,_classCallCheck
FN:113,(anonymous_6)
FN:116,ContactsService
FN:135,(anonymous_8)
FN:139,(anonymous_9)
FN:143,(anonymous_10)
FN:150,get
FN:157,(anonymous_12)
FN:164,getReferrals
FN:175,(anonymous_14)
FN:183,getNames
FN:191,search
FN:209,buildFilterParams
FN:223,save
FN:229,(anonymous_19)
FN:238,create
FN:242,(anonymous_21)
FN:249,addBulk
FN:252,(anonymous_23)
FN:258,addReferrals
FN:264,(anonymous_25)
FN:270,findChangedFilters
FN:273,(anonymous_27)
FN:289,isSelected
FN:294,selectContact
FN:303,clearSelectedContacts
FN:308,hideContact
FN:312,(anonymous_32)
FN:321,bulkSave
FN:326,bulkEditFields
FN:327,(anonymous_35)
FN:334,getAnalytics
FN:355,beforeDeserializationTransform
FN:357,(anonymous_38)
FN:359,(anonymous_39)
FN:379,(anonymous_40)
FN:387,merge
FN:388,(anonymous_42)
FN:397,bulkMerge
FN:398,(anonymous_44)
FN:407,openAddressModal
FN:417,onHide
FN:425,saveAddress
FN:430,addAddress
FN:435,deleteAddress
FN:439,(anonymous_50)
FN:445,openAddReferralsModal
FN:456,openNewContactModal
FN:464,openMapContactsModal
FN:475,openMultipleAddModal
FNF:54
FNH:38
FNDA:1,(anonymous_1)
FNDA:1,defineProperties
FNDA:1,(anonymous_3)
FNDA:25,_interopRequireDefault
FNDA:87,_classCallCheck
FNDA:1,(anonymous_6)
FNDA:87,ContactsService
FNDA:2,(anonymous_8)
FNDA:1,(anonymous_9)
FNDA:0,(anonymous_10)
FNDA:0,get
FNDA:0,(anonymous_12)
FNDA:0,getReferrals
FNDA:0,(anonymous_14)
FNDA:26,getNames
FNDA:0,search
FNDA:6,buildFilterParams
FNDA:4,save
FNDA:4,(anonymous_19)
FNDA:0,create
FNDA:0,(anonymous_21)
FNDA:0,addBulk
FNDA:0,(anonymous_23)
FNDA:0,addReferrals
FNDA:0,(anonymous_25)
FNDA:6,findChangedFilters
FNDA:4,(anonymous_27)
FNDA:0,isSelected
FNDA:0,selectContact
FNDA:39,clearSelectedContacts
FNDA:0,hideContact
FNDA:0,(anonymous_32)
FNDA:1,bulkSave
FNDA:0,bulkEditFields
FNDA:0,(anonymous_35)
FNDA:0,getAnalytics
FNDA:0,beforeDeserializationTransform
FNDA:0,(anonymous_38)
FNDA:0,(anonymous_39)
FNDA:0,(anonymous_40)
FNDA:0,merge
FNDA:0,(anonymous_42)
FNDA:0,bulkMerge
FNDA:0,(anonymous_44)
FNDA:0,openAddressModal
FNDA:0,onHide
FNDA:0,saveAddress
FNDA:0,addAddress
FNDA:0,deleteAddress
FNDA:0,(anonymous_50)
FNDA:0,openAddReferralsModal
FNDA:0,openNewContactModal
FNDA:0,openMapContactsModal
FNDA:0,openMultipleAddModal
DA:0,87
DA:1,1
DA:2,1
DA:3,1
DA:4,1
DA:5,1
DA:6,1
DA:7,1
DA:8,1
DA:9,1
DA:10,1
DA:11,1
DA:12,1
DA:13,1
DA:14,1
DA:15,1
DA:16,1
DA:17,1
DA:18,1
DA:19,1
DA:29,1
DA:32,87
DA:33,87
DA:34,87
DA:35,87
DA:36,87
DA:37,87
DA:38,87
DA:39,87
DA:40,87
DA:41,87
DA:43,87
DA:44,87
DA:45,87
DA:47,87
DA:48,2
DA:51,87
DA:52,1
DA:55,87
DA:56,0
DA:60,0
DA:67,0
DA:68,0
DA:71,0
DA:72,0
DA:81,0
DA:82,0
DA:83,0
DA:87,26
DA:93,0
DA:109,6
DA:110,6
DA:111,6
DA:118,6
DA:120,4
DA:121,4
DA:122,3
DA:124,4
DA:125,4
DA:126,4
DA:128,4
DA:131,0
DA:132,0
DA:133,0
DA:134,0
DA:135,0
DA:138,0
DA:139,0
DA:140,0
DA:143,0
DA:144,0
DA:148,0
DA:151,6
DA:152,6
DA:153,4
DA:154,4
DA:155,4
DA:156,0
DA:157,0
DA:159,4
DA:160,4
DA:163,4
DA:167,0
DA:170,0
DA:171,0
DA:173,0
DA:177,39
DA:179,0
DA:180,0
DA:181,0
DA:182,0
DA:189,1
DA:192,0
DA:195,0
DA:197,0
DA:198,0
DA:199,0
DA:201,0
DA:225,0
DA:226,0
DA:227,0
DA:228,0
DA:229,0
DA:231,0
DA:233,0
DA:238,0
DA:241,0
DA:243,0
DA:248,0
DA:249,0
DA:250,0
DA:254,0
DA:255,0
DA:256,0
DA:258,0
DA:262,0
DA:263,0
DA:264,0
DA:266,0
DA:270,0
DA:272,0
DA:280,0
DA:283,0
DA:286,0
DA:289,0
DA:291,0
DA:292,0
DA:293,0
DA:294,0
DA:298,0
DA:307,0
DA:313,0
DA:322,0
DA:329,1
DA:330,1
DA:331,1
DA:332,1
DA:333,1
DA:334,1
LF:139
LH:67
BRDA:7,1,0,27
BRDA:7,1,1,27
BRDA:7,2,0,27
BRDA:7,2,1,0
BRDA:7,3,0,1
BRDA:7,3,1,0
BRDA:7,4,0,0
BRDA:7,4,1,1
BRDA:109,5,0,9
BRDA:109,5,1,16
BRDA:109,6,0,25
BRDA:109,6,1,25
BRDA:111,7,0,0
BRDA:111,7,1,87
BRDA:226,8,0,3
BRDA:226,8,1,1
BRDA:230,9,0,4
BRDA:230,9,1,0
BRDA:274,10,0,4
BRDA:274,10,1,0
BRDA:276,11,0,0
BRDA:276,11,1,4
BRDA:277,12,0,0
BRDA:277,12,1,0
BRDA:280,13,0,4
BRDA:280,13,1,0
BRDA:295,14,0,0
BRDA:295,14,1,0
BRDA:337,15,0,0
BRDA:337,15,1,0
BRDA:337,16,0,0
BRDA:337,16,1,0
BRDA:339,17,0,0
BRDA:339,17,1,0
BRDA:339,18,0,0
BRDA:339,18,1,0
BRDA:358,19,0,0
BRDA:358,19,1,0
BRDA:360,20,0,0
BRDA:360,20,1,0
BRDA:363,21,0,0
BRDA:363,21,1,0
BRDA:389,22,0,0
BRDA:389,22,1,0
BRDA:399,23,0,0
BRDA:399,23,1,0
BRF:46
BRH:20
end_of_record
TN:
SF:D:\Documents\Development\cru\mpdx_web\src\common\fp\relationshipId.js
FN:15,_interopRequireDefault
FN:17,(anonymous_2)
FN:21,(anonymous_3)
FN:23,valueForRelationship
FNF:4
FNH:1
FNDA:2,_interopRequireDefault
FNDA:0,(anonymous_2)
FNDA:0,(anonymous_3)
FNDA:0,valueForRelationship
DA:0,2
DA:1,1
DA:2,1
DA:5,0
DA:6,0
DA:8,0
DA:9,0
DA:11,0
DA:16,0
LF:9
LH:3
BRDA:15,1,0,0
BRDA:15,1,1,2
BRDA:15,2,0,2
BRDA:15,2,1,2
BRDA:18,3,0,0
BRDA:18,3,1,0
BRF:6
BRH:4
end_of_record
TN:
SF:D:\Documents\Development\cru\mpdx_web\src\common\alerts\alerts.service.js
FN:7,(anonymous_1)
FN:7,defineProperties
FN:7,(anonymous_3)
FN:9,_classCallCheck
FN:11,(anonymous_5)
FN:14,AlertsService
FN:22,addAlert
FNF:7
FNH:7
FNDA:1,(anonymous_1)
FNDA:1,defineProperties
FNDA:1,(anonymous_3)
FNDA:91,_classCallCheck
FNDA:1,(anonymous_5)
FNDA:91,AlertsService
FNDA:0,addAlert
DA:0,91
DA:4,1
DA:6,91
DA:7,91
DA:12,0
LF:5
LH:4
BRDA:7,1,0,1
BRDA:7,1,1,1
BRDA:7,2,0,1
BRDA:7,2,1,0
BRDA:7,3,0,1
BRDA:7,3,1,0
BRDA:7,4,0,0
BRDA:7,4,1,1
BRDA:9,5,0,0
BRDA:9,5,1,91
BRDA:25,6,0,0
BRDA:25,6,1,0
BRDA:26,7,0,0
BRDA:26,7,1,0
BRF:14
BRH:10
end_of_record
TN:
SF:D:\Documents\Development\cru\mpdx_web\src\contacts\sidebar\filter\filter.service.js
FN:7,(anonymous_1)
FN:7,defineProperties
FN:7,(anonymous_3)
FN:17,_interopRequireDefault
FN:19,_classCallCheck
FN:21,(anonymous_6)
FN:24,FilterService
FN:41,load
FN:54,(anonymous_9)
FN:66,count
FN:71,reset
FN:84,change
FN:89,isResettable
FNF:13
FNH:12
FNDA:1,(anonymous_1)
FNDA:1,defineProperties
FNDA:1,(anonymous_3)
FNDA:2,_interopRequireDefault
FNDA:87,_classCallCheck
FNDA:1,(anonymous_6)
FNDA:87,FilterService
FNDA:0,load
FNDA:0,(anonymous_9)
FNDA:0,count
FNDA:0,reset
FNDA:0,change
FNDA:0,isResettable
DA:0,87
DA:1,1
DA:7,1
DA:10,87
DA:11,87
DA:12,87
DA:13,87
DA:14,87
DA:16,87
DA:17,87
DA:18,87
DA:19,87
DA:20,87
DA:22,0
DA:23,0
DA:24,0
DA:26,0
DA:31,0
DA:32,0
DA:33,0
DA:34,0
DA:38,0
DA:40,0
DA:41,0
DA:42,0
DA:43,0
DA:44,0
DA:45,0
DA:47,0
DA:50,0
DA:53,0
DA:57,1
LF:32
LH:14
BRDA:7,1,0,5
BRDA:7,1,1,5
BRDA:7,2,0,5
BRDA:7,2,1,0
BRDA:7,3,0,1
BRDA:7,3,1,0
BRDA:7,4,0,0
BRDA:7,4,1,1
BRDA:17,5,0,1
BRDA:17,5,1,1
BRDA:17,6,0,2
BRDA:17,6,1,2
BRDA:19,7,0,0
BRDA:19,7,1,87
BRDA:44,8,0,0
BRDA:44,8,1,0
BRDA:44,9,0,0
BRDA:44,9,1,0
BRDA:46,10,0,0
BRDA:46,10,1,0
BRDA:72,11,0,0
BRDA:72,11,1,0
BRDA:72,12,0,0
BRDA:72,12,1,0
BRDA:77,13,0,0
BRDA:77,13,1,0
BRDA:90,14,0,0
BRDA:90,14,1,0
BRF:28
BRH:14
end_of_record
TN:
SF:D:\Documents\Development\cru\mpdx_web\src\common\filters\filters.service.js
FN:7,(anonymous_1)
FN:7,defineProperties
FN:7,(anonymous_3)
FN:61,_interopRequireDefault
FN:63,_classCallCheck
FN:65,(anonymous_6)
FN:68,Filters
FN:78,count
FN:82,(anonymous_9)
FN:88,load
FN:103,(anonymous_11)
FN:105,(anonymous_12)
FN:109,(anonymous_13)
FN:117,(anonymous_14)
FN:119,(anonymous_15)
FN:143,reset
FN:156,invertMultiselect
FNF:17
FNH:11
FNDA:1,(anonymous_1)
FNDA:1,defineProperties
FNDA:1,(anonymous_3)
FNDA:13,_interopRequireDefault
FNDA:87,_classCallCheck
FNDA:1,(anonymous_6)
FNDA:87,Filters
FNDA:0,count
FNDA:0,(anonymous_9)
FNDA:0,load
FNDA:0,(anonymous_11)
FNDA:0,(anonymous_12)
FNDA:0,(anonymous_13)
FNDA:0,(anonymous_14)
FNDA:0,(anonymous_15)
FNDA:0,reset
FNDA:0,invertMultiselect
DA:0,87
DA:1,1
DA:2,1
DA:3,1
DA:4,1
DA:5,1
DA:6,1
DA:7,1
DA:8,1
DA:9,1
DA:10,1
DA:11,1
DA:12,1
DA:13,1
DA:17,1
DA:20,87
DA:21,87
DA:22,87
DA:23,87
DA:25,0
DA:26,0
DA:28,0
DA:29,0
DA:30,0
DA:36,0
DA:37,0
DA:38,0
DA:39,0
DA:40,0
DA:41,0
DA:42,0
DA:44,0
DA:46,0
DA:48,0
DA:49,0
DA:50,0
DA:51,0
DA:52,0
DA:53,0
DA:55,0
DA:58,0
DA:60,0
DA:62,0
DA:63,0
DA:70,0
DA:71,0
DA:72,0
DA:73,0
DA:77,0
DA:78,0
DA:80,0
DA:81,0
DA:82,0
DA:86,0
DA:87,0
DA:90,0
DA:91,0
LF:57
LH:19
BRDA:7,1,0,4
BRDA:7,1,1,4
BRDA:7,2,0,4
BRDA:7,2,1,0
BRDA:7,3,0,1
BRDA:7,3,1,0
BRDA:7,4,0,0
BRDA:7,4,1,1
BRDA:61,5,0,0
BRDA:61,5,1,13
BRDA:61,6,0,13
BRDA:61,6,1,13
BRDA:63,7,0,0
BRDA:63,7,1,87
BRDA:96,8,0,0
BRDA:96,8,1,0
BRDA:110,9,0,0
BRDA:110,9,1,0
BRDA:110,10,0,0
BRDA:110,10,1,0
BRDA:118,11,0,0
BRDA:118,11,1,0
BRDA:120,12,0,0
BRDA:120,12,1,0
BRDA:122,13,0,0
BRDA:122,13,1,0
BRDA:161,14,0,0
BRDA:161,14,1,0
BRDA:166,15,0,0
BRDA:166,15,1,0
BRF:30
BRH:14
end_of_record
TN:
SF:D:\Documents\Development\cru\mpdx_web\src\contacts\sidebar\filter\tags\tags.service.js
FN:7,(anonymous_1)
FN:7,defineProperties
FN:7,(anonymous_3)
FN:33,_interopRequireDefault
FN:35,_classCallCheck
FN:37,(anonymous_6)
FN:40,TagsService
FN:57,(anonymous_8)
FN:61,(anonymous_9)
FN:62,(anonymous_10)
FN:71,change
FN:77,load
FN:86,(anonymous_13)
FN:94,_delete
FN:105,(anonymous_15)
FN:114,tagContact
FN:129,untagContact
FN:142,(anonymous_18)
FN:143,(anonymous_19)
FN:151,isTagActive
FN:160,isTagRejected
FN:165,tagClick
FN:180,changeAny
FN:186,isResettable
FN:191,reset
FN:198,getTagsByQuery
FNF:26
FNH:19
FNDA:1,(anonymous_1)
FNDA:1,defineProperties
FNDA:1,(anonymous_3)
FNDA:6,_interopRequireDefault
FNDA:91,_classCallCheck
FNDA:1,(anonymous_6)
FNDA:91,TagsService
FNDA:0,(anonymous_8)
FNDA:0,(anonymous_9)
FNDA:0,(anonymous_10)
FNDA:0,change
FNDA:1,load
FNDA:0,(anonymous_13)
FNDA:0,_delete
FNDA:0,(anonymous_15)
FNDA:0,tagContact
FNDA:0,untagContact
FNDA:0,(anonymous_18)
FNDA:0,(anonymous_19)
FNDA:0,isTagActive
FNDA:0,isTagRejected
FNDA:0,tagClick
FNDA:0,changeAny
FNDA:0,isResettable
FNDA:0,reset
FNDA:0,getTagsByQuery
DA:0,91
DA:1,1
DA:2,1
DA:3,1
DA:4,1
DA:5,1
DA:6,1
DA:12,1
DA:15,91
DA:16,91
DA:17,91
DA:18,91
DA:19,91
DA:20,91
DA:21,91
DA:23,91
DA:24,91
DA:25,91
DA:26,91
DA:28,91
DA:29,0
DA:32,91
DA:33,0
DA:34,0
DA:36,0
DA:40,0
DA:41,0
DA:43,1
DA:44,1
DA:45,0
DA:48,1
DA:49,0
DA:50,0
DA:51,0
DA:54,0
DA:55,0
DA:60,0
DA:63,0
DA:64,0
DA:65,0
DA:66,0
DA:67,0
DA:71,0
DA:83,0
DA:84,0
DA:90,0
DA:93,0
DA:94,0
DA:95,0
DA:96,0
DA:97,0
DA:102,0
DA:103,0
DA:105,0
DA:109,0
DA:112,0
DA:113,0
DA:114,0
DA:115,0
DA:116,0
DA:117,0
DA:118,0
DA:120,0
DA:122,0
DA:125,0
DA:126,0
DA:129,0
DA:132,0
DA:133,0
DA:134,0
DA:137,0
LF:71
LH:24
BRDA:7,1,0,12
BRDA:7,1,1,12
BRDA:7,2,0,12
BRDA:7,2,1,0
BRDA:7,3,0,1
BRDA:7,3,1,0
BRDA:7,4,0,0
BRDA:7,4,1,1
BRDA:33,5,0,1
BRDA:33,5,1,5
BRDA:33,6,0,6
BRDA:33,6,1,6
BRDA:35,7,0,0
BRDA:35,7,1,91
BRDA:80,8,0,0
BRDA:80,8,1,1
BRDA:80,9,0,1
BRDA:80,9,1,0
BRDA:82,10,0,0
BRDA:82,10,1,1
BRDA:82,11,0,1
BRDA:82,11,1,0
BRDA:152,12,0,0
BRDA:152,12,1,0
BRDA:168,13,0,0
BRDA:168,13,1,0
BRDA:171,14,0,0
BRDA:171,14,1,0
BRDA:187,15,0,0
BRDA:187,15,1,0
BRF:30
BRH:18
end_of_record
TN:
SF:D:\Documents\Development\cru\mpdx_web\src\common\modal\modal.service.js
FN:7,(anonymous_1)
FN:7,defineProperties
FN:7,(anonymous_3)
FN:13,_interopRequireDefault
FN:15,_classCallCheck
FN:17,(anonymous_6)
FN:20,ModalService
FN:35,open
FN:38,(anonymous_9)
FN:50,confirm
FN:68,info
FN:80,onHide
FNF:12
FNH:10
FNDA:1,(anonymous_1)
FNDA:1,defineProperties
FNDA:1,(anonymous_3)
FNDA:1,_interopRequireDefault
FNDA:95,_classCallCheck
FNDA:1,(anonymous_6)
FNDA:95,ModalService
FNDA:0,open
FNDA:0,(anonymous_9)
FNDA:0,confirm
FNDA:0,info
FNDA:0,onHide
DA:0,95
DA:1,1
DA:4,95
DA:5,95
DA:6,95
DA:7,95
DA:15,0
DA:16,0
DA:17,0
DA:18,0
DA:19,0
DA:20,0
DA:23,0
DA:24,0
DA:25,0
DA:27,0
DA:28,0
DA:29,0
DA:38,0
DA:39,0
DA:41,0
DA:42,0
DA:43,0
DA:52,0
DA:55,0
DA:56,0
LF:26
LH:6
BRDA:7,1,0,3
BRDA:7,1,1,3
BRDA:7,2,0,3
BRDA:7,2,1,0
BRDA:7,3,0,1
BRDA:7,3,1,0
BRDA:7,4,0,0
BRDA:7,4,1,1
BRDA:13,5,0,0
BRDA:13,5,1,1
BRDA:13,6,0,1
BRDA:13,6,1,1
BRDA:15,7,0,0
BRDA:15,7,1,95
BRDA:40,8,0,0
BRDA:40,8,1,0
BRDA:51,9,0,0
BRDA:51,9,1,0
BRDA:51,10,0,0
BRDA:51,10,1,0
BRDA:69,11,0,0
BRDA:69,11,1,0
BRDA:69,12,0,0
BRDA:69,12,1,0
BRF:24
BRH:14
end_of_record
TN:
SF:D:\Documents\Development\cru\mpdx_web\src\contacts\list\list.component.js
FN:7,(anonymous_1)
FN:7,defineProperties
FN:7,(anonymous_3)
FN:57,_interopRequireDefault
FN:59,_classCallCheck
FN:61,(anonymous_6)
FN:64,ListController
FN:96,(anonymous_8)
FN:100,(anonymous_9)
FN:104,(anonymous_10)
FN:108,(anonymous_11)
FN:115,$onInit
FN:120,loadMoreContacts
FN:129,toggleAllContacts
FN:138,hideContact
FN:141,(anonymous_16)
FN:147,openAddTagModal
FN:158,openRemoveTagModal
FN:170,openAddTaskModal
FN:175,openLogTaskModal
FN:180,openEditFieldsModal
FN:191,openMergeContactsModal
FN:209,openExportContactsModal
FN:220,openMapContactsModal
FN:231,load
FN:268,(anonymous_26)
FN:297,getSelectedContacts
FN:301,(anonymous_28)
FN:305,(anonymous_29)
FN:314,selectAllContacts
FN:321,(anonymous_31)
FN:323,(anonymous_32)
FN:332,bulkHideContacts
FN:336,(anonymous_34)
FN:337,(anonymous_35)
FN:343,(anonymous_36)
FN:350,getCompleteFilteredList
FN:365,getTotalCount
FN:374,(anonymous_39)
FNF:39
FNH:36
FNDA:1,(anonymous_1)
FNDA:1,defineProperties
FNDA:1,(anonymous_3)
FNDA:12,_interopRequireDefault
FNDA:37,_classCallCheck
FNDA:1,(anonymous_6)
FNDA:37,ListController
FNDA:1,(anonymous_8)
FNDA:0,(anonymous_9)
FNDA:1,(anonymous_10)
FNDA:1,(anonymous_11)
FNDA:1,$onInit
FNDA:4,loadMoreContacts
FNDA:2,toggleAllContacts
FNDA:2,hideContact
FNDA:2,(anonymous_16)
FNDA:1,openAddTagModal
FNDA:1,openRemoveTagModal
FNDA:1,openAddTaskModal
FNDA:1,openLogTaskModal
FNDA:1,openEditFieldsModal
FNDA:3,openMergeContactsModal
FNDA:1,openExportContactsModal
FNDA:1,openMapContactsModal
FNDA:6,load
FNDA:6,(anonymous_26)
FNDA:9,getSelectedContacts
FNDA:4,(anonymous_28)
FNDA:2,(anonymous_29)
FNDA:0,selectAllContacts
FNDA:0,(anonymous_31)
FNDA:0,(anonymous_32)
FNDA:3,bulkHideContacts
FNDA:3,(anonymous_34)
FNDA:4,(anonymous_35)
FNDA:2,(anonymous_36)
FNDA:1,getCompleteFilteredList
FNDA:1,getTotalCount
FNDA:1,(anonymous_39)
DA:0,37
DA:1,1
DA:2,1
DA:3,1
DA:4,1
DA:5,1
DA:6,1
DA:7,1
DA:8,1
DA:9,1
DA:20,1
DA:23,37
DA:24,37
DA:25,37
DA:26,37
DA:27,37
DA:28,37
DA:29,37
DA:30,37
DA:31,37
DA:32,37
DA:33,37
DA:34,37
DA:36,37
DA:37,37
DA:38,37
DA:39,37
DA:40,37
DA:41,37
DA:42,37
DA:47,37
DA:48,37
DA:49,37
DA:51,37
DA:52,1
DA:55,37
DA:56,0
DA:59,37
DA:60,1
DA:63,37
DA:64,1
DA:68,1
DA:71,4
DA:72,2
DA:74,2
DA:75,2
DA:78,2
DA:79,1
DA:81,1
DA:84,2
DA:85,2
DA:86,2
DA:90,1
DA:99,1
DA:109,1
DA:112,1
DA:115,1
DA:124,3
DA:125,3
DA:126,2
DA:127,1
DA:128,0
DA:130,1
DA:140,1
DA:149,1
DA:157,6
DA:158,6
DA:159,6
DA:161,6
DA:162,6
DA:163,5
DA:164,5
DA:165,5
DA:166,5
DA:167,5
DA:168,5
DA:169,5
DA:172,6
DA:191,6
DA:192,0
DA:193,0
DA:195,0
DA:196,0
DA:197,0
DA:198,0
DA:200,0
DA:201,0
DA:202,0
DA:203,0
DA:205,0
DA:206,0
DA:207,0
DA:209,0
DA:211,0
DA:212,0
DA:213,0
DA:214,0
DA:217,9
DA:218,9
DA:219,2
DA:220,4
DA:223,7
DA:224,2
DA:225,2
DA:227,2
DA:230,0
DA:231,0
DA:232,0
DA:233,0
DA:234,0
DA:236,0
DA:239,0
DA:242,3
DA:243,3
DA:244,3
DA:245,3
DA:246,4
DA:251,3
DA:252,2
DA:257,1
DA:269,1
DA:270,1
DA:276,1
DA:281,1
DA:290,1
DA:291,1
DA:292,1
LF:127
LH:100
BRDA:7,1,0,18
BRDA:7,1,1,18
BRDA:7,2,0,18
BRDA:7,2,1,0
BRDA:7,3,0,1
BRDA:7,3,1,0
BRDA:7,4,0,0
BRDA:7,4,1,1
BRDA:57,5,0,3
BRDA:57,5,1,9
BRDA:57,6,0,12
BRDA:57,6,1,12
BRDA:59,7,0,0
BRDA:59,7,1,37
BRDA:121,8,0,2
BRDA:121,8,1,2
BRDA:121,9,0,4
BRDA:121,9,1,3
BRDA:130,10,0,1
BRDA:130,10,1,1
BRDA:193,11,0,2
BRDA:193,11,1,1
BRDA:195,12,0,0
BRDA:195,12,1,1
BRDA:234,13,0,1
BRDA:234,13,1,5
BRDA:234,14,0,6
BRDA:234,14,1,1
BRDA:240,15,0,5
BRDA:240,15,1,1
BRDA:270,16,0,0
BRDA:270,16,1,0
BRDA:270,17,0,0
BRDA:270,17,1,0
BRDA:275,18,0,0
BRDA:275,18,1,0
BRDA:278,19,0,0
BRDA:278,19,1,0
BRDA:284,20,0,0
BRDA:284,20,1,0
BRDA:300,21,0,2
BRDA:300,21,1,7
BRDA:306,22,0,2
BRDA:306,22,1,0
BRDA:317,23,0,0
BRDA:317,23,1,0
BRDA:317,24,0,0
BRDA:317,24,1,0
BRDA:319,25,0,0
BRDA:319,25,1,0
BRF:50
BRH:32
end_of_record
TN:
SF:D:\Documents\Development\cru\mpdx_web\src\tasks\tasks.service.js
FN:7,(anonymous_1)
FN:7,defineProperties
FN:7,(anonymous_3)
FN:121,_interopRequireDefault
FN:123,_classCallCheck
FN:125,(anonymous_6)
FN:128,TasksService
FN:165,reset
FN:171,get
FN:187,(anonymous_10)
FN:198,getList
FN:212,(anonymous_12)
FN:219,getAnalytics
FN:222,(anonymous_14)
FN:230,load
FN:267,(anonymous_16)
FN:274,(anonymous_17)
FN:283,process
FN:300,loadMoreTasks
FN:308,save
FN:322,(anonymous_21)
FN:328,change
FN:333,create
FN:343,(anonymous_24)
FN:356,(anonymous_25)
FN:368,(anonymous_26)
FN:371,(anonymous_27)
FN:377,bulkComplete
FN:380,(anonymous_29)
FN:386,(anonymous_30)
FN:387,(anonymous_31)
FN:398,bulkEdit
FN:401,(anonymous_33)
FN:409,(anonymous_34)
FN:417,addComment
FN:420,(anonymous_36)
FN:431,deleteComment
FN:432,(anonymous_38)
FN:438,_delete
FN:442,(anonymous_40)
FN:443,(anonymous_41)
FN:451,bulkDelete
FN:458,(anonymous_43)
FN:462,(anonymous_44)
FN:463,(anonymous_45)
FN:467,(anonymous_46)
FN:474,star
FN:479,isSelected
FN:484,select
FN:493,clearSelected
FN:498,selectAll
FN:504,(anonymous_52)
FN:513,toggleAll
FN:522,addModal
FN:528,(anonymous_55)
FN:534,newsletterModal
FN:537,(anonymous_57)
FN:543,logModal
FN:550,bulkEditModal
FN:555,editModal
FN:560,completeModal
FNF:61
FNH:37
FNDA:1,(anonymous_1)
FNDA:1,defineProperties
FNDA:1,(anonymous_3)
FNDA:28,_interopRequireDefault
FNDA:65,_classCallCheck
FNDA:1,(anonymous_6)
FNDA:65,TasksService
FNDA:0,reset
FNDA:0,get
FNDA:0,(anonymous_10)
FNDA:0,getList
FNDA:0,(anonymous_12)
FNDA:0,getAnalytics
FNDA:0,(anonymous_14)
FNDA:0,load
FNDA:0,(anonymous_16)
FNDA:0,(anonymous_17)
FNDA:0,process
FNDA:0,loadMoreTasks
FNDA:0,save
FNDA:0,(anonymous_21)
FNDA:0,change
FNDA:0,create
FNDA:0,(anonymous_24)
FNDA:0,(anonymous_25)
FNDA:0,(anonymous_26)
FNDA:0,(anonymous_27)
FNDA:0,bulkComplete
FNDA:0,(anonymous_29)
FNDA:0,(anonymous_30)
FNDA:0,(anonymous_31)
FNDA:3,bulkEdit
FNDA:6,(anonymous_33)
FNDA:3,(anonymous_34)
FNDA:0,addComment
FNDA:0,(anonymous_36)
FNDA:0,deleteComment
FNDA:0,(anonymous_38)
FNDA:0,_delete
FNDA:0,(anonymous_40)
FNDA:0,(anonymous_41)
FNDA:0,bulkDelete
FNDA:0,(anonymous_43)
FNDA:0,(anonymous_44)
FNDA:0,(anonymous_45)
FNDA:0,(anonymous_46)
FNDA:0,star
FNDA:0,isSelected
FNDA:0,select
FNDA:0,clearSelected
FNDA:0,selectAll
FNDA:0,(anonymous_52)
FNDA:0,toggleAll
FNDA:0,addModal
FNDA:0,(anonymous_55)
FNDA:0,newsletterModal
FNDA:0,(anonymous_57)
FNDA:0,logModal
FNDA:0,bulkEditModal
FNDA:0,editModal
FNDA:0,completeModal
DA:0,65
DA:1,1
DA:2,1
DA:3,1
DA:4,1
DA:5,1
DA:6,1
DA:7,1
DA:8,1
DA:9,1
DA:10,1
DA:11,1
DA:12,1
DA:13,1
DA:14,1
DA:15,1
DA:16,1
DA:17,1
DA:18,1
DA:19,1
DA:20,1
DA:25,1
DA:28,65
DA:29,65
DA:30,65
DA:31,65
DA:32,65
DA:33,65
DA:34,65
DA:35,65
DA:36,65
DA:37,65
DA:38,65
DA:39,65
DA:40,65
DA:41,65
DA:43,65
DA:44,65
DA:45,65
DA:46,65
DA:47,65
DA:48,65
DA:49,65
DA:50,65
DA:58,65
DA:61,0
DA:62,0
DA:64,0
DA:65,0
DA:77,0
DA:78,0
DA:79,0
DA:81,0
DA:82,0
DA:85,0
DA:86,0
DA:87,0
DA:98,0
DA:99,0
DA:102,0
DA:103,0
DA:104,0
DA:105,0
DA:106,0
DA:109,0
DA:110,0
DA:112,0
DA:113,0
DA:114,0
DA:117,0
DA:118,0
DA:119,0
DA:121,0
DA:122,0
DA:123,0
DA:124,0
DA:127,0
DA:142,0
DA:143,0
DA:144,0
DA:146,0
DA:147,0
DA:148,0
DA:149,0
DA:150,0
DA:154,0
DA:155,0
DA:156,0
DA:157,0
DA:158,0
DA:159,0
DA:160,0
DA:161,0
DA:162,0
DA:164,0
DA:166,0
DA:169,0
DA:170,0
DA:172,0
DA:174,0
DA:175,0
DA:176,0
DA:178,0
DA:179,0
DA:180,0
DA:182,0
DA:184,0
DA:185,0
DA:189,0
DA:191,0
DA:192,0
DA:193,0
DA:194,0
DA:195,0
DA:196,0
DA:197,0
DA:198,0
DA:199,0
DA:200,0
DA:202,0
DA:204,0
DA:205,0
DA:207,0
DA:209,0
DA:210,0
DA:211,0
DA:215,0
DA:216,0
DA:217,0
DA:219,0
DA:221,0
DA:222,0
DA:223,0
DA:226,0
DA:227,0
DA:228,0
DA:233,0
DA:234,0
DA:235,0
DA:236,0
DA:237,0
DA:238,0
DA:243,3
DA:244,3
DA:245,6
DA:246,6
DA:247,2
DA:249,6
DA:250,6
DA:252,3
DA:253,3
DA:254,3
DA:255,3
DA:258,0
DA:259,0
DA:260,0
DA:265,0
DA:269,0
DA:270,0
DA:273,0
DA:274,0
DA:275,0
DA:276,0
DA:277,0
DA:278,0
DA:282,0
DA:283,0
DA:284,0
DA:285,0
DA:287,0
DA:288,0
DA:289,0
DA:290,0
DA:291,0
DA:292,0
DA:293,0
DA:295,0
DA:300,0
DA:303,0
DA:306,0
DA:307,0
DA:309,0
DA:313,0
DA:315,0
DA:316,0
DA:317,0
DA:318,0
DA:321,0
DA:325,0
DA:326,0
DA:328,0
DA:331,0
DA:332,0
DA:333,0
DA:336,0
DA:337,0
DA:338,0
DA:341,0
DA:342,0
DA:345,0
DA:348,0
DA:351,0
DA:355,1
DA:356,1
DA:357,1
DA:358,1
DA:359,1
DA:360,1
DA:361,1
DA:362,1
LF:210
LH:64
BRDA:7,1,0,28
BRDA:7,1,1,28
BRDA:7,2,0,28
BRDA:7,2,1,0
BRDA:7,3,0,1
BRDA:7,3,1,0
BRDA:7,4,0,0
BRDA:7,4,1,1
BRDA:121,5,0,11
BRDA:121,5,1,17
BRDA:121,6,0,28
BRDA:121,6,1,28
BRDA:123,7,0,0
BRDA:123,7,1,65
BRDA:174,8,0,0
BRDA:174,8,1,0
BRDA:174,9,0,0
BRDA:174,9,1,0
BRDA:189,10,0,0
BRDA:189,10,1,0
BRDA:233,11,0,0
BRDA:233,11,1,0
BRDA:233,12,0,0
BRDA:233,12,1,0
BRDA:234,13,0,0
BRDA:234,13,1,0
BRDA:234,14,0,0
BRDA:234,14,1,0
BRDA:238,15,0,0
BRDA:238,15,1,0
BRDA:238,16,0,0
BRDA:238,16,1,0
BRDA:247,17,0,0
BRDA:247,17,1,0
BRDA:269,18,0,0
BRDA:269,18,1,0
BRDA:269,19,0,0
BRDA:269,19,1,0
BRDA:285,20,0,0
BRDA:285,20,1,0
BRDA:287,21,0,0
BRDA:287,21,1,0
BRDA:289,22,0,0
BRDA:289,22,1,0
BRDA:291,23,0,0
BRDA:291,23,1,0
BRDA:301,24,0,0
BRDA:301,24,1,0
BRDA:301,25,0,0
BRDA:301,25,1,0
BRDA:311,26,0,0
BRDA:311,26,1,0
BRDA:311,27,0,0
BRDA:311,27,1,0
BRDA:313,28,0,0
BRDA:313,28,1,0
BRDA:316,29,0,0
BRDA:316,29,1,0
BRDA:317,30,0,0
BRDA:317,30,1,0
BRDA:336,31,0,0
BRDA:336,31,1,0
BRDA:336,32,0,0
BRDA:336,32,1,0
BRDA:342,33,0,0
BRDA:342,33,1,0
BRDA:345,34,0,0
BRDA:345,34,1,0
BRDA:346,35,0,0
BRDA:346,35,1,0
BRDA:351,36,0,0
BRDA:351,36,1,0
BRDA:357,37,0,0
BRDA:357,37,1,0
BRDA:362,38,0,0
BRDA:362,38,1,0
BRDA:363,39,0,0
BRDA:363,39,1,0
BRDA:389,40,0,0
BRDA:389,40,1,0
BRDA:403,41,0,2
BRDA:403,41,1,4
BRDA:454,42,0,0
BRDA:454,42,1,0
BRDA:485,43,0,0
BRDA:485,43,1,0
BRDA:501,44,0,0
BRDA:501,44,1,0
BRDA:501,45,0,0
BRDA:501,45,1,0
BRDA:503,46,0,0
BRDA:503,46,1,0
BRDA:514,47,0,0
BRDA:514,47,1,0
BRDA:525,48,0,0
BRDA:525,48,1,0
BRDA:525,49,0,0
BRDA:525,49,1,0
BRDA:526,50,0,0
BRDA:526,50,1,0
BRDA:526,51,0,0
BRDA:526,51,1,0
BRDA:544,52,0,0
BRDA:544,52,1,0
BRDA:544,53,0,0
BRDA:544,53,1,0
BRDA:551,54,0,0
BRDA:551,54,1,0
BRF:108
BRH:16
end_of_record
TN:
SF:D:\Documents\Development\cru\mpdx_web\src\tasks\modals\modals.service.js
FN:7,(anonymous_1)
FN:7,defineProperties
FN:7,(anonymous_3)
FN:9,_classCallCheck
FN:11,(anonymous_5)
FN:14,ModalsService
FN:23,add
FN:36,tags
FN:48,log
FN:60,tags
FN:71,newsletter
FN:79,complete
FN:90,edit
FN:101,bulkEdit
FNF:14
FNH:12
FNDA:1,(anonymous_1)
FNDA:1,defineProperties
FNDA:1,(anonymous_3)
FNDA:65,_classCallCheck
FNDA:1,(anonymous_5)
FNDA:65,ModalsService
FNDA:0,add
FNDA:0,tags
FNDA:0,log
FNDA:0,tags
FNDA:0,newsletter
FNDA:0,complete
FNDA:0,edit
FNDA:0,bulkEdit
DA:0,65
DA:2,1
DA:4,65
DA:5,65
DA:6,65
DA:8,0
DA:9,0
DA:10,0
DA:12,0
DA:16,0
DA:24,0
DA:25,0
DA:26,0
DA:28,0
DA:32,0
DA:40,0
DA:46,0
DA:55,0
DA:64,0
LF:19
LH:5
BRDA:7,1,0,6
BRDA:7,1,1,6
BRDA:7,2,0,6
BRDA:7,2,1,0
BRDA:7,3,0,1
BRDA:7,3,1,0
BRDA:7,4,0,0
BRDA:7,4,1,1
BRDA:9,5,0,0
BRDA:9,5,1,65
BRDA:26,6,0,0
BRDA:26,6,1,0
BRDA:26,7,0,0
BRDA:26,7,1,0
BRDA:27,8,0,0
BRDA:27,8,1,0
BRDA:27,9,0,0
BRDA:27,9,1,0
BRDA:29,10,0,0
BRDA:29,10,1,0
BRDA:51,11,0,0
BRDA:51,11,1,0
BRDA:51,12,0,0
BRDA:51,12,1,0
BRDA:53,13,0,0
BRDA:53,13,1,0
BRF:26
BRH:10
end_of_record
TN:
SF:D:\Documents\Development\cru\mpdx_web\src\tasks\filter\filter.service.js
FN:7,(anonymous_1)
FN:7,defineProperties
FN:7,(anonymous_3)
FN:57,_interopRequireDefault
FN:59,_classCallCheck
FN:61,(anonymous_6)
FN:64,TasksFilterService
FN:125,load
FN:140,(anonymous_9)
FN:153,count
FN:158,change
FN:164,reset
FN:175,changeGroup
FN:181,assignDefaultParamsAndGroup
FN:189,isResettable
FN:194,toParams
FNF:16
FNH:15
FNDA:1,(anonymous_1)
FNDA:1,defineProperties
FNDA:1,(anonymous_3)
FNDA:12,_interopRequireDefault
FNDA:66,_classCallCheck
FNDA:1,(anonymous_6)
FNDA:66,TasksFilterService
FNDA:0,load
FNDA:0,(anonymous_9)
FNDA:0,count
FNDA:0,change
FNDA:0,reset
FNDA:0,changeGroup
FNDA:1,assignDefaultParamsAndGroup
FNDA:0,isResettable
FNDA:0,toParams
DA:0,66
DA:1,1
DA:2,1
DA:3,1
DA:4,1
DA:5,1
DA:6,1
DA:7,1
DA:8,1
DA:9,1
DA:10,1
DA:16,1
DA:19,66
DA:20,66
DA:21,66
DA:22,66
DA:23,66
DA:24,66
DA:25,66
DA:27,66
DA:28,66
DA:29,66
DA:30,66
DA:31,66
DA:73,66
DA:75,0
DA:76,0
DA:77,0
DA:78,0
DA:81,0
DA:86,0
DA:87,0
DA:88,0
DA:89,0
DA:90,0
DA:94,0
DA:97,0
DA:98,0
DA:100,0
DA:101,0
DA:102,0
DA:103,0
DA:104,0
DA:105,0
DA:108,0
DA:109,0
DA:112,1
DA:113,1
DA:114,1
DA:115,1
DA:118,0
DA:121,0
DA:122,0
DA:123,0
DA:124,0
DA:131,0
DA:135,1
DA:136,1
LF:58
LH:31
BRDA:7,1,0,8
BRDA:7,1,1,8
BRDA:7,2,0,8
BRDA:7,2,1,0
BRDA:7,3,0,1
BRDA:7,3,1,0
BRDA:7,4,0,0
BRDA:7,4,1,1
BRDA:57,5,0,4
BRDA:57,5,1,8
BRDA:57,6,0,12
BRDA:57,6,1,12
BRDA:59,7,0,0
BRDA:59,7,1,66
BRDA:128,8,0,0
BRDA:128,8,1,0
BRDA:128,9,0,0
BRDA:128,9,1,0
BRDA:130,10,0,0
BRDA:130,10,1,0
BRDA:130,11,0,0
BRDA:130,11,1,0
BRDA:165,12,0,0
BRDA:165,12,1,0
BRDA:165,13,0,0
BRDA:165,13,1,0
BRDA:190,14,0,0
BRDA:190,14,1,0
BRF:28
BRH:14
end_of_record
TN:
SF:D:\Documents\Development\cru\mpdx_web\src\tasks\filter\tags\tags.service.js
FN:7,(anonymous_1)
FN:7,defineProperties
FN:7,(anonymous_3)
FN:25,_interopRequireDefault
FN:27,_classCallCheck
FN:29,(anonymous_6)
FN:32,TagsService
FN:51,change
FN:57,load
FN:66,(anonymous_10)
FN:75,_delete
FN:84,(anonymous_12)
FN:92,tag
FN:100,untag
FN:111,(anonymous_15)
FN:117,isTagActive
FN:126,isTagRejected
FN:131,tagClick
FN:146,isResettable
FN:151,reset
FN:157,getTagsByQuery
FN:162,addTag
FNF:22
FNH:19
FNDA:1,(anonymous_1)
FNDA:1,defineProperties
FNDA:1,(anonymous_3)
FNDA:4,_interopRequireDefault
FNDA:66,_classCallCheck
FNDA:1,(anonymous_6)
FNDA:66,TagsService
FNDA:0,change
FNDA:0,load
FNDA:0,(anonymous_10)
FNDA:0,_delete
FNDA:0,(anonymous_12)
FNDA:0,tag
FNDA:0,untag
FNDA:0,(anonymous_15)
FNDA:0,isTagActive
FNDA:0,isTagRejected
FNDA:0,tagClick
FNDA:0,isResettable
FNDA:0,reset
FNDA:0,getTagsByQuery
FNDA:0,addTag
DA:0,66
DA:1,1
DA:2,1
DA:3,1
DA:8,1
DA:11,66
DA:12,66
DA:13,66
DA:14,66
DA:15,66
DA:16,66
DA:17,66
DA:18,66
DA:20,66
DA:21,66
DA:22,66
DA:23,66
DA:26,0
DA:27,0
DA:29,0
DA:30,0
DA:31,0
DA:34,0
DA:35,0
DA:36,0
DA:37,0
DA:38,0
DA:41,0
DA:42,0
DA:48,0
DA:49,0
DA:50,0
DA:51,0
DA:55,0
DA:60,0
DA:61,0
DA:68,0
DA:69,0
DA:70,0
DA:74,0
DA:75,0
DA:77,0
DA:81,0
DA:84,0
DA:85,0
DA:86,0
DA:87,0
DA:88,0
DA:89,0
DA:90,0
DA:92,0
DA:94,0
DA:97,0
DA:100,0
DA:101,0
DA:104,0
DA:107,0
DA:111,0
DA:115,1
LF:59
LH:18
BRDA:7,1,0,12
BRDA:7,1,1,12
BRDA:7,2,0,12
BRDA:7,2,1,0
BRDA:7,3,0,1
BRDA:7,3,1,0
BRDA:7,4,0,0
BRDA:7,4,1,1
BRDA:25,5,0,2
BRDA:25,5,1,2
BRDA:25,6,0,4
BRDA:25,6,1,4
BRDA:27,7,0,0
BRDA:27,7,1,66
BRDA:60,8,0,0
BRDA:60,8,1,0
BRDA:60,9,0,0
BRDA:60,9,1,0
BRDA:62,10,0,0
BRDA:62,10,1,0
BRDA:62,11,0,0
BRDA:62,11,1,0
BRDA:118,12,0,0
BRDA:118,12,1,0
BRDA:134,13,0,0
BRDA:134,13,1,0
BRDA:137,14,0,0
BRDA:137,14,1,0
BRDA:147,15,0,0
BRDA:147,15,1,0
BRF:30
BRH:14
end_of_record
TN:
SF:D:\Documents\Development\cru\mpdx_web\src\common\users\users.service.js
FN:7,(anonymous_1)
FN:7,defineProperties
FN:7,(anonymous_3)
FN:65,_interopRequireDefault
FN:67,_classCallCheck
FN:69,(anonymous_6)
FN:72,Users
FN:101,(anonymous_8)
FN:108,getCurrent
FN:115,(anonymous_10)
FN:119,(anonymous_11)
FN:128,(anonymous_12)
FN:145,(anonymous_13)
FN:146,(anonymous_14)
FN:147,(anonymous_15)
FN:156,configureRollbarPerson
FN:175,getOptions
FN:184,(anonymous_18)
FN:190,(anonymous_19)
FN:204,mapOptions
FN:209,createOption
FN:212,(anonymous_22)
FN:219,deleteOption
FN:224,getOption
FN:229,setOption
FN:232,(anonymous_26)
FN:239,listOrganizationAccounts
FN:247,(anonymous_28)
FN:255,destroy
FN:260,saveCurrent
FN:268,(anonymous_31)
FN:274,getKeyAccount
FN:277,(anonymous_33)
FNF:33
FNH:19
FNDA:1,(anonymous_1)
FNDA:1,defineProperties
FNDA:1,(anonymous_3)
FNDA:14,_interopRequireDefault
FNDA:71,_classCallCheck
FNDA:1,(anonymous_6)
FNDA:71,Users
FNDA:0,(anonymous_8)
FNDA:0,getCurrent
FNDA:0,(anonymous_10)
FNDA:0,(anonymous_11)
FNDA:0,(anonymous_12)
FNDA:0,(anonymous_13)
FNDA:0,(anonymous_14)
FNDA:0,(anonymous_15)
FNDA:0,configureRollbarPerson
FNDA:0,getOptions
FNDA:0,(anonymous_18)
FNDA:0,(anonymous_19)
FNDA:0,mapOptions
FNDA:0,createOption
FNDA:0,(anonymous_22)
FNDA:0,deleteOption
FNDA:0,getOption
FNDA:0,setOption
FNDA:0,(anonymous_26)
FNDA:0,listOrganizationAccounts
FNDA:0,(anonymous_28)
FNDA:0,destroy
FNDA:0,saveCurrent
FNDA:0,(anonymous_31)
FNDA:0,getKeyAccount
FNDA:0,(anonymous_33)
DA:0,71
DA:1,1
DA:2,1
DA:3,1
DA:4,1
DA:5,1
DA:6,1
DA:7,1
DA:8,1
DA:9,1
DA:19,1
DA:22,71
DA:23,71
DA:24,71
DA:25,71
DA:26,71
DA:27,71
DA:28,71
DA:29,71
DA:30,71
DA:31,71
DA:32,71
DA:33,71
DA:35,71
DA:36,71
DA:37,71
DA:38,71
DA:39,71
DA:44,71
DA:45,71
DA:47,71
DA:48,0
DA:51,0
DA:52,0
DA:53,0
DA:54,0
DA:57,0
DA:58,0
DA:59,0
DA:60,0
DA:62,0
DA:63,0
DA:65,0
DA:66,0
DA:67,0
DA:71,0
DA:72,0
DA:73,0
DA:74,0
DA:76,0
DA:77,0
DA:79,0
DA:80,0
DA:83,0
DA:84,0
DA:85,0
DA:86,0
DA:93,0
DA:94,0
DA:96,0
DA:97,0
DA:98,0
DA:99,0
DA:109,0
DA:110,0
DA:111,0
DA:113,0
DA:114,0
DA:115,0
DA:116,0
DA:117,0
DA:118,0
DA:119,0
DA:121,0
DA:123,0
DA:124,0
DA:127,0
DA:131,0
DA:133,0
DA:134,0
DA:135,0
DA:136,0
DA:140,0
DA:143,0
DA:145,0
DA:146,0
DA:147,0
DA:148,0
DA:151,0
DA:152,0
DA:153,0
DA:155,0
DA:156,0
DA:157,0
DA:158,0
DA:162,0
DA:164,0
DA:165,0
DA:166,0
DA:167,0
DA:168,0
DA:170,0
DA:171,0
DA:174,0
DA:175,0
DA:176,0
DA:181,1
DA:182,1
DA:183,1
DA:184,1
DA:185,1
LF:111
LH:36
BRDA:7,1,0,12
BRDA:7,1,1,12
BRDA:7,2,0,12
BRDA:7,2,1,0
BRDA:7,3,0,1
BRDA:7,3,1,0
BRDA:7,4,0,0
BRDA:7,4,1,1
BRDA:65,5,0,7
BRDA:65,5,1,7
BRDA:65,6,0,14
BRDA:65,6,1,14
BRDA:67,7,0,0
BRDA:67,7,1,71
BRDA:111,8,0,0
BRDA:111,8,1,0
BRDA:111,9,0,0
BRDA:111,9,1,0
BRDA:112,10,0,0
BRDA:112,10,1,0
BRDA:112,11,0,0
BRDA:112,11,1,0
BRDA:114,12,0,0
BRDA:114,12,1,0
BRDA:114,13,0,0
BRDA:114,13,1,0
BRDA:127,14,0,0
BRDA:127,14,1,0
BRDA:133,15,0,0
BRDA:133,15,1,0
BRDA:135,16,0,0
BRDA:135,16,1,0
BRDA:139,17,0,0
BRDA:139,17,1,0
BRDA:141,18,0,0
BRDA:141,18,1,0
BRDA:157,19,0,0
BRDA:157,19,1,0
BRDA:178,20,0,0
BRDA:178,20,1,0
BRDA:178,21,0,0
BRDA:178,21,1,0
BRDA:179,22,0,0
BRDA:179,22,1,0
BRDA:179,23,0,0
BRDA:179,23,1,0
BRDA:181,24,0,0
BRDA:181,24,1,0
BRDA:181,25,0,0
BRDA:181,25,1,0
BRDA:187,26,0,0
BRDA:187,26,1,0
BRDA:188,27,0,0
BRDA:188,27,1,0
BRDA:195,28,0,0
BRDA:195,28,1,0
BRDA:242,29,0,0
BRDA:242,29,1,0
BRDA:242,30,0,0
BRDA:242,30,1,0
BRDA:244,31,0,0
BRDA:244,31,1,0
BRDA:244,32,0,0
BRDA:244,32,1,0
BRDA:265,33,0,0
BRDA:265,33,1,0
BRF:66
BRH:14
end_of_record
TN:
SF:D:\Documents\Development\cru\mpdx_web\src\common\accounts\accounts.service.js
FN:7,(anonymous_1)
FN:7,defineProperties
FN:7,(anonymous_3)
FN:37,_interopRequireDefault
FN:39,_classCallCheck
FN:41,(anonymous_6)
FN:44,AccountsService
FN:65,get
FN:68,(anonymous_9)
FN:75,swap
FN:83,(anonymous_11)
FN:95,getCurrent
FN:102,getDonations
FN:105,(anonymous_14)
FN:113,destroyInvite
FN:118,destroyUser
FN:123,listInvites
FN:132,(anonymous_18)
FN:139,listUsers
FN:149,(anonymous_20)
FN:156,getAnalytics
FN:159,(anonymous_22)
FN:167,saveCurrent
FN:175,(anonymous_24)
FN:176,(anonymous_25)
FN:190,load
FN:199,(anonymous_27)
FNF:27
FNH:18
FNDA:1,(anonymous_1)
FNDA:1,defineProperties
FNDA:1,(anonymous_3)
FNDA:7,_interopRequireDefault
FNDA:71,_classCallCheck
FNDA:1,(anonymous_6)
FNDA:71,AccountsService
FNDA:0,get
FNDA:0,(anonymous_9)
FNDA:0,swap
FNDA:0,(anonymous_11)
FNDA:0,getCurrent
FNDA:0,getDonations
FNDA:0,(anonymous_14)
FNDA:0,destroyInvite
FNDA:0,destroyUser
FNDA:0,listInvites
FNDA:0,(anonymous_18)
FNDA:0,listUsers
FNDA:0,(anonymous_20)
FNDA:0,getAnalytics
FNDA:0,(anonymous_22)
FNDA:0,saveCurrent
FNDA:0,(anonymous_24)
FNDA:0,(anonymous_25)
FNDA:0,load
FNDA:0,(anonymous_27)
DA:0,71
DA:1,1
DA:2,1
DA:3,1
DA:4,1
DA:5,1
DA:6,1
DA:13,1
DA:16,71
DA:17,71
DA:18,71
DA:19,71
DA:20,71
DA:21,71
DA:23,71
DA:24,71
DA:25,71
DA:26,71
DA:27,71
DA:28,71
DA:29,71
DA:30,71
DA:32,0
DA:33,0
DA:34,0
DA:35,0
DA:38,0
DA:39,0
DA:40,0
DA:42,0
DA:43,0
DA:44,0
DA:45,0
DA:46,0
DA:47,0
DA:48,0
DA:49,0
DA:52,0
DA:53,0
DA:55,0
DA:56,0
DA:57,0
DA:58,0
DA:59,0
DA:63,0
DA:66,0
DA:68,0
DA:69,0
DA:70,0
DA:76,0
DA:77,0
DA:80,0
DA:81,0
DA:82,0
DA:89,0
DA:90,0
DA:93,0
DA:94,0
DA:95,0
DA:96,0
DA:97,0
DA:100,0
DA:101,0
DA:102,0
DA:103,0
DA:104,0
DA:106,0
DA:107,0
DA:108,0
DA:109,0
DA:110,0
DA:111,0
DA:112,0
DA:114,0
DA:118,0
DA:119,0
DA:120,0
DA:123,0
DA:124,0
DA:129,1
LF:80
LH:23
BRDA:7,1,0,11
BRDA:7,1,1,11
BRDA:7,2,0,11
BRDA:7,2,1,0
BRDA:7,3,0,1
BRDA:7,3,1,0
BRDA:7,4,0,0
BRDA:7,4,1,1
BRDA:37,5,0,2
BRDA:37,5,1,5
BRDA:37,6,0,7
BRDA:37,6,1,7
BRDA:39,7,0,0
BRDA:39,7,1,71
BRDA:78,8,0,0
BRDA:78,8,1,0
BRDA:78,9,0,0
BRDA:78,9,1,0
BRDA:80,10,0,0
BRDA:80,10,1,0
BRDA:80,11,0,0
BRDA:80,11,1,0
BRDA:80,11,2,0
BRDA:96,12,0,0
BRDA:96,12,1,0
BRDA:96,13,0,0
BRDA:96,13,1,0
BRDA:105,14,0,0
BRDA:105,14,1,0
BRDA:172,15,0,0
BRDA:172,15,1,0
BRDA:181,16,0,0
BRDA:181,16,1,0
BRDA:193,17,0,0
BRDA:193,17,1,0
BRDA:193,18,0,0
BRDA:193,18,1,0
BRDA:195,19,0,0
BRDA:195,19,1,0
BRDA:195,20,0,0
BRDA:195,20,1,0
BRF:41
BRH:14
end_of_record
TN:
SF:D:\Documents\Development\cru\mpdx_web\src\common\help\help.service.js
FN:7,(anonymous_1)
FN:7,defineProperties
FN:7,(anonymous_3)
FN:17,_interopRequireDefault
FN:19,_classCallCheck
FN:22,(anonymous_6)
FN:25,HelpService
FN:69,showHelp
FN:74,showArticle
FN:79,updateUser
FN:84,(anonymous_11)
FN:94,suggest
FN:95,(anonymous_13)
FNF:13
FNH:12
FNDA:1,(anonymous_1)
FNDA:1,defineProperties
FNDA:1,(anonymous_3)
FNDA:2,_interopRequireDefault
FNDA:75,_classCallCheck
FNDA:1,(anonymous_6)
FNDA:75,HelpService
FNDA:0,showHelp
FNDA:0,showArticle
FNDA:0,updateUser
FNDA:0,(anonymous_11)
FNDA:4,suggest
FNDA:4,(anonymous_13)
DA:0,75
DA:1,1
DA:5,75
DA:6,75
DA:7,75
DA:38,75
DA:39,75
DA:41,37
DA:46,0
DA:50,0
DA:54,0
DA:55,0
DA:56,0
DA:57,0
DA:66,4
DA:67,4
DA:72,1
LF:17
LH:11
BRDA:7,1,0,4
BRDA:7,1,1,4
BRDA:7,2,0,4
BRDA:7,2,1,0
BRDA:7,3,0,1
BRDA:7,3,1,0
BRDA:7,4,0,0
BRDA:7,4,1,1
BRDA:17,5,0,0
BRDA:17,5,1,2
BRDA:17,6,0,2
BRDA:17,6,1,2
BRDA:19,7,0,0
BRDA:19,7,1,75
BRDA:80,8,0,0
BRDA:80,8,1,0
BRDA:87,9,0,0
BRDA:87,9,1,0
BRF:18
BRH:14
end_of_record
TN:
SF:D:\Documents\Development\cru\mpdx_web\src\common\language\language.service.js
FN:7,(anonymous_1)
FN:7,defineProperties
FN:7,(anonymous_3)
FN:13,_interopRequireDefault
FN:15,_classCallCheck
FN:17,(anonymous_6)
FN:20,Language
FN:29,change
FNF:8
FNH:8
FNDA:1,(anonymous_1)
FNDA:1,defineProperties
FNDA:1,(anonymous_3)
FNDA:1,_interopRequireDefault
FNDA:71,_classCallCheck
FNDA:1,(anonymous_6)
FNDA:71,Language
FNDA:0,change
DA:0,71
DA:1,1
DA:4,1
DA:6,71
DA:7,71
DA:8,71
DA:11,0
DA:13,0
DA:14,0
DA:15,0
DA:16,0
DA:17,0
DA:18,0
DA:19,0
DA:20,0
DA:21,0
DA:22,0
DA:24,0
DA:26,0
DA:27,0
LF:20
LH:6
BRDA:7,1,0,1
BRDA:7,1,1,1
BRDA:7,2,0,1
BRDA:7,2,1,0
BRDA:7,3,0,1
BRDA:7,3,1,0
BRDA:7,4,0,0
BRDA:7,4,1,1
BRDA:13,5,0,1
BRDA:13,5,1,0
BRDA:13,6,0,1
BRDA:13,6,1,1
BRDA:15,7,0,0
BRDA:15,7,1,71
BRDA:32,8,0,0
BRDA:32,8,1,0
BRDA:35,9,0,0
BRDA:35,9,1,0
BRDA:37,10,0,0
BRDA:37,10,1,0
BRDA:40,11,0,0
BRDA:40,11,1,0
BRDA:45,12,0,0
BRDA:45,12,1,0
BRF:24
BRH:14
end_of_record
TN:
SF:D:\Documents\Development\cru\mpdx_web\src\common\locale\locale.service.js
FN:7,(anonymous_1)
FN:7,defineProperties
FN:7,(anonymous_3)
FN:9,_classCallCheck
FN:11,(anonymous_5)
FN:12,Locale
FN:21,change
FN:26,init
FNF:8
FNH:8
FNDA:1,(anonymous_1)
FNDA:1,defineProperties
FNDA:1,(anonymous_3)
FNDA:71,_classCallCheck
FNDA:1,(anonymous_5)
FNDA:71,Locale
FNDA:0,change
FNDA:71,init
DA:0,71
DA:2,1
DA:3,71
DA:4,71
DA:5,71
DA:8,0
DA:11,71
LF:7
LH:6
BRDA:7,1,0,2
BRDA:7,1,1,2
BRDA:7,2,0,2
BRDA:7,2,1,0
BRDA:7,3,0,1
BRDA:7,3,1,0
BRDA:7,4,0,0
BRDA:7,4,1,1
BRDA:9,5,0,0
BRDA:9,5,1,71
BRDA:22,6,0,0
BRDA:22,6,1,0
BRF:12
BRH:10
end_of_record
TN:
SF:D:\Documents\Development\cru\mpdx_web\src\contacts\list\search\search.component.js
FN:7,(anonymous_1)
FN:7,defineProperties
FN:7,(anonymous_3)
FN:13,_interopRequireDefault
FN:15,_classCallCheck
FN:17,(anonymous_6)
FN:20,ContactsSearchController
FN:30,(anonymous_8)
FN:37,$onInit
FN:42,paramChanged
FNF:10
FNH:10
FNDA:1,(anonymous_1)
FNDA:1,defineProperties
FNDA:1,(anonymous_3)
FNDA:1,_interopRequireDefault
FNDA:4,_classCallCheck
FNDA:1,(anonymous_6)
FNDA:4,ContactsSearchController
FNDA:1,(anonymous_8)
FNDA:1,$onInit
FNDA:1,paramChanged
DA:0,4
DA:5,1
DA:8,4
DA:9,4
DA:10,4
DA:12,4
DA:14,4
DA:15,1
DA:19,1
DA:22,1
DA:23,1
DA:26,1
DA:31,1
LF:13
LH:13
BRDA:7,1,0,2
BRDA:7,1,1,2
BRDA:7,2,0,2
BRDA:7,2,1,0
BRDA:7,3,0,1
BRDA:7,3,1,0
BRDA:7,4,0,0
BRDA:7,4,1,1
BRDA:13,5,0,1
BRDA:13,5,1,0
BRDA:13,6,0,1
BRDA:13,6,1,1
BRDA:15,7,0,0
BRDA:15,7,1,4
BRF:14
BRH:14
end_of_record
TN:
SF:D:\Documents\Development\cru\mpdx_web\src\contacts\show\details\details.component.js
FN:7,(anonymous_1)
FN:7,defineProperties
FN:7,(anonymous_3)
FN:57,_interopRequireDefault
FN:59,_classCallCheck
FN:61,(anonymous_6)
FN:64,ContactDetailsController
FN:77,(anonymous_8)
FN:92,$onChanges
FN:101,(anonymous_10)
FN:113,addPartnerAccount
FN:118,onContactSelected
FN:128,saveWithEmptyCheck
FN:134,save
FN:142,(anonymous_15)
FN:178,(anonymous_16)
FN:181,(anonymous_17)
FN:186,(anonymous_18)
FN:195,destroyReferrals
FN:196,(anonymous_20)
FN:202,onAddressPrimary
FN:206,(anonymous_22)
FN:207,(anonymous_23)
FN:211,(anonymous_24)
FN:214,(anonymous_25)
FN:217,(anonymous_26)
FN:224,getName
FNF:27
FNH:15
FNDA:1,(anonymous_1)
FNDA:1,defineProperties
FNDA:1,(anonymous_3)
FNDA:12,_interopRequireDefault
FNDA:1,_classCallCheck
FNDA:1,(anonymous_6)
FNDA:1,ContactDetailsController
FNDA:0,(anonymous_8)
FNDA:0,$onChanges
FNDA:0,(anonymous_10)
FNDA:0,addPartnerAccount
FNDA:0,onContactSelected
FNDA:0,saveWithEmptyCheck
FNDA:0,save
FNDA:0,(anonymous_15)
FNDA:0,(anonymous_16)
FNDA:0,(anonymous_17)
FNDA:0,(anonymous_18)
FNDA:0,destroyReferrals
FNDA:0,(anonymous_20)
FNDA:0,onAddressPrimary
FNDA:0,(anonymous_22)
FNDA:0,(anonymous_23)
FNDA:0,(anonymous_24)
FNDA:0,(anonymous_25)
FNDA:0,(anonymous_26)
FNDA:1,getName
DA:0,12
DA:1,1
DA:2,1
DA:3,1
DA:4,1
DA:5,1
DA:6,1
DA:7,1
DA:8,1
DA:9,1
DA:22,1
DA:25,1
DA:26,1
DA:27,1
DA:28,1
DA:29,1
DA:30,1
DA:31,1
DA:32,1
DA:33,1
DA:34,1
DA:36,1
DA:37,0
DA:38,0
DA:39,0
DA:41,0
DA:48,0
DA:49,0
DA:50,0
DA:51,0
DA:53,0
DA:54,0
DA:55,0
DA:56,0
DA:61,0
DA:62,0
DA:63,0
DA:66,0
DA:69,0
DA:70,0
DA:72,0
DA:73,0
DA:74,0
DA:77,0
DA:78,0
DA:80,0
DA:81,0
DA:83,0
DA:86,0
DA:87,0
DA:89,0
DA:90,0
DA:91,0
DA:92,0
DA:120,0
DA:125,0
DA:126,0
DA:128,0
DA:130,0
DA:131,0
DA:132,0
DA:133,0
DA:136,0
DA:140,0
DA:141,0
DA:144,0
DA:145,0
DA:146,0
DA:147,0
DA:148,0
DA:149,0
DA:151,0
DA:152,0
DA:154,0
DA:155,0
DA:156,0
DA:158,0
DA:163,1
DA:170,1
DA:180,1
DA:181,1
DA:182,1
LF:82
LH:27
BRDA:7,1,0,8
BRDA:7,1,1,8
BRDA:7,2,0,8
BRDA:7,2,1,0
BRDA:7,3,0,1
BRDA:7,3,1,0
BRDA:7,4,0,0
BRDA:7,4,1,1
BRDA:57,5,0,3
BRDA:57,5,1,9
BRDA:57,6,0,12
BRDA:57,6,1,12
BRDA:59,7,0,0
BRDA:59,7,1,1
BRDA:79,8,0,0
BRDA:79,8,1,0
BRDA:95,9,0,0
BRDA:95,9,1,0
BRDA:95,10,0,0
BRDA:95,10,1,0
BRDA:96,11,0,0
BRDA:96,11,1,0
BRDA:100,12,0,0
BRDA:100,12,1,0
BRDA:107,13,0,0
BRDA:107,13,1,0
BRDA:119,14,0,0
BRDA:119,14,1,0
BRDA:137,15,0,0
BRDA:137,15,1,0
BRDA:137,16,0,0
BRDA:137,16,1,0
BRDA:184,17,0,0
BRDA:184,17,1,0
BRDA:184,18,0,0
BRDA:184,18,1,0
BRF:36
BRH:14
end_of_record
TN:
SF:D:\Documents\Development\cru\mpdx_web\src\common\serverConstants\serverConstants.service.js
FN:7,(anonymous_1)
FN:7,defineProperties
FN:7,(anonymous_3)
FN:29,_interopRequireDefault
FN:31,_classCallCheck
FN:33,(anonymous_6)
FN:36,ServerConstantsService
FN:50,load
FN:59,(anonymous_9)
FN:74,mapUnderscore
FN:76,(anonymous_11)
FN:83,mapFreqencies
FN:87,(anonymous_13)
FNF:13
FNH:10
FNDA:1,(anonymous_1)
FNDA:1,defineProperties
FNDA:1,(anonymous_3)
FNDA:5,_interopRequireDefault
FNDA:26,_classCallCheck
FNDA:1,(anonymous_6)
FNDA:26,ServerConstantsService
FNDA:0,load
FNDA:0,(anonymous_9)
FNDA:0,mapUnderscore
FNDA:0,(anonymous_11)
FNDA:0,mapFreqencies
FNDA:0,(anonymous_13)
DA:0,26
DA:1,1
DA:2,1
DA:3,1
DA:4,1
DA:9,1
DA:12,26
DA:13,26
DA:14,26
DA:16,26
DA:17,26
DA:19,26
DA:21,0
DA:22,0
DA:23,0
DA:26,0
DA:27,0
DA:28,0
DA:29,0
DA:30,0
DA:31,0
DA:32,0
DA:33,0
DA:34,0
DA:35,0
DA:36,0
DA:41,0
DA:42,0
DA:43,0
DA:44,0
DA:48,0
DA:49,0
DA:50,0
DA:51,0
DA:52,0
DA:57,1
LF:36
LH:13
BRDA:7,1,0,3
BRDA:7,1,1,3
BRDA:7,2,0,3
BRDA:7,2,1,0
BRDA:7,3,0,1
BRDA:7,3,1,0
BRDA:7,4,0,0
BRDA:7,4,1,1
BRDA:29,5,0,2
BRDA:29,5,1,3
BRDA:29,6,0,5
BRDA:29,6,1,5
BRDA:31,7,0,0
BRDA:31,7,1,26
BRDA:53,8,0,0
BRDA:53,8,1,0
BRDA:53,9,0,0
BRDA:53,9,1,0
BRDA:55,10,0,0
BRDA:55,10,1,0
BRDA:55,11,0,0
BRDA:55,11,1,0
BRF:22
BRH:14
end_of_record
TN:
SF:D:\Documents\Development\cru\mpdx_web\src\contacts\list\item\pledgeFrequencyToStr.filter.js
FN:7,(anonymous_1)
FN:7,defineProperties
FN:7,(anonymous_3)
FN:9,_classCallCheck
FN:11,(anonymous_5)
FN:12,PledgeFrequencyToStrFilter
FN:18,(anonymous_7)
FN:45,pledgeFrequencyToStrFactory
FNF:8
FNH:7
FNDA:1,(anonymous_1)
FNDA:1,defineProperties
FNDA:1,(anonymous_3)
FNDA:26,_classCallCheck
FNDA:1,(anonymous_5)
FNDA:26,PledgeFrequencyToStrFilter
FNDA:0,(anonymous_7)
FNDA:26,pledgeFrequencyToStrFactory
DA:0,26
DA:2,26
DA:3,26
DA:4,26
DA:5,0
DA:6,0
DA:8,0
DA:10,0
DA:12,0
DA:14,0
DA:16,0
DA:18,0
DA:20,0
DA:22,0
DA:24,0
DA:30,26
DA:34,1
LF:17
LH:6
BRDA:7,1,0,1
BRDA:7,1,1,1
BRDA:7,2,0,1
BRDA:7,2,1,0
BRDA:7,3,0,0
BRDA:7,3,1,1
BRDA:7,4,0,1
BRDA:7,4,1,0
BRDA:9,5,0,0
BRDA:9,5,1,26
BRDA:20,6,0,0
BRDA:20,6,1,0
BRDA:20,6,2,0
BRDA:20,6,3,0
BRDA:20,6,4,0
BRDA:20,6,5,0
BRDA:20,6,6,0
BRDA:20,6,7,0
BRDA:20,6,8,0
BRF:19
BRH:10
end_of_record
TN:
SF:D:\Documents\Development\cru\mpdx_web\src\contacts\show\tasks\tasks.component.js
FN:7,(anonymous_1)
FN:7,defineProperties
FN:7,(anonymous_3)
FN:17,_interopRequireDefault
FN:19,_classCallCheck
FN:21,(anonymous_6)
FN:24,ContactTasksController
FN:33,$onInit
FNF:8
FNH:8
FNDA:1,(anonymous_1)
FNDA:1,defineProperties
FNDA:1,(anonymous_3)
FNDA:2,_interopRequireDefault
FNDA:1,_classCallCheck
FNDA:1,(anonymous_6)
FNDA:1,ContactTasksController
FNDA:1,$onInit
DA:0,2
DA:2,1
DA:4,1
DA:5,1
DA:6,1
DA:9,1
DA:10,1
DA:11,1
DA:15,1
DA:20,1
DA:21,1
LF:11
LH:11
BRDA:7,1,0,1
BRDA:7,1,1,1
BRDA:7,2,0,1
BRDA:7,2,1,0
BRDA:7,3,0,1
BRDA:7,3,1,0
BRDA:7,4,0,0
BRDA:7,4,1,1
BRDA:17,5,0,2
BRDA:17,5,1,0
BRDA:17,6,0,2
BRDA:17,6,1,2
BRDA:19,7,0,0
BRDA:19,7,1,1
BRF:14
BRH:14
end_of_record
TN:
SF:D:\Documents\Development\cru\mpdx_web\src\contacts\sidebar\filter\tags\remove\remove.controller.js
FN:7,(anonymous_1)
FN:7,defineProperties
FN:7,(anonymous_3)
FN:29,_interopRequireDefault
FN:31,_classCallCheck
FN:33,(anonymous_6)
FN:36,RemoveTagController
FN:50,removeTag
FN:54,(anonymous_9)
FN:62,getTagsFromSelectedContacts
FN:67,(anonymous_11)
FNF:11
FNH:11
FNDA:1,(anonymous_1)
FNDA:1,defineProperties
FNDA:1,(anonymous_3)
FNDA:5,_interopRequireDefault
FNDA:5,_classCallCheck
FNDA:1,(anonymous_6)
FNDA:5,RemoveTagController
FNDA:2,removeTag
FNDA:2,(anonymous_9)
FNDA:7,getTagsFromSelectedContacts
FNDA:10,(anonymous_11)
DA:0,5
DA:1,1
DA:2,1
DA:3,1
DA:10,1
DA:14,5
DA:15,5
DA:16,5
DA:17,5
DA:18,5
DA:19,5
DA:21,5
DA:23,2
DA:24,2
DA:25,2
DA:26,2
DA:27,2
DA:28,2
DA:33,7
DA:34,2
DA:36,10
DA:41,1
DA:42,1
LF:23
LH:23
BRDA:7,1,0,2
BRDA:7,1,1,2
BRDA:7,2,0,2
BRDA:7,2,1,0
BRDA:7,3,0,1
BRDA:7,3,1,0
BRDA:7,4,0,0
BRDA:7,4,1,1
BRDA:29,5,0,2
BRDA:29,5,1,3
BRDA:29,6,0,5
BRDA:29,6,1,5
BRDA:31,7,0,0
BRDA:31,7,1,5
BRDA:64,8,0,2
BRDA:64,8,1,5
BRF:16
BRH:16
end_of_record
TN:
SF:D:\Documents\Development\cru\mpdx_web\src\contacts\sidebar\list\list.component.js
FN:7,(anonymous_1)
FN:7,defineProperties
FN:7,(anonymous_3)
FN:29,_interopRequireDefault
FN:31,_classCallCheck
FN:33,(anonymous_6)
FN:36,ListController
FN:51,(anonymous_8)
FN:55,(anonymous_9)
FN:62,$onInit
FN:69,switchContact
FN:75,loadMoreContacts
FN:83,load
FN:115,(anonymous_14)
FNF:14
FNH:12
FNDA:1,(anonymous_1)
FNDA:1,defineProperties
FNDA:1,(anonymous_3)
FNDA:5,_interopRequireDefault
FNDA:8,_classCallCheck
FNDA:1,(anonymous_6)
FNDA:8,ListController
FNDA:0,(anonymous_8)
FNDA:1,(anonymous_9)
FNDA:1,$onInit
FNDA:1,switchContact
FNDA:3,loadMoreContacts
FNDA:1,load
FNDA:0,(anonymous_14)
DA:0,8
DA:1,1
DA:2,1
DA:3,1
DA:6,1
DA:9,8
DA:10,8
DA:11,8
DA:12,8
DA:13,8
DA:14,8
DA:16,8
DA:17,8
DA:18,8
DA:20,8
DA:21,0
DA:24,8
DA:25,1
DA:29,1
DA:30,1
DA:31,1
DA:34,1
DA:35,1
DA:38,3
DA:39,2
DA:41,1
DA:43,1
DA:44,1
DA:45,1
DA:47,0
DA:48,0
DA:49,0
DA:50,0
DA:51,0
DA:52,0
DA:53,0
DA:54,0
DA:56,0
DA:58,0
DA:71,0
DA:72,0
DA:73,0
DA:75,0
DA:76,0
DA:77,0
DA:78,0
DA:79,0
DA:80,0
DA:81,0
DA:86,1
DA:91,1
DA:92,1
LF:52
LH:31
BRDA:7,1,0,4
BRDA:7,1,1,4
BRDA:7,2,0,4
BRDA:7,2,1,0
BRDA:7,3,0,1
BRDA:7,3,1,0
BRDA:7,4,0,0
BRDA:7,4,1,1
BRDA:29,5,0,2
BRDA:29,5,1,3
BRDA:29,6,0,5
BRDA:29,6,1,5
BRDA:31,7,0,0
BRDA:31,7,1,8
BRDA:76,8,0,2
BRDA:76,8,1,1
BRDA:76,9,0,3
BRDA:76,9,1,2
BRDA:76,9,2,2
BRDA:86,10,0,0
BRDA:86,10,1,1
BRDA:86,11,0,1
BRDA:86,11,1,0
BRDA:87,12,0,0
BRDA:87,12,1,1
BRDA:87,13,0,1
BRDA:87,13,1,0
BRDA:89,14,0,1
BRDA:89,14,1,0
BRDA:89,15,0,1
BRDA:89,15,1,1
BRDA:89,15,2,1
BRDA:94,16,0,0
BRDA:94,16,1,0
BRDA:117,17,0,0
BRDA:117,17,1,0
BRDA:117,18,0,0
BRDA:117,18,1,0
BRDA:123,19,0,0
BRDA:123,19,1,0
BRF:40
BRH:27
end_of_record
TN:
SF:D:\Documents\Development\cru\mpdx_web\src\preferences\integrations\integrations.component.js
FN:7,(anonymous_1)
FN:7,defineProperties
FN:7,(anonymous_3)
FN:45,_interopRequireDefault
FN:47,_classCallCheck
FN:49,(anonymous_6)
FN:52,IntegrationPreferencesController
FN:79,$onInit
FN:87,$onChanges
FN:94,disconnect
FN:99,(anonymous_11)
FN:103,(anonymous_12)
FN:110,reload
FN:115,sendToChalkline
FN:118,(anonymous_15)
FN:119,(anonymous_16)
FN:126,setTab
FN:138,tabSelected
FN:143,tabSelectable
FNF:19
FNH:15
FNDA:1,(anonymous_1)
FNDA:1,defineProperties
FNDA:1,(anonymous_3)
FNDA:9,_interopRequireDefault
FNDA:5,_classCallCheck
FNDA:1,(anonymous_6)
FNDA:5,IntegrationPreferencesController
FNDA:0,$onInit
FNDA:0,$onChanges
FNDA:0,disconnect
FNDA:0,(anonymous_11)
FNDA:0,(anonymous_12)
FNDA:0,reload
FNDA:0,sendToChalkline
FNDA:0,(anonymous_15)
FNDA:0,(anonymous_16)
FNDA:0,setTab
FNDA:0,tabSelected
FNDA:3,tabSelectable
DA:0,9
DA:1,1
DA:8,1
DA:11,5
DA:12,5
DA:13,5
DA:14,5
DA:15,5
DA:16,5
DA:17,5
DA:18,5
DA:20,5
DA:21,5
DA:22,5
DA:24,5
DA:25,5
DA:27,5
DA:29,5
DA:31,5
DA:46,0
DA:47,0
DA:48,0
DA:52,0
DA:53,0
DA:56,0
DA:57,0
DA:58,0
DA:59,0
DA:60,0
DA:61,0
DA:62,0
DA:64,0
DA:65,0
DA:69,0
DA:71,0
DA:72,0
DA:73,0
DA:74,0
DA:79,0
DA:80,0
DA:82,0
DA:83,0
DA:85,0
DA:89,0
DA:92,3
DA:96,1
DA:106,1
DA:107,1
DA:108,1
DA:109,1
DA:110,1
DA:111,1
DA:112,1
DA:113,1
LF:54
LH:29
BRDA:7,1,0,8
BRDA:7,1,1,8
BRDA:7,2,0,8
BRDA:7,2,1,0
BRDA:7,3,0,1
BRDA:7,3,1,0
BRDA:7,4,0,0
BRDA:7,4,1,1
BRDA:45,5,0,8
BRDA:45,5,1,1
BRDA:45,6,0,9
BRDA:45,6,1,9
BRDA:47,7,0,0
BRDA:47,7,1,5
BRDA:81,8,0,0
BRDA:81,8,1,0
BRDA:88,9,0,0
BRDA:88,9,1,0
BRDA:127,10,0,0
BRDA:127,10,1,0
BRDA:130,11,0,0
BRDA:130,11,1,0
BRDA:130,12,0,0
BRDA:130,12,1,0
BRDA:130,12,2,0
BRDA:144,13,0,3
BRDA:144,13,1,2
BRDA:144,13,2,2
BRF:28
BRH:17
end_of_record
TN:
SF:D:\Documents\Development\cru\mpdx_web\src\preferences\integrations\google\google.service.js
FN:7,(anonymous_1)
FN:7,defineProperties
FN:7,(anonymous_3)
FN:13,_interopRequireDefault
FN:15,_classCallCheck
FN:17,(anonymous_6)
FN:20,GoogleService
FN:32,load
FN:44,(anonymous_9)
FN:51,disconnect
FN:54,(anonymous_11)
FNF:11
FNH:9
FNDA:1,(anonymous_1)
FNDA:1,defineProperties
FNDA:1,(anonymous_3)
FNDA:1,_interopRequireDefault
FNDA:4,_classCallCheck
FNDA:1,(anonymous_6)
FNDA:4,GoogleService
FNDA:0,load
FNDA:0,(anonymous_9)
FNDA:0,disconnect
FNDA:0,(anonymous_11)
DA:0,4
DA:1,1
DA:6,1
DA:9,4
DA:10,4
DA:11,4
DA:12,4
DA:13,4
DA:14,4
DA:16,0
DA:17,0
DA:18,0
DA:21,0
DA:22,0
DA:25,0
DA:26,0
DA:29,0
DA:30,0
DA:31,0
LF:19
LH:9
BRDA:7,1,0,2
BRDA:7,1,1,2
BRDA:7,2,0,2
BRDA:7,2,1,0
BRDA:7,3,0,1
BRDA:7,3,1,0
BRDA:7,4,0,0
BRDA:7,4,1,1
BRDA:13,5,0,1
BRDA:13,5,1,0
BRDA:13,6,0,1
BRDA:13,6,1,1
BRDA:15,7,0,0
BRDA:15,7,1,4
BRDA:35,8,0,0
BRDA:35,8,1,0
BRDA:35,9,0,0
BRDA:35,9,1,0
BRDA:37,10,0,0
BRDA:37,10,1,0
BRDA:37,11,0,0
BRDA:37,11,1,0
BRF:22
BRH:14
end_of_record
TN:
SF:D:\Documents\Development\cru\mpdx_web\src\preferences\integrations\integrations.service.js
FN:7,(anonymous_1)
FN:7,defineProperties
FN:7,(anonymous_3)
FN:13,_interopRequireDefault
FN:15,_classCallCheck
FN:17,(anonymous_6)
FN:20,IntegrationsService
FN:32,(anonymous_8)
FN:39,load
FN:44,(anonymous_10)
FN:47,(anonymous_11)
FN:53,sendToChalkline
FN:58,disconnect
FNF:13
FNH:10
FNDA:1,(anonymous_1)
FNDA:1,defineProperties
FNDA:1,(anonymous_3)
FNDA:1,_interopRequireDefault
FNDA:4,_classCallCheck
FNDA:1,(anonymous_6)
FNDA:4,IntegrationsService
FNDA:0,(anonymous_8)
FNDA:0,load
FNDA:0,(anonymous_10)
FNDA:0,(anonymous_11)
FNDA:0,sendToChalkline
FNDA:0,disconnect
DA:0,4
DA:4,1
DA:7,4
DA:8,4
DA:9,4
DA:10,4
DA:12,4
DA:13,4
DA:15,4
DA:16,0
DA:19,0
DA:20,0
DA:21,0
DA:22,0
DA:23,0
DA:24,0
DA:26,0
DA:30,0
DA:33,0
DA:34,0
DA:35,0
DA:40,1
LF:22
LH:10
BRDA:7,1,0,3
BRDA:7,1,1,3
BRDA:7,2,0,3
BRDA:7,2,1,0
BRDA:7,3,0,1
BRDA:7,3,1,0
BRDA:7,4,0,0
BRDA:7,4,1,1
BRDA:13,5,0,1
BRDA:13,5,1,0
BRDA:13,6,0,1
BRDA:13,6,1,1
BRDA:15,7,0,0
BRDA:15,7,1,4
BRDA:60,8,0,0
BRDA:60,8,1,0
BRF:16
BRH:14
end_of_record
TN:
SF:D:\Documents\Development\cru\mpdx_web\src\preferences\integrations\mailchimp\mailchimp.service.js
FN:7,(anonymous_1)
FN:7,defineProperties
FN:7,(anonymous_3)
FN:13,_interopRequireDefault
FN:15,_classCallCheck
FN:17,(anonymous_6)
FN:20,MailchimpService
FN:31,load
FN:41,(anonymous_9)
FN:44,(anonymous_10)
FN:48,save
FN:51,(anonymous_12)
FN:57,sync
FN:62,disconnect
FN:65,(anonymous_15)
FNF:15
FNH:11
FNDA:1,(anonymous_1)
FNDA:1,defineProperties
FNDA:1,(anonymous_3)
FNDA:1,_interopRequireDefault
FNDA:4,_classCallCheck
FNDA:1,(anonymous_6)
FNDA:4,MailchimpService
FNDA:0,load
FNDA:0,(anonymous_9)
FNDA:0,(anonymous_10)
FNDA:0,save
FNDA:0,(anonymous_12)
FNDA:0,sync
FNDA:0,disconnect
FNDA:0,(anonymous_15)
DA:0,4
DA:1,1
DA:6,1
DA:9,4
DA:10,4
DA:11,4
DA:12,4
DA:13,4
DA:15,0
DA:16,0
DA:17,0
DA:20,0
DA:21,0
DA:22,0
DA:23,0
DA:27,0
DA:28,0
DA:29,0
DA:33,0
DA:35,0
DA:36,0
DA:37,0
LF:22
LH:8
BRDA:7,1,0,4
BRDA:7,1,1,4
BRDA:7,2,0,4
BRDA:7,2,1,0
BRDA:7,3,0,1
BRDA:7,3,1,0
BRDA:7,4,0,0
BRDA:7,4,1,1
BRDA:13,5,0,1
BRDA:13,5,1,0
BRDA:13,6,0,1
BRDA:13,6,1,1
BRDA:15,7,0,0
BRDA:15,7,1,4
BRDA:34,8,0,0
BRDA:34,8,1,0
BRDA:34,9,0,0
BRDA:34,9,1,0
BRDA:36,10,0,0
BRDA:36,10,1,0
BRDA:36,11,0,0
BRDA:36,11,1,0
BRF:22
BRH:14
end_of_record
TN:
SF:D:\Documents\Development\cru\mpdx_web\src\preferences\integrations\prayerLetters\prayerLetters.service.js
FN:7,(anonymous_1)
FN:7,defineProperties
FN:7,(anonymous_3)
FN:13,_interopRequireDefault
FN:15,_classCallCheck
FN:17,(anonymous_6)
FN:20,PrayerLettersService
FN:32,load
FN:41,(anonymous_9)
FN:44,(anonymous_10)
FN:50,sync
FN:55,disconnect
FN:58,(anonymous_13)
FNF:13
FNH:10
FNDA:1,(anonymous_1)
FNDA:1,defineProperties
FNDA:1,(anonymous_3)
FNDA:1,_interopRequireDefault
FNDA:4,_classCallCheck
FNDA:1,(anonymous_6)
FNDA:4,PrayerLettersService
FNDA:0,load
FNDA:0,(anonymous_9)
FNDA:0,(anonymous_10)
FNDA:0,sync
FNDA:0,disconnect
FNDA:0,(anonymous_13)
DA:0,4
DA:1,1
DA:6,1
DA:9,4
DA:10,4
DA:11,4
DA:12,4
DA:13,4
DA:14,4
DA:16,0
DA:17,0
DA:18,0
DA:20,0
DA:21,0
DA:22,0
DA:23,0
DA:25,0
DA:29,0
DA:31,0
DA:32,0
DA:33,0
DA:34,0
LF:22
LH:9
BRDA:7,1,0,3
BRDA:7,1,1,3
BRDA:7,2,0,3
BRDA:7,2,1,0
BRDA:7,3,0,1
BRDA:7,3,1,0
BRDA:7,4,0,0
BRDA:7,4,1,1
BRDA:13,5,0,1
BRDA:13,5,1,0
BRDA:13,6,0,1
BRDA:13,6,1,1
BRDA:15,7,0,0
BRDA:15,7,1,4
BRDA:35,8,0,0
BRDA:35,8,1,0
BRDA:35,9,0,0
BRDA:35,9,1,0
BRDA:37,10,0,0
BRDA:37,10,1,0
BRDA:37,11,0,0
BRDA:37,11,1,0
BRF:22
BRH:14
end_of_record
TN:
SF:D:\Documents\Development\cru\mpdx_web\src\setup\preferences\integrations\integrations.component.js
FN:7,(anonymous_1)
FN:7,defineProperties
FN:7,(anonymous_3)
FN:21,_interopRequireDefault
FN:23,_classCallCheck
FN:25,(anonymous_6)
FN:28,IntegrationsController
FN:39,$onInit
FN:46,onSave
FN:51,next
FN:57,(anonymous_11)
FNF:11
FNH:11
FNDA:1,(anonymous_1)
FNDA:1,defineProperties
FNDA:1,(anonymous_3)
FNDA:3,_interopRequireDefault
FNDA:6,_classCallCheck
FNDA:1,(anonymous_6)
FNDA:6,IntegrationsController
FNDA:4,$onInit
FNDA:1,onSave
FNDA:2,next
FNDA:1,(anonymous_11)
DA:0,6
DA:1,1
DA:5,1
DA:7,6
DA:8,6
DA:9,6
DA:11,6
DA:14,4
DA:15,4
DA:16,4
DA:19,1
DA:21,2
DA:22,2
DA:23,2
DA:24,1
DA:25,1
DA:26,1
DA:29,1
DA:34,1
DA:39,1
DA:40,1
LF:21
LH:21
BRDA:7,1,0,3
BRDA:7,1,1,3
BRDA:7,2,0,3
BRDA:7,2,1,0
BRDA:7,3,0,1
BRDA:7,3,1,0
BRDA:7,4,0,0
BRDA:7,4,1,1
BRDA:21,5,0,2
BRDA:21,5,1,1
BRDA:21,6,0,3
BRDA:21,6,1,3
BRDA:23,7,0,0
BRDA:23,7,1,6
BRDA:55,8,0,1
BRDA:55,8,1,1
BRF:16
BRH:16
end_of_record
TN:
SF:D:\Documents\Development\cru\mpdx_web\src\tasks\modals\add\add.controller.js
FN:7,(anonymous_1)
FN:7,defineProperties
FN:7,(anonymous_3)
FN:33,_interopRequireDefault
FN:35,_classCallCheck
FN:37,(anonymous_6)
FN:40,AddTaskController
FN:63,activate
FN:66,(anonymous_9)
FN:67,(anonymous_10)
FN:75,addContact
FN:80,setContact
FN:89,save
FN:95,(anonymous_14)
FNF:14
FNH:14
FNDA:1,(anonymous_1)
FNDA:1,defineProperties
FNDA:1,(anonymous_3)
FNDA:6,_interopRequireDefault
FNDA:13,_classCallCheck
FNDA:1,(anonymous_6)
FNDA:13,AddTaskController
FNDA:14,activate
FNDA:4,(anonymous_9)
FNDA:4,(anonymous_10)
FNDA:1,addContact
FNDA:4,setContact
FNDA:1,save
FNDA:1,(anonymous_14)
DA:0,13
DA:1,1
DA:2,1
DA:3,1
DA:8,1
DA:12,13
DA:13,13
DA:14,13
DA:15,13
DA:16,13
DA:17,13
DA:18,13
DA:20,13
DA:21,13
DA:22,1
DA:24,13
DA:25,13
DA:26,13
DA:28,13
DA:30,14
DA:31,14
DA:32,4
DA:33,4
DA:34,4
DA:39,1
DA:42,4
DA:43,1
DA:45,3
DA:46,3
DA:48,1
DA:49,1
DA:50,0
DA:52,1
DA:57,1
DA:62,1
DA:63,1
DA:64,1
LF:37
LH:36
BRDA:7,1,0,4
BRDA:7,1,1,4
BRDA:7,2,0,4
BRDA:7,2,1,0
BRDA:7,3,0,1
BRDA:7,3,1,0
BRDA:7,4,0,0
BRDA:7,4,1,1
BRDA:33,5,0,3
BRDA:33,5,1,3
BRDA:33,6,0,6
BRDA:33,6,1,6
BRDA:35,7,0,0
BRDA:35,7,1,13
BRDA:51,8,0,1
BRDA:51,8,1,12
BRDA:81,9,0,1
BRDA:81,9,1,3
BRDA:92,10,0,0
BRDA:92,10,1,1
BRF:20
BRH:19
end_of_record
TN:
SF:D:\Documents\Development\cru\mpdx_web\src\tasks\modals\log\log.controller.js
FN:7,(anonymous_1)
FN:7,defineProperties
FN:7,(anonymous_3)
FN:37,_interopRequireDefault
FN:39,_classCallCheck
FN:41,(anonymous_6)
FN:44,LogTaskController
FN:68,activate
FN:71,(anonymous_9)
FN:72,(anonymous_10)
FN:80,addContact
FN:85,setContact
FN:94,save
FN:103,(anonymous_14)
FN:112,showPartnerStatus
FNF:15
FNH:14
FNDA:1,(anonymous_1)
FNDA:1,defineProperties
FNDA:1,(anonymous_3)
FNDA:7,_interopRequireDefault
FNDA:16,_classCallCheck
FNDA:1,(anonymous_6)
FNDA:16,LogTaskController
FNDA:17,activate
FNDA:2,(anonymous_9)
FNDA:2,(anonymous_10)
FNDA:1,addContact
FNDA:4,setContact
FNDA:2,save
FNDA:0,(anonymous_14)
FNDA:9,showPartnerStatus
DA:0,16
DA:1,1
DA:2,1
DA:3,1
DA:4,1
DA:11,1
DA:15,16
DA:16,16
DA:17,16
DA:18,16
DA:19,16
DA:20,16
DA:21,16
DA:22,16
DA:23,16
DA:25,16
DA:26,16
DA:27,1
DA:29,16
DA:30,16
DA:32,16
DA:34,17
DA:35,17
DA:36,2
DA:37,2
DA:38,2
DA:43,1
DA:46,4
DA:47,1
DA:49,3
DA:50,3
DA:52,2
DA:53,2
DA:54,1
DA:56,2
DA:61,2
DA:62,0
DA:63,0
DA:64,0
DA:69,9
DA:73,1
DA:74,1
DA:75,1
LF:43
LH:40
BRDA:7,1,0,5
BRDA:7,1,1,5
BRDA:7,2,0,5
BRDA:7,2,1,0
BRDA:7,3,0,1
BRDA:7,3,1,0
BRDA:7,4,0,0
BRDA:7,4,1,1
BRDA:37,5,0,3
BRDA:37,5,1,4
BRDA:37,6,0,7
BRDA:37,6,1,7
BRDA:39,7,0,0
BRDA:39,7,1,16
BRDA:57,8,0,1
BRDA:57,8,1,15
BRDA:86,9,0,1
BRDA:86,9,1,3
BRDA:97,10,0,0
BRDA:97,10,1,2
BRDA:97,11,0,2
BRDA:97,11,1,0
BRDA:99,12,0,1
BRDA:99,12,1,1
BRDA:99,13,0,2
BRDA:99,13,1,1
BRDA:105,14,0,0
BRDA:105,14,1,0
BRDA:113,15,0,9
BRDA:113,15,1,8
BRDA:113,15,2,7
BRF:31
BRH:27
end_of_record
